Loading plugins phase: Elapsed time ==> 1s.541ms
Initializing data phase: Elapsed time ==> 0s.000ms
<CYPRESSTAG name="CyDsfit arguments...">
cydsfit arguments: -.fdsnotice -.fdswarpdepfile=warp_dependencies.txt -.fdselabdepfile=elab_dependencies.txt -.fdsbldfile=generated_files.txt -p C:\Users\Sam\OneDrive\Github\PSoC-4-Compass-Sensor\PSoC 4 Compass Modbus Slave.cydsn\PSoC 4 Compass Modbus Slave.cyprj -d CY8C4245AXI-483 -s C:\Users\Sam\OneDrive\Github\PSoC-4-Compass-Sensor\PSoC 4 Compass Modbus Slave.cydsn\Generated_Source\PSoC4 -- -yv2 -q10 -ygs -o2 -v3 -.fftcfgtype=LE</CYPRESSTAG>
<CYPRESSTAG name="Design elaboration results...">
</CYPRESSTAG>
Elaboration phase: Elapsed time ==> 13s.551ms
<CYPRESSTAG name="HDL generation results...">
</CYPRESSTAG>
HDL generation phase: Elapsed time ==> 0s.306ms
<CYPRESSTAG name="Synthesis results...">

     | | | | | | |
   _________________
  -|               |-
  -|               |-
  -|               |-
  -|    CYPRESS    |-
  -|               |-
  -|               |-   Warp Verilog Synthesis Compiler: Version 6.3 IR 41
  -|               |-   Copyright (C) 1991-2001 Cypress Semiconductor
   |_______________|
     | | | | | | |

======================================================================
Compiling:  PSoC 4 Compass Modbus Slave.v
Program  :   C:\Program Files (x86)\Cypress\PSoC Creator\3.1\PSoC Creator\warp\bin/warp.exe
Options  :    -yv2 -q10 -ygs -o2 -v3 -.fftcfgtype=LE -ya -.fftprj=C:\Users\Sam\OneDrive\Github\PSoC-4-Compass-Sensor\PSoC 4 Compass Modbus Slave.cydsn\PSoC 4 Compass Modbus Slave.cyprj -dcpsoc3 PSoC 4 Compass Modbus Slave.v -verilog
======================================================================

======================================================================
Compiling:  PSoC 4 Compass Modbus Slave.v
Program  :   C:\Program Files (x86)\Cypress\PSoC Creator\3.1\PSoC Creator\warp\bin/warp.exe
Options  :    -yv2 -q10 -ygs -o2 -v3 -.fftcfgtype=LE -ya -.fftprj=C:\Users\Sam\OneDrive\Github\PSoC-4-Compass-Sensor\PSoC 4 Compass Modbus Slave.cydsn\PSoC 4 Compass Modbus Slave.cyprj -dcpsoc3 PSoC 4 Compass Modbus Slave.v -verilog
======================================================================

======================================================================
Compiling:  PSoC 4 Compass Modbus Slave.v
Program  :   vlogfe
Options  :    -yv2 -q10 -ygs -o2 -v3 -.fftcfgtype=LE -ya -.fftprj=C:\Users\Sam\OneDrive\Github\PSoC-4-Compass-Sensor\PSoC 4 Compass Modbus Slave.cydsn\PSoC 4 Compass Modbus Slave.cyprj -dcpsoc3 -verilog PSoC 4 Compass Modbus Slave.v
======================================================================

vlogfe V6.3 IR 41:  Verilog parser
Sat Mar 07 14:40:59 2015


======================================================================
Compiling:  PSoC 4 Compass Modbus Slave.v
Program  :   vpp
Options  :    -yv2 -q10 PSoC 4 Compass Modbus Slave.v
======================================================================

vpp V6.3 IR 41:  Verilog Pre-Processor
Sat Mar 07 14:40:59 2015

Flattening file 'C:\Program Files (x86)\Cypress\PSoC Creator\3.1\PSoC Creator\warp\..\psoc\content\cyprimitives\CyPrimitives.cylib\ZeroTerminal\ZeroTerminal.v'
Flattening file 'C:\Program Files (x86)\Cypress\PSoC Creator\3.1\PSoC Creator\warp\..\psoc\content\cyprimitives\CyPrimitives.cylib\cy_virtualmux_v1_0\cy_virtualmux_v1_0.v'
Flattening file 'C:\Program Files (x86)\Cypress\PSoC Creator\3.1\PSoC Creator\warp\..\psoc\content\cyprimitives\CyPrimitives.cylib\or_v1_0\or_v1_0.v'
Flattening file 'C:\Program Files (x86)\Cypress\PSoC Creator\3.1\PSoC Creator\warp\..\psoc\content\cycomponentlibrary\CyComponentLibrary.cylib\B_Timer_v2_70\B_Timer_v2_70.v'
Flattening file 'C:\Program Files (x86)\Cypress\PSoC Creator\3.1\PSoC Creator\warp\lib\common\cypress.v'
Flattening file 'C:\Program Files (x86)\Cypress\PSoC Creator\3.1\PSoC Creator\warp\lib\common\cy_psoc3_inc.v'

vpp:  No errors.

Library 'work' => directory 'lcpsoc3'
General_symbol_table
General_symbol_table
Linking 'C:\Program Files (x86)\Cypress\PSoC Creator\3.1\PSoC Creator\warp\lib\common\std.vhd'.
Linking 'C:\Program Files (x86)\Cypress\PSoC Creator\3.1\PSoC Creator\warp\lib\common\cypress.vhd'.
Linking 'C:\Program Files (x86)\Cypress\PSoC Creator\3.1\PSoC Creator\warp\lib\common\work\cypress.vif'.
Linking 'C:\Program Files (x86)\Cypress\PSoC Creator\3.1\PSoC Creator\warp\lib\ieee\work\stdlogic.vif'.
Linking 'C:\Program Files (x86)\Cypress\PSoC Creator\3.1\PSoC Creator\warp\lib\common\stdlogic\lpmpkg.vif'.
Linking 'C:\Program Files (x86)\Cypress\PSoC Creator\3.1\PSoC Creator\warp\lib\common\stdlogic\rtlpkg.vif'.
Linking 'C:\Program Files (x86)\Cypress\PSoC Creator\3.1\PSoC Creator\warp\lib\common\stdlogic\mod_cnst.vif'.
Linking 'C:\Program Files (x86)\Cypress\PSoC Creator\3.1\PSoC Creator\warp\lib\common\stdlogic\mod_mthv.vif'.
Linking 'C:\Program Files (x86)\Cypress\PSoC Creator\3.1\PSoC Creator\warp\lib\common\stdlogic\mod_genv.vif'.
Using control file 'PSoC 4 Compass Modbus Slave.ctl'.
C:\Program Files (x86)\Cypress\PSoC Creator\3.1\PSoC Creator\warp\..\psoc\content\cycomponentlibrary\CyComponentLibrary.cylib\B_Timer_v2_70\B_Timer_v2_70.v (line 368, col 46):  Note: Substituting module 'cmp_vv_vv' for '='.
C:\Program Files (x86)\Cypress\PSoC Creator\3.1\PSoC Creator\warp\..\psoc\content\cycomponentlibrary\CyComponentLibrary.cylib\B_Timer_v2_70\B_Timer_v2_70.v (line 374, col 62):  Note: Substituting module 'add_vv_vv' for '+'.
Linking 'C:\Program Files (x86)\Cypress\PSoC Creator\3.1\PSoC Creator\warp\lib\common\stdlogic\cy_psoc3pkg.vif'.
Linking 'C:\Program Files (x86)\Cypress\PSoC Creator\3.1\PSoC Creator\warp\lib\common\stdlogic\cy_psoc3.vif'.

vlogfe:  No errors.


======================================================================
Compiling:  PSoC 4 Compass Modbus Slave.v
Program  :   tovif
Options  :    -yv2 -q10 -ygs -o2 -v3 -.fftcfgtype=LE -ya -.fftprj=C:\Users\Sam\OneDrive\Github\PSoC-4-Compass-Sensor\PSoC 4 Compass Modbus Slave.cydsn\PSoC 4 Compass Modbus Slave.cyprj -dcpsoc3 -verilog PSoC 4 Compass Modbus Slave.v
======================================================================

tovif V6.3 IR 41:  High-level synthesis
Sat Mar 07 14:41:01 2015

Linking 'C:\Program Files (x86)\Cypress\PSoC Creator\3.1\PSoC Creator\warp\lib\common\std.vhd'.
Linking 'C:\Program Files (x86)\Cypress\PSoC Creator\3.1\PSoC Creator\warp\lib\common\cypress.vhd'.
Linking 'C:\Program Files (x86)\Cypress\PSoC Creator\3.1\PSoC Creator\warp\lib\common\work\cypress.vif'.
Linking 'C:\Program Files (x86)\Cypress\PSoC Creator\3.1\PSoC Creator\warp\lib\ieee\work\stdlogic.vif'.
Linking 'C:\Program Files (x86)\Cypress\PSoC Creator\3.1\PSoC Creator\warp\lib\common\stdlogic\lpmpkg.vif'.
Linking 'C:\Program Files (x86)\Cypress\PSoC Creator\3.1\PSoC Creator\warp\lib\common\stdlogic\rtlpkg.vif'.
Linking 'C:\Program Files (x86)\Cypress\PSoC Creator\3.1\PSoC Creator\warp\lib\common\stdlogic\mod_cnst.vif'.
Linking 'C:\Program Files (x86)\Cypress\PSoC Creator\3.1\PSoC Creator\warp\lib\common\stdlogic\mod_mthv.vif'.
Linking 'C:\Program Files (x86)\Cypress\PSoC Creator\3.1\PSoC Creator\warp\lib\common\stdlogic\mod_genv.vif'.
Linking 'C:\Users\Sam\OneDrive\Github\PSoC-4-Compass-Sensor\PSoC 4 Compass Modbus Slave.cydsn\codegentemp\PSoC 4 Compass Modbus Slave.ctl'.
Linking 'C:\Program Files (x86)\Cypress\PSoC Creator\3.1\PSoC Creator\psoc\content\cyprimitives\CyPrimitives.cylib\ZeroTerminal\ZeroTerminal.v'.
Linking 'C:\Users\Sam\OneDrive\Github\PSoC-4-Compass-Sensor\PSoC 4 Compass Modbus Slave.cydsn\codegentemp\PSoC 4 Compass Modbus Slave.v'.
Linking 'C:\Program Files (x86)\Cypress\PSoC Creator\3.1\PSoC Creator\psoc\content\cyprimitives\CyPrimitives.cylib\cy_virtualmux_v1_0\cy_virtualmux_v1_0.v'.
Linking 'C:\Program Files (x86)\Cypress\PSoC Creator\3.1\PSoC Creator\psoc\content\cyprimitives\CyPrimitives.cylib\or_v1_0\or_v1_0.v'.
Linking 'C:\Program Files (x86)\Cypress\PSoC Creator\3.1\PSoC Creator\psoc\content\cycomponentlibrary\CyComponentLibrary.cylib\B_Timer_v2_70\B_Timer_v2_70.v'.
Linking 'C:\Program Files (x86)\Cypress\PSoC Creator\3.1\PSoC Creator\warp\lib\common\cypress.v'.
Linking 'C:\Program Files (x86)\Cypress\PSoC Creator\3.1\PSoC Creator\warp\lib\common\cy_psoc3_inc.v'.
Linking 'C:\Program Files (x86)\Cypress\PSoC Creator\3.1\PSoC Creator\warp\lib\common\stdlogic\cy_psoc3pkg.vif'.
Linking 'C:\Program Files (x86)\Cypress\PSoC Creator\3.1\PSoC Creator\warp\lib\common\stdlogic\cy_psoc3.vif'.

tovif:  No errors.


======================================================================
Compiling:  PSoC 4 Compass Modbus Slave.v
Program  :   topld
Options  :    -yv2 -q10 -ygs -o2 -v3 -.fftcfgtype=LE -ya -.fftprj=C:\Users\Sam\OneDrive\Github\PSoC-4-Compass-Sensor\PSoC 4 Compass Modbus Slave.cydsn\PSoC 4 Compass Modbus Slave.cyprj -dcpsoc3 -verilog PSoC 4 Compass Modbus Slave.v
======================================================================

topld V6.3 IR 41:  Synthesis and optimization
Sat Mar 07 14:41:03 2015

Linking 'C:\Program Files (x86)\Cypress\PSoC Creator\3.1\PSoC Creator\warp\lib\common\std.vhd'.
Linking 'C:\Program Files (x86)\Cypress\PSoC Creator\3.1\PSoC Creator\warp\lib\common\cypress.vhd'.
Linking 'C:\Program Files (x86)\Cypress\PSoC Creator\3.1\PSoC Creator\warp\lib\common\work\cypress.vif'.
Linking 'C:\Program Files (x86)\Cypress\PSoC Creator\3.1\PSoC Creator\warp\lib\ieee\work\stdlogic.vif'.
Linking 'C:\Program Files (x86)\Cypress\PSoC Creator\3.1\PSoC Creator\warp\lib\common\stdlogic\lpmpkg.vif'.
Linking 'C:\Program Files (x86)\Cypress\PSoC Creator\3.1\PSoC Creator\warp\lib\common\stdlogic\rtlpkg.vif'.
Linking 'C:\Program Files (x86)\Cypress\PSoC Creator\3.1\PSoC Creator\warp\lib\common\stdlogic\mod_cnst.vif'.
Linking 'C:\Program Files (x86)\Cypress\PSoC Creator\3.1\PSoC Creator\warp\lib\common\stdlogic\mod_mthv.vif'.
Linking 'C:\Program Files (x86)\Cypress\PSoC Creator\3.1\PSoC Creator\warp\lib\common\stdlogic\mod_genv.vif'.
Linking 'C:\Users\Sam\OneDrive\Github\PSoC-4-Compass-Sensor\PSoC 4 Compass Modbus Slave.cydsn\codegentemp\PSoC 4 Compass Modbus Slave.ctl'.
Linking 'C:\Program Files (x86)\Cypress\PSoC Creator\3.1\PSoC Creator\psoc\content\cyprimitives\CyPrimitives.cylib\ZeroTerminal\ZeroTerminal.v'.
Linking 'C:\Users\Sam\OneDrive\Github\PSoC-4-Compass-Sensor\PSoC 4 Compass Modbus Slave.cydsn\codegentemp\PSoC 4 Compass Modbus Slave.v'.
Linking 'C:\Program Files (x86)\Cypress\PSoC Creator\3.1\PSoC Creator\psoc\content\cyprimitives\CyPrimitives.cylib\cy_virtualmux_v1_0\cy_virtualmux_v1_0.v'.
Linking 'C:\Program Files (x86)\Cypress\PSoC Creator\3.1\PSoC Creator\psoc\content\cyprimitives\CyPrimitives.cylib\or_v1_0\or_v1_0.v'.
Linking 'C:\Program Files (x86)\Cypress\PSoC Creator\3.1\PSoC Creator\psoc\content\cycomponentlibrary\CyComponentLibrary.cylib\B_Timer_v2_70\B_Timer_v2_70.v'.
Linking 'C:\Program Files (x86)\Cypress\PSoC Creator\3.1\PSoC Creator\warp\lib\common\cypress.v'.
Linking 'C:\Program Files (x86)\Cypress\PSoC Creator\3.1\PSoC Creator\warp\lib\common\cy_psoc3_inc.v'.
Linking 'C:\Program Files (x86)\Cypress\PSoC Creator\3.1\PSoC Creator\warp\lib\common\stdlogic\cy_psoc3pkg.vif'.
Linking 'C:\Program Files (x86)\Cypress\PSoC Creator\3.1\PSoC Creator\warp\lib\common\stdlogic\cy_psoc3.vif'.
Linking 'C:\Program Files (x86)\Cypress\PSoC Creator\3.1\PSoC Creator\warp\lib\lcpsoc3\stdlogic\cpsoc3.vif'.

----------------------------------------------------------
Detecting unused logic.
----------------------------------------------------------
    User names
	\ModbusUART:Net_452\
	\ModbusUART:Net_682\
	\ModbusUART:uncfg_rx_irq\
	\ModbusUART:Net_754\
	\ModbusUART:Net_767\
	\ModbusUART:Net_547\
	\ModbusUART:Net_891\
	\ModbusUART:Net_474\
	\ModbusUART:Net_899\
	\SpeedTimer:TimerUDB:ctrl_ten\
	\SpeedTimer:TimerUDB:ctrl_cmode_0\
	\SpeedTimer:TimerUDB:ctrl_tmode_1\
	\SpeedTimer:TimerUDB:ctrl_tmode_0\
	\SpeedTimer:TimerUDB:ctrl_ic_1\
	\SpeedTimer:TimerUDB:ctrl_ic_0\
	Net_1645
	Net_1644
	\I2C_MASTER:Net_682\
	\I2C_MASTER:uncfg_rx_irq\
	\I2C_MASTER:Net_754\
	\I2C_MASTER:Net_767\
	\I2C_MASTER:Net_547\
	\I2C_MASTER:Net_891\
	\I2C_MASTER:Net_474\
	\I2C_MASTER:Net_899\


Deleted 25 User equations/components.
Deleted 0 Synthesized equations/components.

------------------------------------------------------
Alias Detection
------------------------------------------------------
Aliasing \ModbusUART:Net_676\ to \ModbusUART:Net_459\
Aliasing \ModbusUART:Net_245\ to \ModbusUART:Net_459\
Aliasing \ModbusUART:Net_416\ to \ModbusUART:Net_459\
Aliasing zero to \ModbusUART:Net_459\
Aliasing one to \ModbusUART:tmpOE__tx_net_0\
Aliasing \ModbusUART:tmpOE__rx_net_0\ to \ModbusUART:tmpOE__tx_net_0\
Aliasing \ModbusUART:Net_747\ to \ModbusUART:Net_459\
Aliasing tmpOE__TX_LED_net_0 to \ModbusUART:tmpOE__tx_net_0\
Aliasing tmpOE__RX_LED_net_0 to \ModbusUART:tmpOE__tx_net_0\
Aliasing tmpOE__TimerPin_net_0 to \ModbusUART:tmpOE__tx_net_0\
Aliasing tmpOE__P0_2_LED_net_0 to \ModbusUART:tmpOE__tx_net_0\
Aliasing tmpOE__writeEnable_net_0 to \ModbusUART:tmpOE__tx_net_0\
Aliasing \MessageTimer:Net_75\ to \ModbusUART:Net_459\
Aliasing \MessageTimer:Net_69\ to \ModbusUART:tmpOE__tx_net_0\
Aliasing \MessageTimer:Net_66\ to \ModbusUART:Net_459\
Aliasing \MessageTimer:Net_82\ to \ModbusUART:Net_459\
Aliasing \MessageTimer:Net_72\ to \ModbusUART:Net_459\
Aliasing Net_12 to \ModbusUART:Net_459\
Aliasing \SpeedTimer:TimerUDB:ctrl_cmode_1\ to \ModbusUART:Net_459\
Aliasing \SpeedTimer:TimerUDB:trigger_enable\ to \ModbusUART:tmpOE__tx_net_0\
Aliasing \SpeedTimer:TimerUDB:status_6\ to \ModbusUART:Net_459\
Aliasing \SpeedTimer:TimerUDB:status_5\ to \ModbusUART:Net_459\
Aliasing \SpeedTimer:TimerUDB:status_4\ to \ModbusUART:Net_459\
Aliasing \SpeedTimer:TimerUDB:status_0\ to \SpeedTimer:TimerUDB:tc_i\
Aliasing \I2C_MASTER:Net_459\ to \ModbusUART:Net_459\
Aliasing \I2C_MASTER:Net_452\ to \ModbusUART:Net_459\
Aliasing \I2C_MASTER:Net_676\ to \ModbusUART:Net_459\
Aliasing \I2C_MASTER:Net_245\ to \ModbusUART:Net_459\
Aliasing \I2C_MASTER:Net_416\ to \ModbusUART:Net_459\
Aliasing \I2C_MASTER:tmpOE__sda_net_0\ to \ModbusUART:tmpOE__tx_net_0\
Aliasing \I2C_MASTER:tmpOE__scl_net_0\ to \ModbusUART:tmpOE__tx_net_0\
Aliasing \I2C_MASTER:Net_747\ to \ModbusUART:Net_459\
Aliasing \SpeedTimer:TimerUDB:capture_last\\D\ to \ModbusUART:Net_459\
Aliasing \SpeedTimer:TimerUDB:hwEnable_reg\\D\ to \SpeedTimer:TimerUDB:run_mode\
Aliasing \SpeedTimer:TimerUDB:capture_out_reg_i\\D\ to \SpeedTimer:TimerUDB:capt_fifo_load_int\
Removing Lhs of wire \ModbusUART:Net_652\[3] = \ModbusUART:Net_459\[2]
Removing Lhs of wire \ModbusUART:Net_676\[5] = \ModbusUART:Net_459\[2]
Removing Lhs of wire \ModbusUART:Net_245\[6] = \ModbusUART:Net_459\[2]
Removing Lhs of wire \ModbusUART:Net_416\[7] = \ModbusUART:Net_459\[2]
Removing Rhs of wire \ModbusUART:Net_654\[8] = \ModbusUART:Net_379\[9]
Removing Lhs of wire \ModbusUART:SCBclock\[12] = \ModbusUART:Net_847\[1]
Removing Lhs of wire \ModbusUART:Net_653\[13] = \ModbusUART:Net_459\[2]
Removing Lhs of wire \ModbusUART:Net_909\[14] = \ModbusUART:Net_459\[2]
Removing Lhs of wire \ModbusUART:Net_663\[15] = \ModbusUART:Net_459\[2]
Removing Rhs of wire zero[22] = \ModbusUART:Net_459\[2]
Removing Rhs of wire one[23] = \ModbusUART:tmpOE__tx_net_0\[17]
Removing Lhs of wire \ModbusUART:tmpOE__rx_net_0\[28] = one[23]
Removing Lhs of wire \ModbusUART:Net_739\[32] = zero[22]
Removing Lhs of wire \ModbusUART:Net_747\[33] = zero[22]
Removing Lhs of wire tmpOE__TX_LED_net_0[58] = one[23]
Removing Lhs of wire tmpOE__RX_LED_net_0[64] = one[23]
Removing Lhs of wire tmpOE__TimerPin_net_0[78] = one[23]
Removing Lhs of wire tmpOE__P0_2_LED_net_0[86] = one[23]
Removing Lhs of wire tmpOE__writeEnable_net_0[95] = one[23]
Removing Lhs of wire \MessageTimer:Net_81\[101] = Net_182[112]
Removing Lhs of wire \MessageTimer:Net_75\[102] = zero[22]
Removing Lhs of wire \MessageTimer:Net_69\[103] = one[23]
Removing Lhs of wire \MessageTimer:Net_66\[104] = zero[22]
Removing Lhs of wire \MessageTimer:Net_82\[105] = zero[22]
Removing Lhs of wire \MessageTimer:Net_72\[106] = zero[22]
Removing Lhs of wire Net_12[116] = zero[22]
Removing Lhs of wire \SpeedTimer:TimerUDB:ctrl_enable\[130] = \SpeedTimer:TimerUDB:control_7\[122]
Removing Lhs of wire \SpeedTimer:TimerUDB:ctrl_cmode_1\[132] = zero[22]
Removing Rhs of wire \SpeedTimer:TimerUDB:timer_enable\[141] = \SpeedTimer:TimerUDB:runmode_enable\[154]
Removing Rhs of wire \SpeedTimer:TimerUDB:run_mode\[142] = \SpeedTimer:TimerUDB:hwEnable\[143]
Removing Lhs of wire \SpeedTimer:TimerUDB:run_mode\[142] = \SpeedTimer:TimerUDB:control_7\[122]
Removing Lhs of wire \SpeedTimer:TimerUDB:trigger_enable\[145] = one[23]
Removing Lhs of wire \SpeedTimer:TimerUDB:tc_i\[147] = \SpeedTimer:TimerUDB:status_tc\[144]
Removing Lhs of wire \SpeedTimer:TimerUDB:capt_fifo_load_int\[153] = \SpeedTimer:TimerUDB:capt_fifo_load\[140]
Removing Lhs of wire \SpeedTimer:TimerUDB:status_6\[156] = zero[22]
Removing Lhs of wire \SpeedTimer:TimerUDB:status_5\[157] = zero[22]
Removing Lhs of wire \SpeedTimer:TimerUDB:status_4\[158] = zero[22]
Removing Lhs of wire \SpeedTimer:TimerUDB:status_0\[159] = \SpeedTimer:TimerUDB:status_tc\[144]
Removing Lhs of wire \SpeedTimer:TimerUDB:status_1\[160] = \SpeedTimer:TimerUDB:capt_fifo_load\[140]
Removing Rhs of wire \SpeedTimer:TimerUDB:status_2\[161] = \SpeedTimer:TimerUDB:fifo_full\[162]
Removing Rhs of wire \SpeedTimer:TimerUDB:status_3\[163] = \SpeedTimer:TimerUDB:fifo_nempty\[164]
Removing Lhs of wire \SpeedTimer:TimerUDB:cs_addr_2\[167] = zero[22]
Removing Lhs of wire \SpeedTimer:TimerUDB:cs_addr_1\[168] = \SpeedTimer:TimerUDB:trig_reg\[155]
Removing Lhs of wire \SpeedTimer:TimerUDB:cs_addr_0\[169] = \SpeedTimer:TimerUDB:per_zero\[146]
Removing Lhs of wire \I2C_MASTER:Net_459\[203] = zero[22]
Removing Lhs of wire \I2C_MASTER:Net_652\[204] = zero[22]
Removing Lhs of wire \I2C_MASTER:Net_452\[205] = zero[22]
Removing Lhs of wire \I2C_MASTER:Net_676\[206] = zero[22]
Removing Lhs of wire \I2C_MASTER:Net_245\[207] = zero[22]
Removing Lhs of wire \I2C_MASTER:Net_416\[208] = zero[22]
Removing Lhs of wire \I2C_MASTER:Net_654\[209] = zero[22]
Removing Lhs of wire \I2C_MASTER:SCBclock\[212] = \I2C_MASTER:Net_847\[202]
Removing Lhs of wire \I2C_MASTER:Net_653\[213] = zero[22]
Removing Lhs of wire \I2C_MASTER:Net_909\[214] = zero[22]
Removing Lhs of wire \I2C_MASTER:Net_663\[215] = zero[22]
Removing Lhs of wire \I2C_MASTER:tmpOE__sda_net_0\[217] = one[23]
Removing Lhs of wire \I2C_MASTER:tmpOE__scl_net_0\[223] = one[23]
Removing Lhs of wire \I2C_MASTER:Net_739\[232] = zero[22]
Removing Lhs of wire \I2C_MASTER:Net_747\[233] = zero[22]
Removing Lhs of wire \SpeedTimer:TimerUDB:capture_last\\D\[255] = zero[22]
Removing Lhs of wire \SpeedTimer:TimerUDB:tc_reg_i\\D\[256] = \SpeedTimer:TimerUDB:status_tc\[144]
Removing Lhs of wire \SpeedTimer:TimerUDB:hwEnable_reg\\D\[257] = \SpeedTimer:TimerUDB:control_7\[122]
Removing Lhs of wire \SpeedTimer:TimerUDB:capture_out_reg_i\\D\[258] = \SpeedTimer:TimerUDB:capt_fifo_load\[140]

------------------------------------------------------
Aliased 0 equations, 63 wires.
------------------------------------------------------

----------------------------------------------------------
Circuit simplification
----------------------------------------------------------

Substituting virtuals - pass 1:

Note:  Expanding virtual equation for 'one' (cost = 0):
one <=  ('1') ;

Note:  Expanding virtual equation for 'zero' (cost = 0):
zero <=  ('0') ;

Note:  Expanding virtual equation for '\SpeedTimer:TimerUDB:fifo_load_polarized\' (cost = 0):
\SpeedTimer:TimerUDB:fifo_load_polarized\ <=  ('0') ;

Note:  Expanding virtual equation for '\SpeedTimer:TimerUDB:timer_enable\' (cost = 0):
\SpeedTimer:TimerUDB:timer_enable\ <= (\SpeedTimer:TimerUDB:control_7\);


Substituting virtuals - pass 2:


----------------------------------------------------------
Circuit simplification results:

	Expanded 4 signals.
	Turned 0 signals into soft nodes.
	Maximum default expansion cost was set at 3.
----------------------------------------------------------

------------------------------------------------------
Alias Detection
------------------------------------------------------
Aliasing \SpeedTimer:TimerUDB:capt_fifo_load\ to zero
Removing Lhs of wire \SpeedTimer:TimerUDB:capt_fifo_load\[140] = zero[22]
Removing Lhs of wire \SpeedTimer:TimerUDB:trig_reg\[155] = \SpeedTimer:TimerUDB:control_7\[122]

------------------------------------------------------
Aliased 0 equations, 2 wires.
------------------------------------------------------

----------------------------------------------------------
Circuit simplification
----------------------------------------------------------

Eliminating unused logic - pass 1:


Eliminating unused logic - pass 2:


Substituting virtuals - pass 1:


----------------------------------------------------------
Circuit simplification results:

	Expanded 0 signals.
	Turned 0 signals into soft nodes.
	Maximum default expansion cost was set at 3.
----------------------------------------------------------

topld:  No errors.

CYPRESS_DIR    : C:\Program Files (x86)\Cypress\PSoC Creator\3.1\PSoC Creator\warp
Warp Program   : C:\Program Files (x86)\Cypress\PSoC Creator\3.1\PSoC Creator\warp\bin/warp.exe
Warp Arguments : -yv2 -q10 -ygs -o2 -v3 -.fftcfgtype=LE -ya "-.fftprj=C:\Users\Sam\OneDrive\Github\PSoC-4-Compass-Sensor\PSoC 4 Compass Modbus Slave.cydsn\PSoC 4 Compass Modbus Slave.cyprj" -dcpsoc3 "PSoC 4 Compass Modbus Slave.v" -verilog
</CYPRESSTAG>
Warp synthesis phase: Elapsed time ==> 5s.794ms
<CYPRESSTAG name="Fitter results...">
<CYPRESSTAG name="Fitter startup details...">
cyp3fit: V3.1.0.1570, Family: PSoC3, Started at: Saturday, 07 March 2015 14:41:04
Options: -yv2 -q10 -ygs -o2 -v3 -.fftcfgtype=LE -ya -.fftprj=C:\Users\Sam\OneDrive\Github\PSoC-4-Compass-Sensor\PSoC 4 Compass Modbus Slave.cydsn\PSoC 4 Compass Modbus Slave.cyprj -d CY8C4245AXI-483 PSoC 4 Compass Modbus Slave.v -verilog
</CYPRESSTAG>
<CYPRESSTAG name="Design parsing">
Design parsing phase: Elapsed time ==> 0s.038ms
</CYPRESSTAG>
<CYPRESSTAG name="Tech mapping">
<CYPRESSTAG name="Initial Mapping" icon="FILE_RPT_TECHM">
    Converted constant MacroCell: \SpeedTimer:TimerUDB:capture_last\ from registered to combinatorial
    Converted constant MacroCell: \SpeedTimer:TimerUDB:capture_out_reg_i\ from registered to combinatorial

Removing unused cells resulting from optimization
Done removing unused cells.
<CYPRESSTAG name="Global Clock Selection" icon="FILE_RPT_TECHM">
    Fixed Function Clock 2: Automatic-assigning  clock 'ModbusUART_SCBCLK'. Signal=\ModbusUART:Net_847_ff2\
    Fixed Function Clock 3: Automatic-assigning  clock 'I2C_MASTER_SCBCLK'. Signal=\I2C_MASTER:Net_847_ff3\
    Fixed Function Clock 8: Automatic-assigning  clock 'MessageTimerClock'. Signal=Net_182_ff8
    Digital Clock 0: Automatic-assigning  clock 'timer_clock'. Fanout=2, Signal=Net_10_digital
<CYPRESSTAG name="UDB Clock/Enable Remapping Results">
    UDB Clk/Enable \SpeedTimer:TimerUDB:clock_enable_block\: with output requested to be synchronous
        ClockIn: ClockGenBlock:m0s8clockgenblockcell.gen_clk_out_0 was determined to be a global clock that is synchronous to HFCLK
        EnableIn: Constant 1 was determined to be synchronous to ClockIn
        ClockOut: ClockGenBlock:m0s8clockgenblockcell.gen_clk_out_0, EnableOut: Constant 1
    UDB Clk/Enable \SpeedTimer:TimerUDB:sCTRLReg:SyncCtl:cy_psoc3_udb_Ctl_Clk_Sync\: with output requested to be synchronous
        ClockIn: ClockGenBlock:m0s8clockgenblockcell.gen_clk_out_0 was determined to be a global clock that is synchronous to HFCLK
        EnableIn: Constant 1 was determined to be synchronous to ClockIn
        ClockOut: ClockGenBlock:m0s8clockgenblockcell.gen_clk_out_0, EnableOut: Constant 1
</CYPRESSTAG>
</CYPRESSTAG>

Removing unused cells resulting from optimization
Done removing unused cells.
<CYPRESSTAG name="Duplicate Macrocell detection">
</CYPRESSTAG>
</CYPRESSTAG>
<CYPRESSTAG name="Duplicate Macrocell detection">
</CYPRESSTAG>
<CYPRESSTAG name="Design Equations" icon="FILE_RPT_EQUATION">

------------------------------------------------------------
Design Equations
------------------------------------------------------------
    <CYPRESSTAG name="Pin listing">

    ------------------------------------------------------------
    Pin listing
    ------------------------------------------------------------

    Pin : Name = P0_2_LED(0)
        Attributes:
            In Group/Port: True
            In Sync Option: AUTO
            Out Sync Option: NOSYNC
            Interrupt generated: False
            Interrupt mode: NONE
            Drive mode: CMOS_OUT
            VTrip: EITHER
            Slew: FAST
            Input Sync needed: False
            Output Sync needed: False
            SC shield enabled: False
            POR State: ANY
            LCD Mode: COMMON
            Register Mode: RegComb
            CaSense Mode: NEITHER
            Treat as pin: True
            Is OE Registered: False
            Uses Analog: False
            Can contain Digital: True
            Is SIO: False
            SIO Output Buf: NONREGULATED
            SIO Input Buf: SINGLE_ENDED
            SIO HiFreq: LOW
            SIO Hyst: DISABLED
            SIO Vtrip: MULTIPLIER_0_5
            SIO RefSel: VCC_IO
            Required Capabilitites: DIGITAL
            Initial Value: 0
            IO Voltage: 0
        PORT MAP (
            pa_out => P0_2_LED(0)__PA ,
            pad => P0_2_LED(0)_PAD );
        Properties:
        {
        }

    Pin : Name = RX_LED(0)
        Attributes:
            In Group/Port: True
            In Sync Option: AUTO
            Out Sync Option: NOSYNC
            Interrupt generated: False
            Interrupt mode: NONE
            Drive mode: CMOS_OUT
            VTrip: EITHER
            Slew: FAST
            Input Sync needed: False
            Output Sync needed: False
            SC shield enabled: False
            POR State: ANY
            LCD Mode: COMMON
            Register Mode: RegComb
            CaSense Mode: NEITHER
            Treat as pin: True
            Is OE Registered: False
            Uses Analog: False
            Can contain Digital: True
            Is SIO: False
            SIO Output Buf: NONREGULATED
            SIO Input Buf: SINGLE_ENDED
            SIO HiFreq: LOW
            SIO Hyst: DISABLED
            SIO Vtrip: MULTIPLIER_0_5
            SIO RefSel: VCC_IO
            Required Capabilitites: DIGITAL
            Initial Value: 0
            IO Voltage: 0
        PORT MAP (
            pa_out => RX_LED(0)__PA ,
            pad => RX_LED(0)_PAD );
        Properties:
        {
        }

    Pin : Name = TX_LED(0)
        Attributes:
            In Group/Port: True
            In Sync Option: AUTO
            Out Sync Option: NOSYNC
            Interrupt generated: False
            Interrupt mode: NONE
            Drive mode: CMOS_OUT
            VTrip: EITHER
            Slew: FAST
            Input Sync needed: False
            Output Sync needed: False
            SC shield enabled: False
            POR State: ANY
            LCD Mode: COMMON
            Register Mode: RegComb
            CaSense Mode: NEITHER
            Treat as pin: True
            Is OE Registered: False
            Uses Analog: False
            Can contain Digital: True
            Is SIO: False
            SIO Output Buf: NONREGULATED
            SIO Input Buf: SINGLE_ENDED
            SIO HiFreq: LOW
            SIO Hyst: DISABLED
            SIO Vtrip: MULTIPLIER_0_5
            SIO RefSel: VCC_IO
            Required Capabilitites: DIGITAL
            Initial Value: 0
            IO Voltage: 0
        PORT MAP (
            pa_out => TX_LED(0)__PA ,
            pad => TX_LED(0)_PAD );
        Properties:
        {
        }

    Pin : Name = TimerPin(0)
        Attributes:
            In Group/Port: True
            In Sync Option: AUTO
            Out Sync Option: NOSYNC
            Interrupt generated: False
            Interrupt mode: NONE
            Drive mode: CMOS_OUT
            VTrip: EITHER
            Slew: FAST
            Input Sync needed: False
            Output Sync needed: False
            SC shield enabled: False
            POR State: ANY
            LCD Mode: COMMON
            Register Mode: RegComb
            CaSense Mode: NEITHER
            Treat as pin: True
            Is OE Registered: False
            Uses Analog: False
            Can contain Digital: True
            Is SIO: False
            SIO Output Buf: NONREGULATED
            SIO Input Buf: SINGLE_ENDED
            SIO HiFreq: LOW
            SIO Hyst: DISABLED
            SIO Vtrip: MULTIPLIER_0_5
            SIO RefSel: VCC_IO
            Required Capabilitites: DIGITAL
            Initial Value: 0
            IO Voltage: 0
        PORT MAP (
            pa_out => TimerPin(0)__PA ,
            pad => TimerPin(0)_PAD );
        Properties:
        {
        }

    Pin : Name = \I2C_MASTER:scl(0)\
        Attributes:
            In Group/Port: True
            In Sync Option: NOSYNC
            Out Sync Option: NOSYNC
            Interrupt generated: False
            Interrupt mode: NONE
            Drive mode: OPEN_DRAIN_LO
            VTrip: CMOS
            Slew: FAST
            Input Sync needed: False
            Output Sync needed: False
            SC shield enabled: False
            POR State: ANY
            LCD Mode: COMMON
            Register Mode: RegComb
            CaSense Mode: NEITHER
            Treat as pin: True
            Is OE Registered: False
            Uses Analog: False
            Can contain Digital: True
            Is SIO: False
            SIO Output Buf: NONREGULATED
            SIO Input Buf: SINGLE_ENDED
            SIO HiFreq: LOW
            SIO Hyst: DISABLED
            SIO Vtrip: MULTIPLIER_0_5
            SIO RefSel: VCC_IO
            Required Capabilitites: DIGITAL, I2CWKUP_SCL
            Initial Value: 1
            IO Voltage: 0
        PORT MAP (
            pa_out => \I2C_MASTER:scl(0)\__PA ,
            fb => \I2C_MASTER:Net_580\ ,
            pad => \I2C_MASTER:scl(0)_PAD\ );
        Properties:
        {
        }

    Pin : Name = \I2C_MASTER:sda(0)\
        Attributes:
            In Group/Port: True
            In Sync Option: NOSYNC
            Out Sync Option: NOSYNC
            Interrupt generated: False
            Interrupt mode: NONE
            Drive mode: OPEN_DRAIN_LO
            VTrip: CMOS
            Slew: FAST
            Input Sync needed: False
            Output Sync needed: False
            SC shield enabled: False
            POR State: ANY
            LCD Mode: COMMON
            Register Mode: RegComb
            CaSense Mode: NEITHER
            Treat as pin: True
            Is OE Registered: False
            Uses Analog: False
            Can contain Digital: True
            Is SIO: False
            SIO Output Buf: NONREGULATED
            SIO Input Buf: SINGLE_ENDED
            SIO HiFreq: LOW
            SIO Hyst: DISABLED
            SIO Vtrip: MULTIPLIER_0_5
            SIO RefSel: VCC_IO
            Required Capabilitites: DIGITAL, I2CWKUP_SDA
            Initial Value: 1
            IO Voltage: 0
        PORT MAP (
            pa_out => \I2C_MASTER:sda(0)\__PA ,
            fb => \I2C_MASTER:Net_581\ ,
            pad => \I2C_MASTER:sda(0)_PAD\ );
        Properties:
        {
        }

    Pin : Name = \ModbusUART:rx(0)\
        Attributes:
            In Group/Port: True
            In Sync Option: NOSYNC
            Out Sync Option: AUTO
            Interrupt generated: False
            Interrupt mode: NONE
            Drive mode: HI_Z_DIGITAL
            VTrip: CMOS
            Slew: FAST
            Input Sync needed: False
            Output Sync needed: False
            SC shield enabled: False
            POR State: ANY
            LCD Mode: COMMON
            Register Mode: RegComb
            CaSense Mode: NEITHER
            Treat as pin: True
            Is OE Registered: False
            Uses Analog: False
            Can contain Digital: True
            Is SIO: False
            SIO Output Buf: NONREGULATED
            SIO Input Buf: SINGLE_ENDED
            SIO HiFreq: LOW
            SIO Hyst: DISABLED
            SIO Vtrip: MULTIPLIER_0_5
            SIO RefSel: VCC_IO
            Required Capabilitites: DIGITAL, SCB_UART_RX
            Initial Value: 0
            IO Voltage: 0
        PORT MAP (
            pa_out => \ModbusUART:rx(0)\__PA ,
            fb => \ModbusUART:Net_654\ ,
            pad => \ModbusUART:rx(0)_PAD\ );
        Properties:
        {
        }

    Pin : Name = \ModbusUART:tx(0)\
        Attributes:
            In Group/Port: True
            In Sync Option: NOSYNC
            Out Sync Option: NOSYNC
            Interrupt generated: False
            Interrupt mode: NONE
            Drive mode: CMOS_OUT
            VTrip: CMOS
            Slew: FAST
            Input Sync needed: False
            Output Sync needed: False
            SC shield enabled: False
            POR State: ANY
            LCD Mode: COMMON
            Register Mode: RegComb
            CaSense Mode: NEITHER
            Treat as pin: True
            Is OE Registered: False
            Uses Analog: False
            Can contain Digital: True
            Is SIO: False
            SIO Output Buf: NONREGULATED
            SIO Input Buf: SINGLE_ENDED
            SIO HiFreq: LOW
            SIO Hyst: DISABLED
            SIO Vtrip: MULTIPLIER_0_5
            SIO RefSel: VCC_IO
            Required Capabilitites: DIGITAL, SCB_UART_TX
            Initial Value: 1
            IO Voltage: 0
        PORT MAP (
            pa_out => \ModbusUART:tx(0)\__PA ,
            input => \ModbusUART:Net_656\ ,
            pad => \ModbusUART:tx(0)_PAD\ );
        Properties:
        {
        }

    Pin : Name = writeEnable(0)
        Attributes:
            In Group/Port: True
            In Sync Option: AUTO
            Out Sync Option: NOSYNC
            Interrupt generated: False
            Interrupt mode: NONE
            Drive mode: RES_PULL_DOWN
            VTrip: EITHER
            Slew: FAST
            Input Sync needed: False
            Output Sync needed: False
            SC shield enabled: False
            POR State: ANY
            LCD Mode: COMMON
            Register Mode: RegComb
            CaSense Mode: NEITHER
            Treat as pin: True
            Is OE Registered: False
            Uses Analog: False
            Can contain Digital: True
            Is SIO: False
            SIO Output Buf: NONREGULATED
            SIO Input Buf: SINGLE_ENDED
            SIO HiFreq: LOW
            SIO Hyst: DISABLED
            SIO Vtrip: MULTIPLIER_0_5
            SIO RefSel: VCC_IO
            Required Capabilitites: DIGITAL
            Initial Value: 0
            IO Voltage: 0
        PORT MAP (
            pa_out => writeEnable(0)__PA ,
            pad => writeEnable(0)_PAD );
        Properties:
        {
        }
    </CYPRESSTAG>
    <CYPRESSTAG name="Macrocell listing" icon="FILE_RPT_EQUATION">

    ------------------------------------------------------------
    Macrocell listing
    ------------------------------------------------------------

    MacroCell: Name=\SpeedTimer:TimerUDB:status_tc\, Mode=(Combinatorial)
        Total # of inputs        : 2
        Total # of product terms : 1
            Clock Enable: True
        Main Equation            : 1 pterm
        (
              \SpeedTimer:TimerUDB:control_7\ * 
              \SpeedTimer:TimerUDB:per_zero\
        );
        Output = \SpeedTimer:TimerUDB:status_tc\ (fanout=1)
    </CYPRESSTAG>
    <CYPRESSTAG name="Datapath listing">

    ------------------------------------------------------------
    Datapath listing
    ------------------------------------------------------------

    datapathcell: Name =\SpeedTimer:TimerUDB:sT8:timerdp:u0\
        PORT MAP (
            clock => Net_10_digital ,
            cs_addr_1 => \SpeedTimer:TimerUDB:control_7\ ,
            cs_addr_0 => \SpeedTimer:TimerUDB:per_zero\ ,
            z0_comb => \SpeedTimer:TimerUDB:per_zero\ ,
            f0_bus_stat_comb => \SpeedTimer:TimerUDB:status_3\ ,
            f0_blk_stat_comb => \SpeedTimer:TimerUDB:status_2\ );
        Properties:
        {
            a0_init = "00000000"
            a1_init = "00000000"
            ce0_sync = 1
            ce1_sync = 1
            cl0_sync = 1
            cl1_sync = 1
            cmsb_sync = 1
            co_msb_sync = 1
            cy_dpconfig = "0000000001000000000000000100000001000000010000000000000010000000000000001000000000000000100000000000000010000000000000001000000011111111000000001111111111111111000000000000000000000001000000000000000000011000"
            d0_init = "00000000"
            d1_init = "00000000"
            f0_blk_sync = 1
            f0_bus_sync = 1
            f1_blk_sync = 1
            f1_bus_sync = 1
            ff0_sync = 1
            ff1_sync = 1
            ov_msb_sync = 1
            so_sync = 1
            z0_sync = 1
            z1_sync = 1
        }
        Clock Polarity: Active High
        Clock Enable: True
    </CYPRESSTAG>
    <CYPRESSTAG name="Status register listing">
    </CYPRESSTAG>
    <CYPRESSTAG name="StatusI register listing">

    ------------------------------------------------------------
    StatusI register listing
    ------------------------------------------------------------

    statusicell: Name =\SpeedTimer:TimerUDB:rstSts:stsreg\
        PORT MAP (
            clock => Net_10_digital ,
            status_3 => \SpeedTimer:TimerUDB:status_3\ ,
            status_2 => \SpeedTimer:TimerUDB:status_2\ ,
            status_0 => \SpeedTimer:TimerUDB:status_tc\ ,
            interrupt => Net_356 );
        Properties:
        {
            cy_force_order = 1
            cy_int_mask = "1111111"
            cy_md_select = "0000011"
        }
        Clock Polarity: Active High
        Clock Enable: True
    </CYPRESSTAG>
    <CYPRESSTAG name="Sync listing">
    </CYPRESSTAG>
    <CYPRESSTAG name="Control register listing">

    ------------------------------------------------------------
    Control register listing
    ------------------------------------------------------------

    controlcell: Name =\SpeedTimer:TimerUDB:sCTRLReg:SyncCtl:ctrlreg\
        PORT MAP (
            clock => Net_10_digital ,
            control_7 => \SpeedTimer:TimerUDB:control_7\ ,
            control_6 => \SpeedTimer:TimerUDB:control_6\ ,
            control_5 => \SpeedTimer:TimerUDB:control_5\ ,
            control_4 => \SpeedTimer:TimerUDB:control_4\ ,
            control_3 => \SpeedTimer:TimerUDB:control_3\ ,
            control_2 => \SpeedTimer:TimerUDB:control_2\ ,
            control_1 => \SpeedTimer:TimerUDB:control_1\ ,
            control_0 => \SpeedTimer:TimerUDB:control_0\ );
        Properties:
        {
            cy_ctrl_mode_0 = "11111111"
            cy_ctrl_mode_1 = "00000000"
            cy_ext_reset = 0
            cy_force_order = 1
            cy_init_value = "00000000"
        }
        Clock Polarity: Active High
        Clock Enable: True
    </CYPRESSTAG>
    <CYPRESSTAG name="Count7 listing">
    </CYPRESSTAG>
    <CYPRESSTAG name="DRQ listing">
    </CYPRESSTAG>
    <CYPRESSTAG name="Interrupt listing">

    ------------------------------------------------------------
    Interrupt listing
    ------------------------------------------------------------

    interrupt: Name =EndOfMessage
        PORT MAP (
            interrupt => Net_75 );
        Properties:
        {
            int_type = "10"
        }

    interrupt: Name =MessageReceived
        PORT MAP (
            interrupt => Net_22 );
        Properties:
        {
            int_type = "10"
        }

    interrupt: Name =SpeedInterrupt
        PORT MAP (
            interrupt => Net_356 );
        Properties:
        {
            int_type = "10"
        }

    interrupt: Name =\I2C_MASTER:SCB_IRQ\
        PORT MAP (
            interrupt => Net_1773 );
        Properties:
        {
            int_type = "10"
        }
    </CYPRESSTAG>
</CYPRESSTAG>
<CYPRESSTAG name="Technology mapping summary" expanded>

------------------------------------------------------------
Technology mapping summary
------------------------------------------------------------

Resource Type                 : Used : Free :  Max :  % Used
============================================================
Digital clock dividers        :    1 :    3 :    4 :  25.00%
Pins                          :   11 :   25 :   36 :  30.56%
UDB Macrocells                :    1 :   31 :   32 :   3.13%
UDB Unique Pterms             :    1 :   63 :   64 :   1.56%
UDB Total Pterms              :    1 :      :      : 
UDB Datapath Cells            :    1 :    3 :    4 :  25.00%
UDB Status Cells              :    1 :    3 :    4 :  25.00%
            StatusI Registers :    1 
UDB Control Cells             :    1 :    3 :    4 :  25.00%
            Control Registers :    1 
Interrupts                    :    4 :   28 :   32 :  12.50%
Comparator/Opamp Fixed Blocks :    0 :    2 :    2 :   0.00%
SAR Fixed Blocks              :    0 :    1 :    1 :   0.00%
CSD Fixed Blocks              :    0 :    1 :    1 :   0.00%
CapSense Blocks               :    0 :    1 :    1 :   0.00%
8-bit CapSense IDACs          :    0 :    1 :    1 :   0.00%
7-bit CapSense IDACs          :    0 :    1 :    1 :   0.00%
Temperature Sensors           :    0 :    1 :    1 :   0.00%
Low Power Comparators         :    0 :    2 :    2 :   0.00%
TCPWM Blocks                  :    1 :    3 :    4 :  25.00%
Serial Communication Blocks   :    2 :    0 :    2 : 100.00%
Segment LCD Blocks            :    0 :    1 :    1 :   0.00%
</CYPRESSTAG>
Technology Mapping: Elapsed time ==> 1s.158ms
Tech mapping phase: Elapsed time ==> 1s.246ms
</CYPRESSTAG>
<CYPRESSTAG name="Analog Placement">
<CYPRESSTAG name="Analog Placement">
Elapsed time ==> 0.0151709s
</CYPRESSTAG>
Analog Placement phase: Elapsed time ==> 0s.117ms
</CYPRESSTAG>
<CYPRESSTAG name="Analog Routing">
<CYPRESSTAG name="Analog Routing">
Route success=True, Iterations=1 Elapsed=0.0019523 secs
</CYPRESSTAG>
Analog Routing phase: Elapsed time ==> 0s.004ms
</CYPRESSTAG>
<CYPRESSTAG name="Analog Code Generation">
============ Analog Final Answer Routes ============
Dump of CyAnalogRoutingResultsDB
Map of net to items {
}
Map of item to net {
}
Mux Info {
}
Analog Code Generation phase: Elapsed time ==> 0s.209ms
</CYPRESSTAG>
<CYPRESSTAG name="Digital Placement">
<CYPRESSTAG name="Detailed placement messages">
I2076: Total run-time: 0.6 sec.

</CYPRESSTAG>
<CYPRESSTAG name="PLD Packing">
<CYPRESSTAG name="PLD Packing Summary" expanded>

------------------------------------------------------------
PLD Packing Summary
------------------------------------------------------------
            Resource Type : Used : Free :  Max :  % Used
    ====================================================
                     PLDs :    1 :    7 :    8 :  12.50%

<CYPRESSTAG name="PLD Statistics">

        PLD Resource Type :     Average/LAB
    =======================================
                   Inputs :            2.00
                   Pterms :            1.00
               Macrocells :            1.00
</CYPRESSTAG>
<CYPRESSTAG name="Packed PLD Contents">
Packed PLD Contents not displayed at this verbose level.</CYPRESSTAG>
</CYPRESSTAG>
PLD Packing: Elapsed time ==> 0s.002ms
</CYPRESSTAG>
<CYPRESSTAG name="Partitioning">
<CYPRESSTAG name="Initial Partitioning Summary">
Initial Partitioning Summary not displayed at this verbose level.</CYPRESSTAG>
<CYPRESSTAG name="Final Partitioning Summary">
Final Partitioning Summary not displayed at this verbose level.</CYPRESSTAG>
Partitioning: Elapsed time ==> 0s.027ms
</CYPRESSTAG>
<CYPRESSTAG name="Simulated Annealing">
Annealing: Elapsed time ==> 0s.002ms
<CYPRESSTAG name="Simulated Annealing Results">
The seed used for moves was 114161200.
Inital cost was 45, final cost is 45 (0.00% improvement).</CYPRESSTAG>
</CYPRESSTAG>
<CYPRESSTAG name="Final Placement Summary">

------------------------------------------------------------
Final Placement Summary
------------------------------------------------------------

       Resource Type :      Count : Avg Inputs : Avg Outputs
    ========================================================
                 UDB :          1 :       2.00 :       1.00
<CYPRESSTAG name="Final Placement Details">
<CYPRESSTAG name="Component Details">

------------------------------------------------------------
Component Placement Details
------------------------------------------------------------
UDB [UDB=(0,0)] is empty.
UDB [UDB=(0,1)] contents:
LAB@[UDB=(0,1)][LB=0] #macrocells=1, #inputs=2, #pterms=1
{
    [McSlotId=0]:     MacroCell: Name=\SpeedTimer:TimerUDB:status_tc\, Mode=(Combinatorial) @ [UDB=(0,1)][LB=0][MC=0]
        Total # of inputs        : 2
        Total # of product terms : 1
            Clock Enable: True
        Main Equation            : 1 pterm
        (
              \SpeedTimer:TimerUDB:control_7\ * 
              \SpeedTimer:TimerUDB:per_zero\
        );
        Output = \SpeedTimer:TimerUDB:status_tc\ (fanout=1)
        Properties               : 
        {
        }

    [McSlotId=1]: (empty)
    [McSlotId=2]: (empty)
    [McSlotId=3]: (empty)
}

datapathcell: Name =\SpeedTimer:TimerUDB:sT8:timerdp:u0\
    PORT MAP (
        clock => Net_10_digital ,
        cs_addr_1 => \SpeedTimer:TimerUDB:control_7\ ,
        cs_addr_0 => \SpeedTimer:TimerUDB:per_zero\ ,
        z0_comb => \SpeedTimer:TimerUDB:per_zero\ ,
        f0_bus_stat_comb => \SpeedTimer:TimerUDB:status_3\ ,
        f0_blk_stat_comb => \SpeedTimer:TimerUDB:status_2\ );
    Properties:
    {
        a0_init = "00000000"
        a1_init = "00000000"
        ce0_sync = 1
        ce1_sync = 1
        cl0_sync = 1
        cl1_sync = 1
        cmsb_sync = 1
        co_msb_sync = 1
        cy_dpconfig = "0000000001000000000000000100000001000000010000000000000010000000000000001000000000000000100000000000000010000000000000001000000011111111000000001111111111111111000000000000000000000001000000000000000000011000"
        d0_init = "00000000"
        d1_init = "00000000"
        f0_blk_sync = 1
        f0_bus_sync = 1
        f1_blk_sync = 1
        f1_bus_sync = 1
        ff0_sync = 1
        ff1_sync = 1
        ov_msb_sync = 1
        so_sync = 1
        z0_sync = 1
        z1_sync = 1
    }
    Clock Polarity: Active High
    Clock Enable: True

statusicell: Name =\SpeedTimer:TimerUDB:rstSts:stsreg\
    PORT MAP (
        clock => Net_10_digital ,
        status_3 => \SpeedTimer:TimerUDB:status_3\ ,
        status_2 => \SpeedTimer:TimerUDB:status_2\ ,
        status_0 => \SpeedTimer:TimerUDB:status_tc\ ,
        interrupt => Net_356 );
    Properties:
    {
        cy_force_order = 1
        cy_int_mask = "1111111"
        cy_md_select = "0000011"
    }
    Clock Polarity: Active High
    Clock Enable: True

controlcell: Name =\SpeedTimer:TimerUDB:sCTRLReg:SyncCtl:ctrlreg\
    PORT MAP (
        clock => Net_10_digital ,
        control_7 => \SpeedTimer:TimerUDB:control_7\ ,
        control_6 => \SpeedTimer:TimerUDB:control_6\ ,
        control_5 => \SpeedTimer:TimerUDB:control_5\ ,
        control_4 => \SpeedTimer:TimerUDB:control_4\ ,
        control_3 => \SpeedTimer:TimerUDB:control_3\ ,
        control_2 => \SpeedTimer:TimerUDB:control_2\ ,
        control_1 => \SpeedTimer:TimerUDB:control_1\ ,
        control_0 => \SpeedTimer:TimerUDB:control_0\ );
    Properties:
    {
        cy_ctrl_mode_0 = "11111111"
        cy_ctrl_mode_1 = "00000000"
        cy_ext_reset = 0
        cy_force_order = 1
        cy_init_value = "00000000"
    }
    Clock Polarity: Active High
    Clock Enable: True

UDB [UDB=(1,0)] is empty.
UDB [UDB=(1,1)] is empty.
Intr hod @ [IntrHod=(0)]: 
  Intr@ [IntrHod=(0)][IntrId=(0)] 
    interrupt: Name =SpeedInterrupt
        PORT MAP (
            interrupt => Net_356 );
        Properties:
        {
            int_type = "10"
        }
  Intr@ [IntrHod=(0)][IntrId=(10)] 
    interrupt: Name =\I2C_MASTER:SCB_IRQ\
        PORT MAP (
            interrupt => Net_1773 );
        Properties:
        {
            int_type = "10"
        }
  Intr@ [IntrHod=(0)][IntrId=(11)] 
    interrupt: Name =MessageReceived
        PORT MAP (
            interrupt => Net_22 );
        Properties:
        {
            int_type = "10"
        }
  Intr@ [IntrHod=(0)][IntrId=(16)] 
    interrupt: Name =EndOfMessage
        PORT MAP (
            interrupt => Net_75 );
        Properties:
        {
            int_type = "10"
        }
Port 0 contains the following IO cells:
[IoId=0]: 
Pin : Name = TimerPin(0)
    Attributes:
        In Group/Port: True
        In Sync Option: AUTO
        Out Sync Option: NOSYNC
        Interrupt generated: False
        Interrupt mode: NONE
        Drive mode: CMOS_OUT
        VTrip: EITHER
        Slew: FAST
        Input Sync needed: False
        Output Sync needed: False
        SC shield enabled: False
        POR State: ANY
        LCD Mode: COMMON
        Register Mode: RegComb
        CaSense Mode: NEITHER
        Treat as pin: True
        Is OE Registered: False
        Uses Analog: False
        Can contain Digital: True
        Is SIO: False
        SIO Output Buf: NONREGULATED
        SIO Input Buf: SINGLE_ENDED
        SIO HiFreq: LOW
        SIO Hyst: DISABLED
        SIO Vtrip: MULTIPLIER_0_5
        SIO RefSel: VCC_IO
        Required Capabilitites: DIGITAL
        Initial Value: 0
        IO Voltage: 0
    PORT MAP (
        pa_out => TimerPin(0)__PA ,
        pad => TimerPin(0)_PAD );
    Properties:
    {
    }

[IoId=2]: 
Pin : Name = P0_2_LED(0)
    Attributes:
        In Group/Port: True
        In Sync Option: AUTO
        Out Sync Option: NOSYNC
        Interrupt generated: False
        Interrupt mode: NONE
        Drive mode: CMOS_OUT
        VTrip: EITHER
        Slew: FAST
        Input Sync needed: False
        Output Sync needed: False
        SC shield enabled: False
        POR State: ANY
        LCD Mode: COMMON
        Register Mode: RegComb
        CaSense Mode: NEITHER
        Treat as pin: True
        Is OE Registered: False
        Uses Analog: False
        Can contain Digital: True
        Is SIO: False
        SIO Output Buf: NONREGULATED
        SIO Input Buf: SINGLE_ENDED
        SIO HiFreq: LOW
        SIO Hyst: DISABLED
        SIO Vtrip: MULTIPLIER_0_5
        SIO RefSel: VCC_IO
        Required Capabilitites: DIGITAL
        Initial Value: 0
        IO Voltage: 0
    PORT MAP (
        pa_out => P0_2_LED(0)__PA ,
        pad => P0_2_LED(0)_PAD );
    Properties:
    {
    }

[IoId=4]: 
Pin : Name = \ModbusUART:rx(0)\
    Attributes:
        In Group/Port: True
        In Sync Option: NOSYNC
        Out Sync Option: AUTO
        Interrupt generated: False
        Interrupt mode: NONE
        Drive mode: HI_Z_DIGITAL
        VTrip: CMOS
        Slew: FAST
        Input Sync needed: False
        Output Sync needed: False
        SC shield enabled: False
        POR State: ANY
        LCD Mode: COMMON
        Register Mode: RegComb
        CaSense Mode: NEITHER
        Treat as pin: True
        Is OE Registered: False
        Uses Analog: False
        Can contain Digital: True
        Is SIO: False
        SIO Output Buf: NONREGULATED
        SIO Input Buf: SINGLE_ENDED
        SIO HiFreq: LOW
        SIO Hyst: DISABLED
        SIO Vtrip: MULTIPLIER_0_5
        SIO RefSel: VCC_IO
        Required Capabilitites: DIGITAL, SCB_UART_RX
        Initial Value: 0
        IO Voltage: 0
    PORT MAP (
        pa_out => \ModbusUART:rx(0)\__PA ,
        fb => \ModbusUART:Net_654\ ,
        pad => \ModbusUART:rx(0)_PAD\ );
    Properties:
    {
    }

[IoId=5]: 
Pin : Name = \ModbusUART:tx(0)\
    Attributes:
        In Group/Port: True
        In Sync Option: NOSYNC
        Out Sync Option: NOSYNC
        Interrupt generated: False
        Interrupt mode: NONE
        Drive mode: CMOS_OUT
        VTrip: CMOS
        Slew: FAST
        Input Sync needed: False
        Output Sync needed: False
        SC shield enabled: False
        POR State: ANY
        LCD Mode: COMMON
        Register Mode: RegComb
        CaSense Mode: NEITHER
        Treat as pin: True
        Is OE Registered: False
        Uses Analog: False
        Can contain Digital: True
        Is SIO: False
        SIO Output Buf: NONREGULATED
        SIO Input Buf: SINGLE_ENDED
        SIO HiFreq: LOW
        SIO Hyst: DISABLED
        SIO Vtrip: MULTIPLIER_0_5
        SIO RefSel: VCC_IO
        Required Capabilitites: DIGITAL, SCB_UART_TX
        Initial Value: 1
        IO Voltage: 0
    PORT MAP (
        pa_out => \ModbusUART:tx(0)\__PA ,
        input => \ModbusUART:Net_656\ ,
        pad => \ModbusUART:tx(0)_PAD\ );
    Properties:
    {
    }

Port 1 contains the following IO cells:
[IoId=1]: 
Pin : Name = RX_LED(0)
    Attributes:
        In Group/Port: True
        In Sync Option: AUTO
        Out Sync Option: NOSYNC
        Interrupt generated: False
        Interrupt mode: NONE
        Drive mode: CMOS_OUT
        VTrip: EITHER
        Slew: FAST
        Input Sync needed: False
        Output Sync needed: False
        SC shield enabled: False
        POR State: ANY
        LCD Mode: COMMON
        Register Mode: RegComb
        CaSense Mode: NEITHER
        Treat as pin: True
        Is OE Registered: False
        Uses Analog: False
        Can contain Digital: True
        Is SIO: False
        SIO Output Buf: NONREGULATED
        SIO Input Buf: SINGLE_ENDED
        SIO HiFreq: LOW
        SIO Hyst: DISABLED
        SIO Vtrip: MULTIPLIER_0_5
        SIO RefSel: VCC_IO
        Required Capabilitites: DIGITAL
        Initial Value: 0
        IO Voltage: 0
    PORT MAP (
        pa_out => RX_LED(0)__PA ,
        pad => RX_LED(0)_PAD );
    Properties:
    {
    }

[IoId=5]: 
Pin : Name = TX_LED(0)
    Attributes:
        In Group/Port: True
        In Sync Option: AUTO
        Out Sync Option: NOSYNC
        Interrupt generated: False
        Interrupt mode: NONE
        Drive mode: CMOS_OUT
        VTrip: EITHER
        Slew: FAST
        Input Sync needed: False
        Output Sync needed: False
        SC shield enabled: False
        POR State: ANY
        LCD Mode: COMMON
        Register Mode: RegComb
        CaSense Mode: NEITHER
        Treat as pin: True
        Is OE Registered: False
        Uses Analog: False
        Can contain Digital: True
        Is SIO: False
        SIO Output Buf: NONREGULATED
        SIO Input Buf: SINGLE_ENDED
        SIO HiFreq: LOW
        SIO Hyst: DISABLED
        SIO Vtrip: MULTIPLIER_0_5
        SIO RefSel: VCC_IO
        Required Capabilitites: DIGITAL
        Initial Value: 0
        IO Voltage: 0
    PORT MAP (
        pa_out => TX_LED(0)__PA ,
        pad => TX_LED(0)_PAD );
    Properties:
    {
    }

Port 2 contains the following IO cells:
[IoId=0]: 
Pin : Name = writeEnable(0)
    Attributes:
        In Group/Port: True
        In Sync Option: AUTO
        Out Sync Option: NOSYNC
        Interrupt generated: False
        Interrupt mode: NONE
        Drive mode: RES_PULL_DOWN
        VTrip: EITHER
        Slew: FAST
        Input Sync needed: False
        Output Sync needed: False
        SC shield enabled: False
        POR State: ANY
        LCD Mode: COMMON
        Register Mode: RegComb
        CaSense Mode: NEITHER
        Treat as pin: True
        Is OE Registered: False
        Uses Analog: False
        Can contain Digital: True
        Is SIO: False
        SIO Output Buf: NONREGULATED
        SIO Input Buf: SINGLE_ENDED
        SIO HiFreq: LOW
        SIO Hyst: DISABLED
        SIO Vtrip: MULTIPLIER_0_5
        SIO RefSel: VCC_IO
        Required Capabilitites: DIGITAL
        Initial Value: 0
        IO Voltage: 0
    PORT MAP (
        pa_out => writeEnable(0)__PA ,
        pad => writeEnable(0)_PAD );
    Properties:
    {
    }

Port 3 is empty
Port 4 contains the following IO cells:
[IoId=0]: 
Pin : Name = \I2C_MASTER:scl(0)\
    Attributes:
        In Group/Port: True
        In Sync Option: NOSYNC
        Out Sync Option: NOSYNC
        Interrupt generated: False
        Interrupt mode: NONE
        Drive mode: OPEN_DRAIN_LO
        VTrip: CMOS
        Slew: FAST
        Input Sync needed: False
        Output Sync needed: False
        SC shield enabled: False
        POR State: ANY
        LCD Mode: COMMON
        Register Mode: RegComb
        CaSense Mode: NEITHER
        Treat as pin: True
        Is OE Registered: False
        Uses Analog: False
        Can contain Digital: True
        Is SIO: False
        SIO Output Buf: NONREGULATED
        SIO Input Buf: SINGLE_ENDED
        SIO HiFreq: LOW
        SIO Hyst: DISABLED
        SIO Vtrip: MULTIPLIER_0_5
        SIO RefSel: VCC_IO
        Required Capabilitites: DIGITAL, I2CWKUP_SCL
        Initial Value: 1
        IO Voltage: 0
    PORT MAP (
        pa_out => \I2C_MASTER:scl(0)\__PA ,
        fb => \I2C_MASTER:Net_580\ ,
        pad => \I2C_MASTER:scl(0)_PAD\ );
    Properties:
    {
    }

[IoId=1]: 
Pin : Name = \I2C_MASTER:sda(0)\
    Attributes:
        In Group/Port: True
        In Sync Option: NOSYNC
        Out Sync Option: NOSYNC
        Interrupt generated: False
        Interrupt mode: NONE
        Drive mode: OPEN_DRAIN_LO
        VTrip: CMOS
        Slew: FAST
        Input Sync needed: False
        Output Sync needed: False
        SC shield enabled: False
        POR State: ANY
        LCD Mode: COMMON
        Register Mode: RegComb
        CaSense Mode: NEITHER
        Treat as pin: True
        Is OE Registered: False
        Uses Analog: False
        Can contain Digital: True
        Is SIO: False
        SIO Output Buf: NONREGULATED
        SIO Input Buf: SINGLE_ENDED
        SIO HiFreq: LOW
        SIO Hyst: DISABLED
        SIO Vtrip: MULTIPLIER_0_5
        SIO RefSel: VCC_IO
        Required Capabilitites: DIGITAL, I2CWKUP_SDA
        Initial Value: 1
        IO Voltage: 0
    PORT MAP (
        pa_out => \I2C_MASTER:sda(0)\__PA ,
        fb => \I2C_MASTER:Net_581\ ,
        pad => \I2C_MASTER:sda(0)_PAD\ );
    Properties:
    {
    }

Clock group 0: 
    M0S8 Clock Block @ [FFB(Clock,0)]: 
    m0s8clockblockcell: Name =ClockBlock
        PORT MAP (
            dsi_in_0 => ClockBlock_Routed1 ,
            lfclk => ClockBlock_LFCLK ,
            ilo => ClockBlock_ILO ,
            sysclk => ClockBlock_SYSCLK ,
            ext => ClockBlock_EXTCLK ,
            imo => ClockBlock_IMO ,
            hfclk => ClockBlock_HFCLK ,
            ff_div_2 => \ModbusUART:Net_847_ff2\ ,
            ff_div_3 => \I2C_MASTER:Net_847_ff3\ ,
            ff_div_8 => Net_182_ff8 ,
            udb_div_0 => dclk_to_genclk );
        Properties:
        {
        }
PM group 0: empty
SPC group 0: empty
WDT group 0: empty
FSS group 0: empty
Low Power Comparator group 0: empty
Serial Communication Block group 0: 
    Scb Block @ [FFB(SCB,0)]: 
    m0s8scbcell: Name =\I2C_MASTER:SCB\
        PORT MAP (
            clock => \I2C_MASTER:Net_847_ff3\ ,
            interrupt => Net_1773 ,
            tx => \I2C_MASTER:Net_656\ ,
            rts => \I2C_MASTER:Net_751\ ,
            mosi_m => \I2C_MASTER:Net_660\ ,
            select_m_3 => \I2C_MASTER:ss_3\ ,
            select_m_2 => \I2C_MASTER:ss_2\ ,
            select_m_1 => \I2C_MASTER:ss_1\ ,
            select_m_0 => \I2C_MASTER:ss_0\ ,
            sclk_m => \I2C_MASTER:Net_687\ ,
            miso_s => \I2C_MASTER:Net_703\ ,
            scl => \I2C_MASTER:Net_580\ ,
            sda => \I2C_MASTER:Net_581\ ,
            tx_req => \I2C_MASTER:Net_823\ ,
            rx_req => \I2C_MASTER:Net_824\ );
        Properties:
        {
            cy_registers = ""
            scb_mode = 0
        }
    Scb Block @ [FFB(SCB,1)]: 
    m0s8scbcell: Name =\ModbusUART:SCB\
        PORT MAP (
            clock => \ModbusUART:Net_847_ff2\ ,
            interrupt => Net_22 ,
            rx => \ModbusUART:Net_654\ ,
            tx => \ModbusUART:Net_656\ ,
            rts => \ModbusUART:Net_751\ ,
            mosi_m => \ModbusUART:Net_660\ ,
            select_m_3 => \ModbusUART:ss_3\ ,
            select_m_2 => \ModbusUART:ss_2\ ,
            select_m_1 => \ModbusUART:ss_1\ ,
            select_m_0 => \ModbusUART:ss_0\ ,
            sclk_m => \ModbusUART:Net_687\ ,
            miso_s => \ModbusUART:Net_703\ ,
            tx_req => \ModbusUART:Net_823\ ,
            rx_req => \ModbusUART:Net_824\ );
        Properties:
        {
            cy_registers = ""
            scb_mode = 2
        }
CSD Fixed Block group 0: empty
8-bit CapSense IDAC group 0: empty
7-bit CapSense IDAC group 0: empty
TCPWM Block group 0: 
    Tcpwm Block @ [FFB(TCPWM,0)]: 
    m0s8tcpwmcell: Name =\MessageTimer:cy_m0s8_tcpwm_1\
        PORT MAP (
            clock => Net_182_ff8 ,
            capture => zero ,
            count => one ,
            reload => zero ,
            stop => zero ,
            start => zero ,
            tr_underflow => Net_266 ,
            tr_overflow => Net_265 ,
            tr_compare_match => Net_267 ,
            line_out => Net_268 ,
            line_out_compl => Net_269 ,
            interrupt => Net_75 );
        Properties:
        {
            cy_registers = ""
        }
Comparator/Opamp Fixed Block group 0: empty
Temperature Sensor group 0: empty
SAR Fixed Block group 0: empty
Segment LCD Block group 0: empty
CLK_GEN group 0: 
    M0S8 Clock Gen Block @ [FFB(CLK_GEN,0)]: 
    m0s8clockgenblockcell: Name =ClockGenBlock
        PORT MAP (
            gen_clk_out_0 => Net_10_digital ,
            gen_clk_in_0 => dclk_to_genclk );
        Properties:
        {
        }
LPCOMPBLOCK group 0: empty
CTBMBLOCK group 0: empty
ANAPUMP group 0: empty
</CYPRESSTAG>
<CYPRESSTAG name="Port Configuration Details">

------------------------------------------------------------
Port Configuration report
------------------------------------------------------------
     |     |       | Interrupt |                  |                     | 
Port | Pin | Fixed |      Type |       Drive Mode |                Name | Connections
-----+-----+-------+-----------+------------------+---------------------+-------------------------
   0 |   0 |     * |      NONE |         CMOS_OUT |         TimerPin(0) | 
     |   2 |     * |      NONE |         CMOS_OUT |         P0_2_LED(0) | 
     |   4 |     * |      NONE |     HI_Z_DIGITAL |  \ModbusUART:rx(0)\ | FB(\ModbusUART:Net_654\)
     |   5 |     * |      NONE |         CMOS_OUT |  \ModbusUART:tx(0)\ | In(\ModbusUART:Net_656\)
-----+-----+-------+-----------+------------------+---------------------+-------------------------
   1 |   1 |     * |      NONE |         CMOS_OUT |           RX_LED(0) | 
     |   5 |     * |      NONE |         CMOS_OUT |           TX_LED(0) | 
-----+-----+-------+-----------+------------------+---------------------+-------------------------
   2 |   0 |     * |      NONE |    RES_PULL_DOWN |      writeEnable(0) | 
-----+-----+-------+-----------+------------------+---------------------+-------------------------
   4 |   0 |     * |      NONE |    OPEN_DRAIN_LO | \I2C_MASTER:scl(0)\ | FB(\I2C_MASTER:Net_580\)
     |   1 |     * |      NONE |    OPEN_DRAIN_LO | \I2C_MASTER:sda(0)\ | FB(\I2C_MASTER:Net_581\)
--------------------------------------------------------------------------------------------------
</CYPRESSTAG>
</CYPRESSTAG>
</CYPRESSTAG>
Digital component placer commit/Report: Elapsed time ==> 0s.003ms
Digital Placement phase: Elapsed time ==> 1s.879ms
</CYPRESSTAG>
<CYPRESSTAG name="Digital Routing">
Routing successful.
Digital Routing phase: Elapsed time ==> 1s.170ms
</CYPRESSTAG>
<CYPRESSTAG name="Bitstream and API generation">
Bitstream and API generation phase: Elapsed time ==> 0s.331ms
</CYPRESSTAG>
<CYPRESSTAG name="Bitstream verification">
Bitstream verification phase: Elapsed time ==> 0s.087ms
</CYPRESSTAG>
<CYPRESSTAG name="Static timing analysis">
Timing report is in PSoC 4 Compass Modbus Slave_timing.html.
Static timing analysis phase: Elapsed time ==> 0s.492ms
</CYPRESSTAG>
<CYPRESSTAG name="Data reporting">
Data reporting phase: Elapsed time ==> 0s.000ms
</CYPRESSTAG>
<CYPRESSTAG name="Database update...">
Design database save phase: Elapsed time ==> 0s.305ms
</CYPRESSTAG>
cydsfit: Elapsed time ==> 5s.937ms
</CYPRESSTAG>
Fitter phase: Elapsed time ==> 6s.035ms
API generation phase: Elapsed time ==> 4s.139ms
Dependency generation phase: Elapsed time ==> 0s.056ms
Cleanup phase: Elapsed time ==> 0s.033ms
