ARM GAS  C:\Users\Sam\AppData\Local\Temp\ccFu1iam.s 			page 1


   1              		.cpu cortex-m0
   2              		.fpu softvfp
   3              		.eabi_attribute 20, 1
   4              		.eabi_attribute 21, 1
   5              		.eabi_attribute 23, 3
   6              		.eabi_attribute 24, 1
   7              		.eabi_attribute 25, 1
   8              		.eabi_attribute 26, 1
   9              		.eabi_attribute 30, 6
  10              		.eabi_attribute 34, 0
  11              		.eabi_attribute 18, 4
  12              		.code	16
  13              		.file	"i2c.c"
  14              		.text
  15              	.Ltext0:
  16              		.cfi_sections	.debug_frame
  17              		.section	.text.I2C_ReadOneByte,"ax",%progbits
  18              		.align	2
  19              		.global	I2C_ReadOneByte
  20              		.code	16
  21              		.thumb_func
  22              		.type	I2C_ReadOneByte, %function
  23              	I2C_ReadOneByte:
  24              	.LFB33:
  25              		.file 1 ".\\i2c.c"
   1:.\i2c.c       **** /*
   2:.\i2c.c       ****  * I2C Library for GY-86 PCB and all similar sensor boards v1.0.1
   3:.\i2c.c       ****  * Author: Dr Anastasios Kanakis | electronix79
   4:.\i2c.c       **** */
   5:.\i2c.c       **** 
   6:.\i2c.c       **** #include "i2c.h"
   7:.\i2c.c       **** #include <project.h>
   8:.\i2c.c       **** 
   9:.\i2c.c       **** uint8_t IICreadByte(uint8_t dev, uint8_t reg, uint8_t *data);
  10:.\i2c.c       **** 
  11:.\i2c.c       **** uint8_t I2C_ReadOneByte(uint8_t I2C_Addr, uint8_t addr)
  12:.\i2c.c       **** {
  26              		.loc 1 12 0
  27              		.cfi_startproc
  28 0000 80B5     		push	{r7, lr}
  29              		.cfi_def_cfa_offset 8
  30              		.cfi_offset 7, -8
  31              		.cfi_offset 14, -4
  32 0002 84B0     		sub	sp, sp, #16
  33              		.cfi_def_cfa_offset 24
  34 0004 00AF     		add	r7, sp, #0
  35              		.cfi_def_cfa_register 7
  36 0006 0A1C     		mov	r2, r1
  37 0008 FB1D     		add	r3, r7, #7
  38 000a 011C     		add	r1, r0, #0
  39 000c 1970     		strb	r1, [r3]
  40 000e BB1D     		add	r3, r7, #6
  41 0010 1A70     		strb	r2, [r3]
  13:.\i2c.c       **** 	uint8_t res = 0;
  42              		.loc 1 13 0
  43 0012 3B1C     		mov	r3, r7
  44 0014 0F33     		add	r3, r3, #15
ARM GAS  C:\Users\Sam\AppData\Local\Temp\ccFu1iam.s 			page 2


  45 0016 0022     		mov	r2, #0
  46 0018 1A70     		strb	r2, [r3]
  14:.\i2c.c       **** 
  15:.\i2c.c       **** 	if (I2C_MASTER_I2CMasterSendStart(I2C_Addr, I2C_MASTER_I2C_WRITE_XFER_MODE) != I2C_MASTER_I2C_MSTR
  47              		.loc 1 15 0
  48 001a FB1D     		add	r3, r7, #7
  49 001c 1B78     		ldrb	r3, [r3]
  50 001e 181C     		mov	r0, r3
  51 0020 0021     		mov	r1, #0
  52 0022 FFF7FEFF 		bl	I2C_MASTER_I2CMasterSendStart
  53 0026 031C     		mov	r3, r0
  54 0028 002B     		cmp	r3, #0
  55 002a 01D0     		beq	.L2
  56              		.loc 1 15 0 is_stmt 0 discriminator 1
  57 002c 0023     		mov	r3, #0
  58 002e 25E0     		b	.L3
  59              	.L2:
  16:.\i2c.c       **** 	if (I2C_MASTER_I2CMasterWriteByte(addr) != I2C_MASTER_I2C_MSTR_NO_ERROR) return 0;
  60              		.loc 1 16 0 is_stmt 1
  61 0030 BB1D     		add	r3, r7, #6
  62 0032 1B78     		ldrb	r3, [r3]
  63 0034 181C     		mov	r0, r3
  64 0036 FFF7FEFF 		bl	I2C_MASTER_I2CMasterWriteByte
  65 003a 031C     		mov	r3, r0
  66 003c 002B     		cmp	r3, #0
  67 003e 01D0     		beq	.L4
  68              		.loc 1 16 0 is_stmt 0 discriminator 1
  69 0040 0023     		mov	r3, #0
  70 0042 1BE0     		b	.L3
  71              	.L4:
  17:.\i2c.c       **** 	if (I2C_MASTER_I2CMasterSendRestart(I2C_Addr, I2C_MASTER_I2C_READ_XFER_MODE) != I2C_MASTER_I2C_MST
  72              		.loc 1 17 0 is_stmt 1
  73 0044 FB1D     		add	r3, r7, #7
  74 0046 1B78     		ldrb	r3, [r3]
  75 0048 181C     		mov	r0, r3
  76 004a 0121     		mov	r1, #1
  77 004c FFF7FEFF 		bl	I2C_MASTER_I2CMasterSendRestart
  78 0050 031C     		mov	r3, r0
  79 0052 002B     		cmp	r3, #0
  80 0054 01D0     		beq	.L5
  81              		.loc 1 17 0 is_stmt 0 discriminator 1
  82 0056 0023     		mov	r3, #0
  83 0058 10E0     		b	.L3
  84              	.L5:
  18:.\i2c.c       **** 	res = (uint8_t)(I2C_MASTER_I2CMasterReadByte(I2C_MASTER_I2C_NAK_DATA));
  85              		.loc 1 18 0 is_stmt 1
  86 005a 0120     		mov	r0, #1
  87 005c FFF7FEFF 		bl	I2C_MASTER_I2CMasterReadByte
  88 0060 021C     		mov	r2, r0
  89 0062 3B1C     		mov	r3, r7
  90 0064 0F33     		add	r3, r3, #15
  91 0066 1A70     		strb	r2, [r3]
  19:.\i2c.c       **** 	if (I2C_MASTER_I2CMasterSendStop() != I2C_MASTER_I2C_MSTR_NO_ERROR) return 0;
  92              		.loc 1 19 0
  93 0068 FFF7FEFF 		bl	I2C_MASTER_I2CMasterSendStop
  94 006c 031C     		mov	r3, r0
  95 006e 002B     		cmp	r3, #0
ARM GAS  C:\Users\Sam\AppData\Local\Temp\ccFu1iam.s 			page 3


  96 0070 01D0     		beq	.L6
  97              		.loc 1 19 0 is_stmt 0 discriminator 1
  98 0072 0023     		mov	r3, #0
  99 0074 02E0     		b	.L3
 100              	.L6:
  20:.\i2c.c       **** 
  21:.\i2c.c       **** 	return res;
 101              		.loc 1 21 0 is_stmt 1
 102 0076 3B1C     		mov	r3, r7
 103 0078 0F33     		add	r3, r3, #15
 104 007a 1B78     		ldrb	r3, [r3]
 105              	.L3:
  22:.\i2c.c       **** }
 106              		.loc 1 22 0
 107 007c 181C     		mov	r0, r3
 108 007e BD46     		mov	sp, r7
 109 0080 04B0     		add	sp, sp, #16
 110              		@ sp needed
 111 0082 80BD     		pop	{r7, pc}
 112              		.cfi_endproc
 113              	.LFE33:
 114              		.size	I2C_ReadOneByte, .-I2C_ReadOneByte
 115              		.section	.text.IICreadBytes,"ax",%progbits
 116              		.align	2
 117              		.global	IICreadBytes
 118              		.code	16
 119              		.thumb_func
 120              		.type	IICreadBytes, %function
 121              	IICreadBytes:
 122              	.LFB34:
  23:.\i2c.c       **** 
  24:.\i2c.c       **** uint8_t IICreadBytes(uint8_t dev, uint8_t reg, uint8_t length, uint8_t *data)
  25:.\i2c.c       **** {
 123              		.loc 1 25 0
 124              		.cfi_startproc
 125 0000 90B5     		push	{r4, r7, lr}
 126              		.cfi_def_cfa_offset 12
 127              		.cfi_offset 4, -12
 128              		.cfi_offset 7, -8
 129              		.cfi_offset 14, -4
 130 0002 85B0     		sub	sp, sp, #20
 131              		.cfi_def_cfa_offset 32
 132 0004 00AF     		add	r7, sp, #0
 133              		.cfi_def_cfa_register 7
 134 0006 3B60     		str	r3, [r7]
 135 0008 FB1D     		add	r3, r7, #7
 136 000a 1870     		strb	r0, [r3]
 137 000c BB1D     		add	r3, r7, #6
 138 000e 1970     		strb	r1, [r3]
 139 0010 7B1D     		add	r3, r7, #5
 140 0012 1A70     		strb	r2, [r3]
  26:.\i2c.c       **** 	uint8_t count = 0;
 141              		.loc 1 26 0
 142 0014 3B1C     		mov	r3, r7
 143 0016 0F33     		add	r3, r3, #15
 144 0018 0022     		mov	r2, #0
 145 001a 1A70     		strb	r2, [r3]
ARM GAS  C:\Users\Sam\AppData\Local\Temp\ccFu1iam.s 			page 4


  27:.\i2c.c       **** 
  28:.\i2c.c       ****     I2C_MASTER_I2CMasterSendStart(dev, I2C_MASTER_I2C_WRITE_XFER_MODE);
 146              		.loc 1 28 0
 147 001c FB1D     		add	r3, r7, #7
 148 001e 1B78     		ldrb	r3, [r3]
 149 0020 181C     		mov	r0, r3
 150 0022 0021     		mov	r1, #0
 151 0024 FFF7FEFF 		bl	I2C_MASTER_I2CMasterSendStart
  29:.\i2c.c       **** 	I2C_MASTER_I2CMasterWriteByte(reg);
 152              		.loc 1 29 0
 153 0028 BB1D     		add	r3, r7, #6
 154 002a 1B78     		ldrb	r3, [r3]
 155 002c 181C     		mov	r0, r3
 156 002e FFF7FEFF 		bl	I2C_MASTER_I2CMasterWriteByte
  30:.\i2c.c       **** 	I2C_MASTER_I2CMasterSendRestart(dev, I2C_MASTER_I2C_READ_XFER_MODE);
 157              		.loc 1 30 0
 158 0032 FB1D     		add	r3, r7, #7
 159 0034 1B78     		ldrb	r3, [r3]
 160 0036 181C     		mov	r0, r3
 161 0038 0121     		mov	r1, #1
 162 003a FFF7FEFF 		bl	I2C_MASTER_I2CMasterSendRestart
  31:.\i2c.c       **** 	for(count = 0; count < length; count++)
 163              		.loc 1 31 0
 164 003e 3B1C     		mov	r3, r7
 165 0040 0F33     		add	r3, r3, #15
 166 0042 0022     		mov	r2, #0
 167 0044 1A70     		strb	r2, [r3]
 168 0046 25E0     		b	.L8
 169              	.L11:
  32:.\i2c.c       **** 	{
  33:.\i2c.c       **** 		if(count != length - 1)
 170              		.loc 1 33 0
 171 0048 3B1C     		mov	r3, r7
 172 004a 0F33     		add	r3, r3, #15
 173 004c 1A78     		ldrb	r2, [r3]
 174 004e 7B1D     		add	r3, r7, #5
 175 0050 1B78     		ldrb	r3, [r3]
 176 0052 013B     		sub	r3, r3, #1
 177 0054 9A42     		cmp	r2, r3
 178 0056 0BD0     		beq	.L9
  34:.\i2c.c       **** 			data[count] = (uint8_t)(I2C_MASTER_I2CMasterReadByte(I2C_MASTER_I2C_ACK_DATA));
 179              		.loc 1 34 0
 180 0058 3B1C     		mov	r3, r7
 181 005a 0F33     		add	r3, r3, #15
 182 005c 1B78     		ldrb	r3, [r3]
 183 005e 3A68     		ldr	r2, [r7]
 184 0060 D418     		add	r4, r2, r3
 185 0062 0020     		mov	r0, #0
 186 0064 FFF7FEFF 		bl	I2C_MASTER_I2CMasterReadByte
 187 0068 031C     		mov	r3, r0
 188 006a DBB2     		uxtb	r3, r3
 189 006c 2370     		strb	r3, [r4]
 190 006e 0AE0     		b	.L10
 191              	.L9:
  35:.\i2c.c       **** 		else
  36:.\i2c.c       **** 			data[count] = (uint8_t)(I2C_MASTER_I2CMasterReadByte(I2C_MASTER_I2C_NAK_DATA));
 192              		.loc 1 36 0
ARM GAS  C:\Users\Sam\AppData\Local\Temp\ccFu1iam.s 			page 5


 193 0070 3B1C     		mov	r3, r7
 194 0072 0F33     		add	r3, r3, #15
 195 0074 1B78     		ldrb	r3, [r3]
 196 0076 3A68     		ldr	r2, [r7]
 197 0078 D418     		add	r4, r2, r3
 198 007a 0120     		mov	r0, #1
 199 007c FFF7FEFF 		bl	I2C_MASTER_I2CMasterReadByte
 200 0080 031C     		mov	r3, r0
 201 0082 DBB2     		uxtb	r3, r3
 202 0084 2370     		strb	r3, [r4]
 203              	.L10:
  31:.\i2c.c       **** 	for(count = 0; count < length; count++)
 204              		.loc 1 31 0
 205 0086 3B1C     		mov	r3, r7
 206 0088 0F33     		add	r3, r3, #15
 207 008a 1A78     		ldrb	r2, [r3]
 208 008c 3B1C     		mov	r3, r7
 209 008e 0F33     		add	r3, r3, #15
 210 0090 0132     		add	r2, r2, #1
 211 0092 1A70     		strb	r2, [r3]
 212              	.L8:
  31:.\i2c.c       **** 	for(count = 0; count < length; count++)
 213              		.loc 1 31 0 is_stmt 0 discriminator 1
 214 0094 3A1C     		mov	r2, r7
 215 0096 0F32     		add	r2, r2, #15
 216 0098 7B1D     		add	r3, r7, #5
 217 009a 1278     		ldrb	r2, [r2]
 218 009c 1B78     		ldrb	r3, [r3]
 219 009e 9A42     		cmp	r2, r3
 220 00a0 D2D3     		bcc	.L11
  37:.\i2c.c       **** 	}
  38:.\i2c.c       **** 	I2C_MASTER_I2CMasterSendStop();
 221              		.loc 1 38 0 is_stmt 1
 222 00a2 FFF7FEFF 		bl	I2C_MASTER_I2CMasterSendStop
  39:.\i2c.c       **** 	
  40:.\i2c.c       ****     return count;
 223              		.loc 1 40 0
 224 00a6 3B1C     		mov	r3, r7
 225 00a8 0F33     		add	r3, r3, #15
 226 00aa 1B78     		ldrb	r3, [r3]
  41:.\i2c.c       **** }
 227              		.loc 1 41 0
 228 00ac 181C     		mov	r0, r3
 229 00ae BD46     		mov	sp, r7
 230 00b0 05B0     		add	sp, sp, #20
 231              		@ sp needed
 232 00b2 90BD     		pop	{r4, r7, pc}
 233              		.cfi_endproc
 234              	.LFE34:
 235              		.size	IICreadBytes, .-IICreadBytes
 236              		.section	.text.IICreadByte,"ax",%progbits
 237              		.align	2
 238              		.global	IICreadByte
 239              		.code	16
 240              		.thumb_func
 241              		.type	IICreadByte, %function
 242              	IICreadByte:
ARM GAS  C:\Users\Sam\AppData\Local\Temp\ccFu1iam.s 			page 6


 243              	.LFB35:
  42:.\i2c.c       **** 
  43:.\i2c.c       **** uint8_t IICreadByte(uint8_t dev, uint8_t reg, uint8_t *data)
  44:.\i2c.c       **** {
 244              		.loc 1 44 0
 245              		.cfi_startproc
 246 0000 80B5     		push	{r7, lr}
 247              		.cfi_def_cfa_offset 8
 248              		.cfi_offset 7, -8
 249              		.cfi_offset 14, -4
 250 0002 82B0     		sub	sp, sp, #8
 251              		.cfi_def_cfa_offset 16
 252 0004 00AF     		add	r7, sp, #0
 253              		.cfi_def_cfa_register 7
 254 0006 3A60     		str	r2, [r7]
 255 0008 FB1D     		add	r3, r7, #7
 256 000a 021C     		add	r2, r0, #0
 257 000c 1A70     		strb	r2, [r3]
 258 000e BB1D     		add	r3, r7, #6
 259 0010 0A1C     		add	r2, r1, #0
 260 0012 1A70     		strb	r2, [r3]
  45:.\i2c.c       **** 	*data = I2C_ReadOneByte(dev, reg);
 261              		.loc 1 45 0
 262 0014 FB1D     		add	r3, r7, #7
 263 0016 1A78     		ldrb	r2, [r3]
 264 0018 BB1D     		add	r3, r7, #6
 265 001a 1B78     		ldrb	r3, [r3]
 266 001c 101C     		mov	r0, r2
 267 001e 191C     		mov	r1, r3
 268 0020 FFF7FEFF 		bl	I2C_ReadOneByte
 269 0024 031C     		mov	r3, r0
 270 0026 1A1C     		mov	r2, r3
 271 0028 3B68     		ldr	r3, [r7]
 272 002a 1A70     		strb	r2, [r3]
  46:.\i2c.c       **** 	return 1;
 273              		.loc 1 46 0
 274 002c 0123     		mov	r3, #1
  47:.\i2c.c       **** }
 275              		.loc 1 47 0
 276 002e 181C     		mov	r0, r3
 277 0030 BD46     		mov	sp, r7
 278 0032 02B0     		add	sp, sp, #8
 279              		@ sp needed
 280 0034 80BD     		pop	{r7, pc}
 281              		.cfi_endproc
 282              	.LFE35:
 283              		.size	IICreadByte, .-IICreadByte
 284 0036 C046     		.section	.text.IICwriteBit,"ax",%progbits
 285              		.align	2
 286              		.global	IICwriteBit
 287              		.code	16
 288              		.thumb_func
 289              		.type	IICwriteBit, %function
 290              	IICwriteBit:
 291              	.LFB36:
  48:.\i2c.c       **** 
  49:.\i2c.c       **** uint8_t IICwriteBit(uint8_t dev, uint8_t reg, uint8_t bitNum, uint8_t data)
ARM GAS  C:\Users\Sam\AppData\Local\Temp\ccFu1iam.s 			page 7


  50:.\i2c.c       **** {
 292              		.loc 1 50 0
 293              		.cfi_startproc
 294 0000 90B5     		push	{r4, r7, lr}
 295              		.cfi_def_cfa_offset 12
 296              		.cfi_offset 4, -12
 297              		.cfi_offset 7, -8
 298              		.cfi_offset 14, -4
 299 0002 85B0     		sub	sp, sp, #20
 300              		.cfi_def_cfa_offset 32
 301 0004 00AF     		add	r7, sp, #0
 302              		.cfi_def_cfa_register 7
 303 0006 041C     		mov	r4, r0
 304 0008 081C     		mov	r0, r1
 305 000a 111C     		mov	r1, r2
 306 000c 1A1C     		mov	r2, r3
 307 000e FB1D     		add	r3, r7, #7
 308 0010 1C70     		strb	r4, [r3]
 309 0012 BB1D     		add	r3, r7, #6
 310 0014 1870     		strb	r0, [r3]
 311 0016 7B1D     		add	r3, r7, #5
 312 0018 1970     		strb	r1, [r3]
 313 001a 3B1D     		add	r3, r7, #4
 314 001c 1A70     		strb	r2, [r3]
  51:.\i2c.c       **** 	uint8_t b;
  52:.\i2c.c       **** 
  53:.\i2c.c       **** 	IICreadByte(dev, reg, &b);
 315              		.loc 1 53 0
 316 001e FB1D     		add	r3, r7, #7
 317 0020 1978     		ldrb	r1, [r3]
 318 0022 BB1D     		add	r3, r7, #6
 319 0024 1A78     		ldrb	r2, [r3]
 320 0026 3B1C     		mov	r3, r7
 321 0028 0F33     		add	r3, r3, #15
 322 002a 081C     		mov	r0, r1
 323 002c 111C     		mov	r1, r2
 324 002e 1A1C     		mov	r2, r3
 325 0030 FFF7FEFF 		bl	IICreadByte
  54:.\i2c.c       **** 	b = (data != 0) ? (b | (1 << bitNum)) : (b & ~(1 << bitNum));
 326              		.loc 1 54 0
 327 0034 3B1D     		add	r3, r7, #4
 328 0036 1B78     		ldrb	r3, [r3]
 329 0038 002B     		cmp	r3, #0
 330 003a 0ED0     		beq	.L16
 331              		.loc 1 54 0 is_stmt 0 discriminator 1
 332 003c 7B1D     		add	r3, r7, #5
 333 003e 1B78     		ldrb	r3, [r3]
 334 0040 0122     		mov	r2, #1
 335 0042 111C     		mov	r1, r2
 336 0044 9940     		lsl	r1, r1, r3
 337 0046 0B1C     		mov	r3, r1
 338 0048 DAB2     		uxtb	r2, r3
 339 004a 3B1C     		mov	r3, r7
 340 004c 0F33     		add	r3, r3, #15
 341 004e 1B78     		ldrb	r3, [r3]
 342 0050 DBB2     		uxtb	r3, r3
 343 0052 1343     		orr	r3, r2
ARM GAS  C:\Users\Sam\AppData\Local\Temp\ccFu1iam.s 			page 8


 344 0054 DBB2     		uxtb	r3, r3
 345 0056 DBB2     		uxtb	r3, r3
 346 0058 0FE0     		b	.L17
 347              	.L16:
 348              		.loc 1 54 0 discriminator 2
 349 005a 7B1D     		add	r3, r7, #5
 350 005c 1B78     		ldrb	r3, [r3]
 351 005e 0122     		mov	r2, #1
 352 0060 111C     		mov	r1, r2
 353 0062 9940     		lsl	r1, r1, r3
 354 0064 0B1C     		mov	r3, r1
 355 0066 DBB2     		uxtb	r3, r3
 356 0068 DB43     		mvn	r3, r3
 357 006a DBB2     		uxtb	r3, r3
 358 006c 3A1C     		mov	r2, r7
 359 006e 0F32     		add	r2, r2, #15
 360 0070 1278     		ldrb	r2, [r2]
 361 0072 D2B2     		uxtb	r2, r2
 362 0074 1340     		and	r3, r2
 363 0076 DBB2     		uxtb	r3, r3
 364 0078 DBB2     		uxtb	r3, r3
 365              	.L17:
 366              		.loc 1 54 0 discriminator 3
 367 007a 3A1C     		mov	r2, r7
 368 007c 0F32     		add	r2, r2, #15
 369 007e 1370     		strb	r3, [r2]
  55:.\i2c.c       **** 	
  56:.\i2c.c       **** 	return IICwriteByte(dev, reg, b);
 370              		.loc 1 56 0 is_stmt 1 discriminator 3
 371 0080 3B1C     		mov	r3, r7
 372 0082 0F33     		add	r3, r3, #15
 373 0084 1B78     		ldrb	r3, [r3]
 374 0086 FA1D     		add	r2, r7, #7
 375 0088 1178     		ldrb	r1, [r2]
 376 008a BA1D     		add	r2, r7, #6
 377 008c 1278     		ldrb	r2, [r2]
 378 008e 081C     		mov	r0, r1
 379 0090 111C     		mov	r1, r2
 380 0092 1A1C     		mov	r2, r3
 381 0094 FFF7FEFF 		bl	IICwriteByte
 382 0098 031C     		mov	r3, r0
  57:.\i2c.c       **** }
 383              		.loc 1 57 0 discriminator 3
 384 009a 181C     		mov	r0, r3
 385 009c BD46     		mov	sp, r7
 386 009e 05B0     		add	sp, sp, #20
 387              		@ sp needed
 388 00a0 90BD     		pop	{r4, r7, pc}
 389              		.cfi_endproc
 390              	.LFE36:
 391              		.size	IICwriteBit, .-IICwriteBit
 392 00a2 C046     		.section	.text.IICwriteBits,"ax",%progbits
 393              		.align	2
 394              		.global	IICwriteBits
 395              		.code	16
 396              		.thumb_func
 397              		.type	IICwriteBits, %function
ARM GAS  C:\Users\Sam\AppData\Local\Temp\ccFu1iam.s 			page 9


 398              	IICwriteBits:
 399              	.LFB37:
  58:.\i2c.c       **** 
  59:.\i2c.c       **** uint8_t IICwriteBits(uint8_t dev, uint8_t reg, uint8_t bitStart, uint8_t length, uint8_t data)
  60:.\i2c.c       **** {
 400              		.loc 1 60 0
 401              		.cfi_startproc
 402 0000 90B5     		push	{r4, r7, lr}
 403              		.cfi_def_cfa_offset 12
 404              		.cfi_offset 4, -12
 405              		.cfi_offset 7, -8
 406              		.cfi_offset 14, -4
 407 0002 85B0     		sub	sp, sp, #20
 408              		.cfi_def_cfa_offset 32
 409 0004 00AF     		add	r7, sp, #0
 410              		.cfi_def_cfa_register 7
 411 0006 041C     		mov	r4, r0
 412 0008 081C     		mov	r0, r1
 413 000a 111C     		mov	r1, r2
 414 000c 1A1C     		mov	r2, r3
 415 000e FB1D     		add	r3, r7, #7
 416 0010 1C70     		strb	r4, [r3]
 417 0012 BB1D     		add	r3, r7, #6
 418 0014 1870     		strb	r0, [r3]
 419 0016 7B1D     		add	r3, r7, #5
 420 0018 1970     		strb	r1, [r3]
 421 001a 3B1D     		add	r3, r7, #4
 422 001c 1A70     		strb	r2, [r3]
  61:.\i2c.c       **** 	uint8_t b;
  62:.\i2c.c       **** 
  63:.\i2c.c       **** 	if (IICreadByte(dev, reg, &b) != 0)
 423              		.loc 1 63 0
 424 001e FB1D     		add	r3, r7, #7
 425 0020 1978     		ldrb	r1, [r3]
 426 0022 BB1D     		add	r3, r7, #6
 427 0024 1A78     		ldrb	r2, [r3]
 428 0026 3B1C     		mov	r3, r7
 429 0028 0E33     		add	r3, r3, #14
 430 002a 081C     		mov	r0, r1
 431 002c 111C     		mov	r1, r2
 432 002e 1A1C     		mov	r2, r3
 433 0030 FFF7FEFF 		bl	IICreadByte
 434 0034 031C     		mov	r3, r0
 435 0036 002B     		cmp	r3, #0
 436 0038 53D0     		beq	.L20
 437              	.LBB2:
  64:.\i2c.c       **** 	{
  65:.\i2c.c       **** 		uint8_t mask = (0xFF << (bitStart + 1)) | 0xFF >> ((8 - bitStart) + length - 1);
 438              		.loc 1 65 0
 439 003a 7B1D     		add	r3, r7, #5
 440 003c 1B78     		ldrb	r3, [r3]
 441 003e 0133     		add	r3, r3, #1
 442 0040 FF22     		mov	r2, #255
 443 0042 101C     		mov	r0, r2
 444 0044 9840     		lsl	r0, r0, r3
 445 0046 031C     		mov	r3, r0
 446 0048 DAB2     		uxtb	r2, r3
ARM GAS  C:\Users\Sam\AppData\Local\Temp\ccFu1iam.s 			page 10


 447 004a 7B1D     		add	r3, r7, #5
 448 004c 1B78     		ldrb	r3, [r3]
 449 004e 0821     		mov	r1, #8
 450 0050 C91A     		sub	r1, r1, r3
 451 0052 3B1D     		add	r3, r7, #4
 452 0054 1B78     		ldrb	r3, [r3]
 453 0056 CB18     		add	r3, r1, r3
 454 0058 013B     		sub	r3, r3, #1
 455 005a FF21     		mov	r1, #255
 456 005c 081C     		mov	r0, r1
 457 005e 1841     		asr	r0, r0, r3
 458 0060 031C     		mov	r3, r0
 459 0062 DBB2     		uxtb	r3, r3
 460 0064 1343     		orr	r3, r2
 461 0066 DAB2     		uxtb	r2, r3
 462 0068 3B1C     		mov	r3, r7
 463 006a 0F33     		add	r3, r3, #15
 464 006c 1A70     		strb	r2, [r3]
  66:.\i2c.c       **** 
  67:.\i2c.c       **** 		data <<= (8 - length);
 465              		.loc 1 67 0
 466 006e 3B1C     		mov	r3, r7
 467 0070 2033     		add	r3, r3, #32
 468 0072 1A78     		ldrb	r2, [r3]
 469 0074 3B1D     		add	r3, r7, #4
 470 0076 1B78     		ldrb	r3, [r3]
 471 0078 0821     		mov	r1, #8
 472 007a CB1A     		sub	r3, r1, r3
 473 007c 9A40     		lsl	r2, r2, r3
 474 007e 3B1C     		mov	r3, r7
 475 0080 2033     		add	r3, r3, #32
 476 0082 1A70     		strb	r2, [r3]
  68:.\i2c.c       **** 		data >>= (7 - bitStart);
 477              		.loc 1 68 0
 478 0084 3B1C     		mov	r3, r7
 479 0086 2033     		add	r3, r3, #32
 480 0088 1A78     		ldrb	r2, [r3]
 481 008a 7B1D     		add	r3, r7, #5
 482 008c 1B78     		ldrb	r3, [r3]
 483 008e 0721     		mov	r1, #7
 484 0090 CB1A     		sub	r3, r1, r3
 485 0092 1A41     		asr	r2, r2, r3
 486 0094 3B1C     		mov	r3, r7
 487 0096 2033     		add	r3, r3, #32
 488 0098 1A70     		strb	r2, [r3]
  69:.\i2c.c       **** 		b &= mask;
 489              		.loc 1 69 0
 490 009a 3B1C     		mov	r3, r7
 491 009c 0E33     		add	r3, r3, #14
 492 009e 1B78     		ldrb	r3, [r3]
 493 00a0 3A1C     		mov	r2, r7
 494 00a2 0F32     		add	r2, r2, #15
 495 00a4 1278     		ldrb	r2, [r2]
 496 00a6 1340     		and	r3, r2
 497 00a8 DAB2     		uxtb	r2, r3
 498 00aa 3B1C     		mov	r3, r7
 499 00ac 0E33     		add	r3, r3, #14
ARM GAS  C:\Users\Sam\AppData\Local\Temp\ccFu1iam.s 			page 11


 500 00ae 1A70     		strb	r2, [r3]
  70:.\i2c.c       **** 		b |= data;
 501              		.loc 1 70 0
 502 00b0 3B1C     		mov	r3, r7
 503 00b2 0E33     		add	r3, r3, #14
 504 00b4 1A78     		ldrb	r2, [r3]
 505 00b6 3B1C     		mov	r3, r7
 506 00b8 2033     		add	r3, r3, #32
 507 00ba 1B78     		ldrb	r3, [r3]
 508 00bc 1343     		orr	r3, r2
 509 00be DAB2     		uxtb	r2, r3
 510 00c0 3B1C     		mov	r3, r7
 511 00c2 0E33     		add	r3, r3, #14
 512 00c4 1A70     		strb	r2, [r3]
  71:.\i2c.c       **** 		
  72:.\i2c.c       **** 		return IICwriteByte(dev, reg, b);
 513              		.loc 1 72 0
 514 00c6 3B1C     		mov	r3, r7
 515 00c8 0E33     		add	r3, r3, #14
 516 00ca 1B78     		ldrb	r3, [r3]
 517 00cc FA1D     		add	r2, r7, #7
 518 00ce 1178     		ldrb	r1, [r2]
 519 00d0 BA1D     		add	r2, r7, #6
 520 00d2 1278     		ldrb	r2, [r2]
 521 00d4 081C     		mov	r0, r1
 522 00d6 111C     		mov	r1, r2
 523 00d8 1A1C     		mov	r2, r3
 524 00da FFF7FEFF 		bl	IICwriteByte
 525 00de 031C     		mov	r3, r0
 526 00e0 00E0     		b	.L22
 527              	.L20:
 528              	.LBE2:
  73:.\i2c.c       **** 	}
  74:.\i2c.c       **** 	else
  75:.\i2c.c       **** 		return 0;
 529              		.loc 1 75 0
 530 00e2 0023     		mov	r3, #0
 531              	.L22:
  76:.\i2c.c       **** }
 532              		.loc 1 76 0
 533 00e4 181C     		mov	r0, r3
 534 00e6 BD46     		mov	sp, r7
 535 00e8 05B0     		add	sp, sp, #20
 536              		@ sp needed
 537 00ea 90BD     		pop	{r4, r7, pc}
 538              		.cfi_endproc
 539              	.LFE37:
 540              		.size	IICwriteBits, .-IICwriteBits
 541              		.section	.text.IICwriteByte,"ax",%progbits
 542              		.align	2
 543              		.global	IICwriteByte
 544              		.code	16
 545              		.thumb_func
 546              		.type	IICwriteByte, %function
 547              	IICwriteByte:
 548              	.LFB38:
  77:.\i2c.c       **** 
ARM GAS  C:\Users\Sam\AppData\Local\Temp\ccFu1iam.s 			page 12


  78:.\i2c.c       **** uint8_t IICwriteByte(uint8_t dev, uint8_t reg, uint8_t data)
  79:.\i2c.c       **** {
 549              		.loc 1 79 0
 550              		.cfi_startproc
 551 0000 80B5     		push	{r7, lr}
 552              		.cfi_def_cfa_offset 8
 553              		.cfi_offset 7, -8
 554              		.cfi_offset 14, -4
 555 0002 82B0     		sub	sp, sp, #8
 556              		.cfi_def_cfa_offset 16
 557 0004 00AF     		add	r7, sp, #0
 558              		.cfi_def_cfa_register 7
 559 0006 FB1D     		add	r3, r7, #7
 560 0008 1870     		strb	r0, [r3]
 561 000a BB1D     		add	r3, r7, #6
 562 000c 1970     		strb	r1, [r3]
 563 000e 7B1D     		add	r3, r7, #5
 564 0010 1A70     		strb	r2, [r3]
  80:.\i2c.c       **** 	return IICwriteBytes(dev, reg, 1, &data);
 565              		.loc 1 80 0
 566 0012 FB1D     		add	r3, r7, #7
 567 0014 1978     		ldrb	r1, [r3]
 568 0016 BB1D     		add	r3, r7, #6
 569 0018 1A78     		ldrb	r2, [r3]
 570 001a 7B1D     		add	r3, r7, #5
 571 001c 081C     		mov	r0, r1
 572 001e 111C     		mov	r1, r2
 573 0020 0122     		mov	r2, #1
 574 0022 FFF7FEFF 		bl	IICwriteBytes
 575 0026 031C     		mov	r3, r0
  81:.\i2c.c       **** }
 576              		.loc 1 81 0
 577 0028 181C     		mov	r0, r3
 578 002a BD46     		mov	sp, r7
 579 002c 02B0     		add	sp, sp, #8
 580              		@ sp needed
 581 002e 80BD     		pop	{r7, pc}
 582              		.cfi_endproc
 583              	.LFE38:
 584              		.size	IICwriteByte, .-IICwriteByte
 585              		.section	.text.IICwriteBytes,"ax",%progbits
 586              		.align	2
 587              		.global	IICwriteBytes
 588              		.code	16
 589              		.thumb_func
 590              		.type	IICwriteBytes, %function
 591              	IICwriteBytes:
 592              	.LFB39:
  82:.\i2c.c       **** 
  83:.\i2c.c       **** uint8_t IICwriteBytes(uint8_t dev, uint8_t reg, uint8_t length, uint8_t* data)
  84:.\i2c.c       **** {
 593              		.loc 1 84 0
 594              		.cfi_startproc
 595 0000 80B5     		push	{r7, lr}
 596              		.cfi_def_cfa_offset 8
 597              		.cfi_offset 7, -8
 598              		.cfi_offset 14, -4
ARM GAS  C:\Users\Sam\AppData\Local\Temp\ccFu1iam.s 			page 13


 599 0002 84B0     		sub	sp, sp, #16
 600              		.cfi_def_cfa_offset 24
 601 0004 00AF     		add	r7, sp, #0
 602              		.cfi_def_cfa_register 7
 603 0006 3B60     		str	r3, [r7]
 604 0008 FB1D     		add	r3, r7, #7
 605 000a 1870     		strb	r0, [r3]
 606 000c BB1D     		add	r3, r7, #6
 607 000e 1970     		strb	r1, [r3]
 608 0010 7B1D     		add	r3, r7, #5
 609 0012 1A70     		strb	r2, [r3]
  85:.\i2c.c       **** 	uint8_t count = 0;
 610              		.loc 1 85 0
 611 0014 3B1C     		mov	r3, r7
 612 0016 0F33     		add	r3, r3, #15
 613 0018 0022     		mov	r2, #0
 614 001a 1A70     		strb	r2, [r3]
  86:.\i2c.c       **** 
  87:.\i2c.c       ****     I2C_MASTER_I2CMasterSendStart(dev, I2C_MASTER_I2C_WRITE_XFER_MODE);
 615              		.loc 1 87 0
 616 001c FB1D     		add	r3, r7, #7
 617 001e 1B78     		ldrb	r3, [r3]
 618 0020 181C     		mov	r0, r3
 619 0022 0021     		mov	r1, #0
 620 0024 FFF7FEFF 		bl	I2C_MASTER_I2CMasterSendStart
  88:.\i2c.c       **** 	I2C_MASTER_I2CMasterWriteByte(reg);
 621              		.loc 1 88 0
 622 0028 BB1D     		add	r3, r7, #6
 623 002a 1B78     		ldrb	r3, [r3]
 624 002c 181C     		mov	r0, r3
 625 002e FFF7FEFF 		bl	I2C_MASTER_I2CMasterWriteByte
  89:.\i2c.c       **** 	for(count = 0; count < length; count++)
 626              		.loc 1 89 0
 627 0032 3B1C     		mov	r3, r7
 628 0034 0F33     		add	r3, r3, #15
 629 0036 0022     		mov	r2, #0
 630 0038 1A70     		strb	r2, [r3]
 631 003a 0FE0     		b	.L26
 632              	.L27:
  90:.\i2c.c       **** 	{
  91:.\i2c.c       **** 		I2C_MASTER_I2CMasterWriteByte(data[count]);
 633              		.loc 1 91 0 discriminator 2
 634 003c 3B1C     		mov	r3, r7
 635 003e 0F33     		add	r3, r3, #15
 636 0040 1B78     		ldrb	r3, [r3]
 637 0042 3A68     		ldr	r2, [r7]
 638 0044 D318     		add	r3, r2, r3
 639 0046 1B78     		ldrb	r3, [r3]
 640 0048 181C     		mov	r0, r3
 641 004a FFF7FEFF 		bl	I2C_MASTER_I2CMasterWriteByte
  89:.\i2c.c       **** 	for(count = 0; count < length; count++)
 642              		.loc 1 89 0 discriminator 2
 643 004e 3B1C     		mov	r3, r7
 644 0050 0F33     		add	r3, r3, #15
 645 0052 1A78     		ldrb	r2, [r3]
 646 0054 3B1C     		mov	r3, r7
 647 0056 0F33     		add	r3, r3, #15
ARM GAS  C:\Users\Sam\AppData\Local\Temp\ccFu1iam.s 			page 14


 648 0058 0132     		add	r2, r2, #1
 649 005a 1A70     		strb	r2, [r3]
 650              	.L26:
  89:.\i2c.c       **** 	for(count = 0; count < length; count++)
 651              		.loc 1 89 0 is_stmt 0 discriminator 1
 652 005c 3A1C     		mov	r2, r7
 653 005e 0F32     		add	r2, r2, #15
 654 0060 7B1D     		add	r3, r7, #5
 655 0062 1278     		ldrb	r2, [r2]
 656 0064 1B78     		ldrb	r3, [r3]
 657 0066 9A42     		cmp	r2, r3
 658 0068 E8D3     		bcc	.L27
  92:.\i2c.c       **** 	}
  93:.\i2c.c       **** 	I2C_MASTER_I2CMasterSendStop();
 659              		.loc 1 93 0 is_stmt 1
 660 006a FFF7FEFF 		bl	I2C_MASTER_I2CMasterSendStop
  94:.\i2c.c       ****     
  95:.\i2c.c       **** 	return 1;
 661              		.loc 1 95 0
 662 006e 0123     		mov	r3, #1
  96:.\i2c.c       **** }
 663              		.loc 1 96 0
 664 0070 181C     		mov	r0, r3
 665 0072 BD46     		mov	sp, r7
 666 0074 04B0     		add	sp, sp, #16
 667              		@ sp needed
 668 0076 80BD     		pop	{r7, pc}
 669              		.cfi_endproc
 670              	.LFE39:
 671              		.size	IICwriteBytes, .-IICwriteBytes
 672              		.text
 673              	.Letext0:
 674              		.file 2 "c:\\program files (x86)\\cypress\\psoc creator\\3.1\\psoc creator\\import\\gnu_cs\\arm\\4
 675              		.file 3 "c:\\program files (x86)\\cypress\\psoc creator\\3.1\\psoc creator\\import\\gnu_cs\\arm\\4
 676              		.section	.debug_info,"",%progbits
 677              	.Ldebug_info0:
 678 0000 0A030000 		.4byte	0x30a
 679 0004 0400     		.2byte	0x4
 680 0006 00000000 		.4byte	.Ldebug_abbrev0
 681 000a 04       		.byte	0x4
 682 000b 01       		.uleb128 0x1
 683 000c 0F010000 		.4byte	.LASF29
 684 0010 01       		.byte	0x1
 685 0011 14020000 		.4byte	.LASF30
 686 0015 28000000 		.4byte	.LASF31
 687 0019 00000000 		.4byte	.Ldebug_ranges0+0
 688 001d 00000000 		.4byte	0
 689 0021 00000000 		.4byte	.Ldebug_line0
 690 0025 02       		.uleb128 0x2
 691 0026 01       		.byte	0x1
 692 0027 06       		.byte	0x6
 693 0028 FC010000 		.4byte	.LASF0
 694 002c 03       		.uleb128 0x3
 695 002d 00000000 		.4byte	.LASF9
 696 0031 02       		.byte	0x2
 697 0032 1C       		.byte	0x1c
 698 0033 37000000 		.4byte	0x37
ARM GAS  C:\Users\Sam\AppData\Local\Temp\ccFu1iam.s 			page 15


 699 0037 02       		.uleb128 0x2
 700 0038 01       		.byte	0x1
 701 0039 08       		.byte	0x8
 702 003a AE000000 		.4byte	.LASF1
 703 003e 02       		.uleb128 0x2
 704 003f 02       		.byte	0x2
 705 0040 05       		.byte	0x5
 706 0041 E2010000 		.4byte	.LASF2
 707 0045 02       		.uleb128 0x2
 708 0046 02       		.byte	0x2
 709 0047 07       		.byte	0x7
 710 0048 15000000 		.4byte	.LASF3
 711 004c 02       		.uleb128 0x2
 712 004d 04       		.byte	0x4
 713 004e 05       		.byte	0x5
 714 004f EC010000 		.4byte	.LASF4
 715 0053 02       		.uleb128 0x2
 716 0054 04       		.byte	0x4
 717 0055 07       		.byte	0x7
 718 0056 BC000000 		.4byte	.LASF5
 719 005a 02       		.uleb128 0x2
 720 005b 08       		.byte	0x8
 721 005c 05       		.byte	0x5
 722 005d A8010000 		.4byte	.LASF6
 723 0061 02       		.uleb128 0x2
 724 0062 08       		.byte	0x8
 725 0063 07       		.byte	0x7
 726 0064 F0000000 		.4byte	.LASF7
 727 0068 04       		.uleb128 0x4
 728 0069 04       		.byte	0x4
 729 006a 05       		.byte	0x5
 730 006b 696E7400 		.ascii	"int\000"
 731 006f 02       		.uleb128 0x2
 732 0070 04       		.byte	0x4
 733 0071 07       		.byte	0x7
 734 0072 E3000000 		.4byte	.LASF8
 735 0076 03       		.uleb128 0x3
 736 0077 07010000 		.4byte	.LASF10
 737 007b 03       		.byte	0x3
 738 007c 2A       		.byte	0x2a
 739 007d 2C000000 		.4byte	0x2c
 740 0081 02       		.uleb128 0x2
 741 0082 04       		.byte	0x4
 742 0083 07       		.byte	0x7
 743 0084 98010000 		.4byte	.LASF11
 744 0088 02       		.uleb128 0x2
 745 0089 01       		.byte	0x1
 746 008a 08       		.byte	0x8
 747 008b C6010000 		.4byte	.LASF12
 748 008f 02       		.uleb128 0x2
 749 0090 04       		.byte	0x4
 750 0091 04       		.byte	0x4
 751 0092 A3000000 		.4byte	.LASF13
 752 0096 02       		.uleb128 0x2
 753 0097 08       		.byte	0x8
 754 0098 04       		.byte	0x4
 755 0099 D3000000 		.4byte	.LASF14
ARM GAS  C:\Users\Sam\AppData\Local\Temp\ccFu1iam.s 			page 16


 756 009d 05       		.uleb128 0x5
 757 009e B6010000 		.4byte	.LASF17
 758 00a2 01       		.byte	0x1
 759 00a3 0B       		.byte	0xb
 760 00a4 76000000 		.4byte	0x76
 761 00a8 00000000 		.4byte	.LFB33
 762 00ac 84000000 		.4byte	.LFE33-.LFB33
 763 00b0 01       		.uleb128 0x1
 764 00b1 9C       		.byte	0x9c
 765 00b2 E1000000 		.4byte	0xe1
 766 00b6 06       		.uleb128 0x6
 767 00b7 CB010000 		.4byte	.LASF15
 768 00bb 01       		.byte	0x1
 769 00bc 0B       		.byte	0xb
 770 00bd 76000000 		.4byte	0x76
 771 00c1 02       		.uleb128 0x2
 772 00c2 91       		.byte	0x91
 773 00c3 6F       		.sleb128 -17
 774 00c4 06       		.uleb128 0x6
 775 00c5 CE000000 		.4byte	.LASF16
 776 00c9 01       		.byte	0x1
 777 00ca 0B       		.byte	0xb
 778 00cb 76000000 		.4byte	0x76
 779 00cf 02       		.uleb128 0x2
 780 00d0 91       		.byte	0x91
 781 00d1 6E       		.sleb128 -18
 782 00d2 07       		.uleb128 0x7
 783 00d3 72657300 		.ascii	"res\000"
 784 00d7 01       		.byte	0x1
 785 00d8 0D       		.byte	0xd
 786 00d9 76000000 		.4byte	0x76
 787 00dd 02       		.uleb128 0x2
 788 00de 91       		.byte	0x91
 789 00df 77       		.sleb128 -9
 790 00e0 00       		.byte	0
 791 00e1 05       		.uleb128 0x5
 792 00e2 7D000000 		.4byte	.LASF18
 793 00e6 01       		.byte	0x1
 794 00e7 18       		.byte	0x18
 795 00e8 76000000 		.4byte	0x76
 796 00ec 00000000 		.4byte	.LFB34
 797 00f0 B4000000 		.4byte	.LFE34-.LFB34
 798 00f4 01       		.uleb128 0x1
 799 00f5 9C       		.byte	0x9c
 800 00f6 41010000 		.4byte	0x141
 801 00fa 08       		.uleb128 0x8
 802 00fb 64657600 		.ascii	"dev\000"
 803 00ff 01       		.byte	0x1
 804 0100 18       		.byte	0x18
 805 0101 76000000 		.4byte	0x76
 806 0105 02       		.uleb128 0x2
 807 0106 91       		.byte	0x91
 808 0107 67       		.sleb128 -25
 809 0108 08       		.uleb128 0x8
 810 0109 72656700 		.ascii	"reg\000"
 811 010d 01       		.byte	0x1
 812 010e 18       		.byte	0x18
ARM GAS  C:\Users\Sam\AppData\Local\Temp\ccFu1iam.s 			page 17


 813 010f 76000000 		.4byte	0x76
 814 0113 02       		.uleb128 0x2
 815 0114 91       		.byte	0x91
 816 0115 66       		.sleb128 -26
 817 0116 06       		.uleb128 0x6
 818 0117 F5010000 		.4byte	.LASF19
 819 011b 01       		.byte	0x1
 820 011c 18       		.byte	0x18
 821 011d 76000000 		.4byte	0x76
 822 0121 02       		.uleb128 0x2
 823 0122 91       		.byte	0x91
 824 0123 65       		.sleb128 -27
 825 0124 06       		.uleb128 0x6
 826 0125 A9000000 		.4byte	.LASF20
 827 0129 01       		.byte	0x1
 828 012a 18       		.byte	0x18
 829 012b 41010000 		.4byte	0x141
 830 012f 02       		.uleb128 0x2
 831 0130 91       		.byte	0x91
 832 0131 60       		.sleb128 -32
 833 0132 09       		.uleb128 0x9
 834 0133 0A000000 		.4byte	.LASF21
 835 0137 01       		.byte	0x1
 836 0138 1A       		.byte	0x1a
 837 0139 76000000 		.4byte	0x76
 838 013d 02       		.uleb128 0x2
 839 013e 91       		.byte	0x91
 840 013f 6F       		.sleb128 -17
 841 0140 00       		.byte	0
 842 0141 0A       		.uleb128 0xa
 843 0142 04       		.byte	0x4
 844 0143 76000000 		.4byte	0x76
 845 0147 05       		.uleb128 0x5
 846 0148 08020000 		.4byte	.LASF22
 847 014c 01       		.byte	0x1
 848 014d 2B       		.byte	0x2b
 849 014e 76000000 		.4byte	0x76
 850 0152 00000000 		.4byte	.LFB35
 851 0156 36000000 		.4byte	.LFE35-.LFB35
 852 015a 01       		.uleb128 0x1
 853 015b 9C       		.byte	0x9c
 854 015c 8B010000 		.4byte	0x18b
 855 0160 08       		.uleb128 0x8
 856 0161 64657600 		.ascii	"dev\000"
 857 0165 01       		.byte	0x1
 858 0166 2B       		.byte	0x2b
 859 0167 76000000 		.4byte	0x76
 860 016b 02       		.uleb128 0x2
 861 016c 91       		.byte	0x91
 862 016d 77       		.sleb128 -9
 863 016e 08       		.uleb128 0x8
 864 016f 72656700 		.ascii	"reg\000"
 865 0173 01       		.byte	0x1
 866 0174 2B       		.byte	0x2b
 867 0175 76000000 		.4byte	0x76
 868 0179 02       		.uleb128 0x2
 869 017a 91       		.byte	0x91
ARM GAS  C:\Users\Sam\AppData\Local\Temp\ccFu1iam.s 			page 18


 870 017b 76       		.sleb128 -10
 871 017c 06       		.uleb128 0x6
 872 017d A9000000 		.4byte	.LASF20
 873 0181 01       		.byte	0x1
 874 0182 2B       		.byte	0x2b
 875 0183 41010000 		.4byte	0x141
 876 0187 02       		.uleb128 0x2
 877 0188 91       		.byte	0x91
 878 0189 70       		.sleb128 -16
 879 018a 00       		.byte	0
 880 018b 05       		.uleb128 0x5
 881 018c 97000000 		.4byte	.LASF23
 882 0190 01       		.byte	0x1
 883 0191 31       		.byte	0x31
 884 0192 76000000 		.4byte	0x76
 885 0196 00000000 		.4byte	.LFB36
 886 019a A2000000 		.4byte	.LFE36-.LFB36
 887 019e 01       		.uleb128 0x1
 888 019f 9C       		.byte	0x9c
 889 01a0 E9010000 		.4byte	0x1e9
 890 01a4 08       		.uleb128 0x8
 891 01a5 64657600 		.ascii	"dev\000"
 892 01a9 01       		.byte	0x1
 893 01aa 31       		.byte	0x31
 894 01ab 76000000 		.4byte	0x76
 895 01af 02       		.uleb128 0x2
 896 01b0 91       		.byte	0x91
 897 01b1 67       		.sleb128 -25
 898 01b2 08       		.uleb128 0x8
 899 01b3 72656700 		.ascii	"reg\000"
 900 01b7 01       		.byte	0x1
 901 01b8 31       		.byte	0x31
 902 01b9 76000000 		.4byte	0x76
 903 01bd 02       		.uleb128 0x2
 904 01be 91       		.byte	0x91
 905 01bf 66       		.sleb128 -26
 906 01c0 06       		.uleb128 0x6
 907 01c1 A1010000 		.4byte	.LASF24
 908 01c5 01       		.byte	0x1
 909 01c6 31       		.byte	0x31
 910 01c7 76000000 		.4byte	0x76
 911 01cb 02       		.uleb128 0x2
 912 01cc 91       		.byte	0x91
 913 01cd 65       		.sleb128 -27
 914 01ce 06       		.uleb128 0x6
 915 01cf A9000000 		.4byte	.LASF20
 916 01d3 01       		.byte	0x1
 917 01d4 31       		.byte	0x31
 918 01d5 76000000 		.4byte	0x76
 919 01d9 02       		.uleb128 0x2
 920 01da 91       		.byte	0x91
 921 01db 64       		.sleb128 -28
 922 01dc 07       		.uleb128 0x7
 923 01dd 6200     		.ascii	"b\000"
 924 01df 01       		.byte	0x1
 925 01e0 33       		.byte	0x33
 926 01e1 76000000 		.4byte	0x76
ARM GAS  C:\Users\Sam\AppData\Local\Temp\ccFu1iam.s 			page 19


 927 01e5 02       		.uleb128 0x2
 928 01e6 91       		.byte	0x91
 929 01e7 6F       		.sleb128 -17
 930 01e8 00       		.byte	0
 931 01e9 05       		.uleb128 0x5
 932 01ea 8A000000 		.4byte	.LASF25
 933 01ee 01       		.byte	0x1
 934 01ef 3B       		.byte	0x3b
 935 01f0 76000000 		.4byte	0x76
 936 01f4 00000000 		.4byte	.LFB37
 937 01f8 EC000000 		.4byte	.LFE37-.LFB37
 938 01fc 01       		.uleb128 0x1
 939 01fd 9C       		.byte	0x9c
 940 01fe 6D020000 		.4byte	0x26d
 941 0202 08       		.uleb128 0x8
 942 0203 64657600 		.ascii	"dev\000"
 943 0207 01       		.byte	0x1
 944 0208 3B       		.byte	0x3b
 945 0209 76000000 		.4byte	0x76
 946 020d 02       		.uleb128 0x2
 947 020e 91       		.byte	0x91
 948 020f 67       		.sleb128 -25
 949 0210 08       		.uleb128 0x8
 950 0211 72656700 		.ascii	"reg\000"
 951 0215 01       		.byte	0x1
 952 0216 3B       		.byte	0x3b
 953 0217 76000000 		.4byte	0x76
 954 021b 02       		.uleb128 0x2
 955 021c 91       		.byte	0x91
 956 021d 66       		.sleb128 -26
 957 021e 06       		.uleb128 0x6
 958 021f DA000000 		.4byte	.LASF26
 959 0223 01       		.byte	0x1
 960 0224 3B       		.byte	0x3b
 961 0225 76000000 		.4byte	0x76
 962 0229 02       		.uleb128 0x2
 963 022a 91       		.byte	0x91
 964 022b 65       		.sleb128 -27
 965 022c 06       		.uleb128 0x6
 966 022d F5010000 		.4byte	.LASF19
 967 0231 01       		.byte	0x1
 968 0232 3B       		.byte	0x3b
 969 0233 76000000 		.4byte	0x76
 970 0237 02       		.uleb128 0x2
 971 0238 91       		.byte	0x91
 972 0239 64       		.sleb128 -28
 973 023a 06       		.uleb128 0x6
 974 023b A9000000 		.4byte	.LASF20
 975 023f 01       		.byte	0x1
 976 0240 3B       		.byte	0x3b
 977 0241 76000000 		.4byte	0x76
 978 0245 02       		.uleb128 0x2
 979 0246 91       		.byte	0x91
 980 0247 00       		.sleb128 0
 981 0248 07       		.uleb128 0x7
 982 0249 6200     		.ascii	"b\000"
 983 024b 01       		.byte	0x1
ARM GAS  C:\Users\Sam\AppData\Local\Temp\ccFu1iam.s 			page 20


 984 024c 3D       		.byte	0x3d
 985 024d 76000000 		.4byte	0x76
 986 0251 02       		.uleb128 0x2
 987 0252 91       		.byte	0x91
 988 0253 6E       		.sleb128 -18
 989 0254 0B       		.uleb128 0xb
 990 0255 3A000000 		.4byte	.LBB2
 991 0259 A8000000 		.4byte	.LBE2-.LBB2
 992 025d 09       		.uleb128 0x9
 993 025e 10000000 		.4byte	.LASF27
 994 0262 01       		.byte	0x1
 995 0263 41       		.byte	0x41
 996 0264 76000000 		.4byte	0x76
 997 0268 02       		.uleb128 0x2
 998 0269 91       		.byte	0x91
 999 026a 6F       		.sleb128 -17
 1000 026b 00       		.byte	0
 1001 026c 00       		.byte	0
 1002 026d 05       		.uleb128 0x5
 1003 026e 8B010000 		.4byte	.LASF28
 1004 0272 01       		.byte	0x1
 1005 0273 4E       		.byte	0x4e
 1006 0274 76000000 		.4byte	0x76
 1007 0278 00000000 		.4byte	.LFB38
 1008 027c 30000000 		.4byte	.LFE38-.LFB38
 1009 0280 01       		.uleb128 0x1
 1010 0281 9C       		.byte	0x9c
 1011 0282 B1020000 		.4byte	0x2b1
 1012 0286 08       		.uleb128 0x8
 1013 0287 64657600 		.ascii	"dev\000"
 1014 028b 01       		.byte	0x1
 1015 028c 4E       		.byte	0x4e
 1016 028d 76000000 		.4byte	0x76
 1017 0291 02       		.uleb128 0x2
 1018 0292 91       		.byte	0x91
 1019 0293 77       		.sleb128 -9
 1020 0294 08       		.uleb128 0x8
 1021 0295 72656700 		.ascii	"reg\000"
 1022 0299 01       		.byte	0x1
 1023 029a 4E       		.byte	0x4e
 1024 029b 76000000 		.4byte	0x76
 1025 029f 02       		.uleb128 0x2
 1026 02a0 91       		.byte	0x91
 1027 02a1 76       		.sleb128 -10
 1028 02a2 06       		.uleb128 0x6
 1029 02a3 A9000000 		.4byte	.LASF20
 1030 02a7 01       		.byte	0x1
 1031 02a8 4E       		.byte	0x4e
 1032 02a9 76000000 		.4byte	0x76
 1033 02ad 02       		.uleb128 0x2
 1034 02ae 91       		.byte	0x91
 1035 02af 75       		.sleb128 -11
 1036 02b0 00       		.byte	0
 1037 02b1 0C       		.uleb128 0xc
 1038 02b2 D4010000 		.4byte	.LASF32
 1039 02b6 01       		.byte	0x1
 1040 02b7 53       		.byte	0x53
ARM GAS  C:\Users\Sam\AppData\Local\Temp\ccFu1iam.s 			page 21


 1041 02b8 76000000 		.4byte	0x76
 1042 02bc 00000000 		.4byte	.LFB39
 1043 02c0 78000000 		.4byte	.LFE39-.LFB39
 1044 02c4 01       		.uleb128 0x1
 1045 02c5 9C       		.byte	0x9c
 1046 02c6 08       		.uleb128 0x8
 1047 02c7 64657600 		.ascii	"dev\000"
 1048 02cb 01       		.byte	0x1
 1049 02cc 53       		.byte	0x53
 1050 02cd 76000000 		.4byte	0x76
 1051 02d1 02       		.uleb128 0x2
 1052 02d2 91       		.byte	0x91
 1053 02d3 6F       		.sleb128 -17
 1054 02d4 08       		.uleb128 0x8
 1055 02d5 72656700 		.ascii	"reg\000"
 1056 02d9 01       		.byte	0x1
 1057 02da 53       		.byte	0x53
 1058 02db 76000000 		.4byte	0x76
 1059 02df 02       		.uleb128 0x2
 1060 02e0 91       		.byte	0x91
 1061 02e1 6E       		.sleb128 -18
 1062 02e2 06       		.uleb128 0x6
 1063 02e3 F5010000 		.4byte	.LASF19
 1064 02e7 01       		.byte	0x1
 1065 02e8 53       		.byte	0x53
 1066 02e9 76000000 		.4byte	0x76
 1067 02ed 02       		.uleb128 0x2
 1068 02ee 91       		.byte	0x91
 1069 02ef 6D       		.sleb128 -19
 1070 02f0 06       		.uleb128 0x6
 1071 02f1 A9000000 		.4byte	.LASF20
 1072 02f5 01       		.byte	0x1
 1073 02f6 53       		.byte	0x53
 1074 02f7 41010000 		.4byte	0x141
 1075 02fb 02       		.uleb128 0x2
 1076 02fc 91       		.byte	0x91
 1077 02fd 68       		.sleb128 -24
 1078 02fe 09       		.uleb128 0x9
 1079 02ff 0A000000 		.4byte	.LASF21
 1080 0303 01       		.byte	0x1
 1081 0304 55       		.byte	0x55
 1082 0305 76000000 		.4byte	0x76
 1083 0309 02       		.uleb128 0x2
 1084 030a 91       		.byte	0x91
 1085 030b 77       		.sleb128 -9
 1086 030c 00       		.byte	0
 1087 030d 00       		.byte	0
 1088              		.section	.debug_abbrev,"",%progbits
 1089              	.Ldebug_abbrev0:
 1090 0000 01       		.uleb128 0x1
 1091 0001 11       		.uleb128 0x11
 1092 0002 01       		.byte	0x1
 1093 0003 25       		.uleb128 0x25
 1094 0004 0E       		.uleb128 0xe
 1095 0005 13       		.uleb128 0x13
 1096 0006 0B       		.uleb128 0xb
 1097 0007 03       		.uleb128 0x3
ARM GAS  C:\Users\Sam\AppData\Local\Temp\ccFu1iam.s 			page 22


 1098 0008 0E       		.uleb128 0xe
 1099 0009 1B       		.uleb128 0x1b
 1100 000a 0E       		.uleb128 0xe
 1101 000b 55       		.uleb128 0x55
 1102 000c 17       		.uleb128 0x17
 1103 000d 11       		.uleb128 0x11
 1104 000e 01       		.uleb128 0x1
 1105 000f 10       		.uleb128 0x10
 1106 0010 17       		.uleb128 0x17
 1107 0011 00       		.byte	0
 1108 0012 00       		.byte	0
 1109 0013 02       		.uleb128 0x2
 1110 0014 24       		.uleb128 0x24
 1111 0015 00       		.byte	0
 1112 0016 0B       		.uleb128 0xb
 1113 0017 0B       		.uleb128 0xb
 1114 0018 3E       		.uleb128 0x3e
 1115 0019 0B       		.uleb128 0xb
 1116 001a 03       		.uleb128 0x3
 1117 001b 0E       		.uleb128 0xe
 1118 001c 00       		.byte	0
 1119 001d 00       		.byte	0
 1120 001e 03       		.uleb128 0x3
 1121 001f 16       		.uleb128 0x16
 1122 0020 00       		.byte	0
 1123 0021 03       		.uleb128 0x3
 1124 0022 0E       		.uleb128 0xe
 1125 0023 3A       		.uleb128 0x3a
 1126 0024 0B       		.uleb128 0xb
 1127 0025 3B       		.uleb128 0x3b
 1128 0026 0B       		.uleb128 0xb
 1129 0027 49       		.uleb128 0x49
 1130 0028 13       		.uleb128 0x13
 1131 0029 00       		.byte	0
 1132 002a 00       		.byte	0
 1133 002b 04       		.uleb128 0x4
 1134 002c 24       		.uleb128 0x24
 1135 002d 00       		.byte	0
 1136 002e 0B       		.uleb128 0xb
 1137 002f 0B       		.uleb128 0xb
 1138 0030 3E       		.uleb128 0x3e
 1139 0031 0B       		.uleb128 0xb
 1140 0032 03       		.uleb128 0x3
 1141 0033 08       		.uleb128 0x8
 1142 0034 00       		.byte	0
 1143 0035 00       		.byte	0
 1144 0036 05       		.uleb128 0x5
 1145 0037 2E       		.uleb128 0x2e
 1146 0038 01       		.byte	0x1
 1147 0039 3F       		.uleb128 0x3f
 1148 003a 19       		.uleb128 0x19
 1149 003b 03       		.uleb128 0x3
 1150 003c 0E       		.uleb128 0xe
 1151 003d 3A       		.uleb128 0x3a
 1152 003e 0B       		.uleb128 0xb
 1153 003f 3B       		.uleb128 0x3b
 1154 0040 0B       		.uleb128 0xb
ARM GAS  C:\Users\Sam\AppData\Local\Temp\ccFu1iam.s 			page 23


 1155 0041 27       		.uleb128 0x27
 1156 0042 19       		.uleb128 0x19
 1157 0043 49       		.uleb128 0x49
 1158 0044 13       		.uleb128 0x13
 1159 0045 11       		.uleb128 0x11
 1160 0046 01       		.uleb128 0x1
 1161 0047 12       		.uleb128 0x12
 1162 0048 06       		.uleb128 0x6
 1163 0049 40       		.uleb128 0x40
 1164 004a 18       		.uleb128 0x18
 1165 004b 9642     		.uleb128 0x2116
 1166 004d 19       		.uleb128 0x19
 1167 004e 01       		.uleb128 0x1
 1168 004f 13       		.uleb128 0x13
 1169 0050 00       		.byte	0
 1170 0051 00       		.byte	0
 1171 0052 06       		.uleb128 0x6
 1172 0053 05       		.uleb128 0x5
 1173 0054 00       		.byte	0
 1174 0055 03       		.uleb128 0x3
 1175 0056 0E       		.uleb128 0xe
 1176 0057 3A       		.uleb128 0x3a
 1177 0058 0B       		.uleb128 0xb
 1178 0059 3B       		.uleb128 0x3b
 1179 005a 0B       		.uleb128 0xb
 1180 005b 49       		.uleb128 0x49
 1181 005c 13       		.uleb128 0x13
 1182 005d 02       		.uleb128 0x2
 1183 005e 18       		.uleb128 0x18
 1184 005f 00       		.byte	0
 1185 0060 00       		.byte	0
 1186 0061 07       		.uleb128 0x7
 1187 0062 34       		.uleb128 0x34
 1188 0063 00       		.byte	0
 1189 0064 03       		.uleb128 0x3
 1190 0065 08       		.uleb128 0x8
 1191 0066 3A       		.uleb128 0x3a
 1192 0067 0B       		.uleb128 0xb
 1193 0068 3B       		.uleb128 0x3b
 1194 0069 0B       		.uleb128 0xb
 1195 006a 49       		.uleb128 0x49
 1196 006b 13       		.uleb128 0x13
 1197 006c 02       		.uleb128 0x2
 1198 006d 18       		.uleb128 0x18
 1199 006e 00       		.byte	0
 1200 006f 00       		.byte	0
 1201 0070 08       		.uleb128 0x8
 1202 0071 05       		.uleb128 0x5
 1203 0072 00       		.byte	0
 1204 0073 03       		.uleb128 0x3
 1205 0074 08       		.uleb128 0x8
 1206 0075 3A       		.uleb128 0x3a
 1207 0076 0B       		.uleb128 0xb
 1208 0077 3B       		.uleb128 0x3b
 1209 0078 0B       		.uleb128 0xb
 1210 0079 49       		.uleb128 0x49
 1211 007a 13       		.uleb128 0x13
ARM GAS  C:\Users\Sam\AppData\Local\Temp\ccFu1iam.s 			page 24


 1212 007b 02       		.uleb128 0x2
 1213 007c 18       		.uleb128 0x18
 1214 007d 00       		.byte	0
 1215 007e 00       		.byte	0
 1216 007f 09       		.uleb128 0x9
 1217 0080 34       		.uleb128 0x34
 1218 0081 00       		.byte	0
 1219 0082 03       		.uleb128 0x3
 1220 0083 0E       		.uleb128 0xe
 1221 0084 3A       		.uleb128 0x3a
 1222 0085 0B       		.uleb128 0xb
 1223 0086 3B       		.uleb128 0x3b
 1224 0087 0B       		.uleb128 0xb
 1225 0088 49       		.uleb128 0x49
 1226 0089 13       		.uleb128 0x13
 1227 008a 02       		.uleb128 0x2
 1228 008b 18       		.uleb128 0x18
 1229 008c 00       		.byte	0
 1230 008d 00       		.byte	0
 1231 008e 0A       		.uleb128 0xa
 1232 008f 0F       		.uleb128 0xf
 1233 0090 00       		.byte	0
 1234 0091 0B       		.uleb128 0xb
 1235 0092 0B       		.uleb128 0xb
 1236 0093 49       		.uleb128 0x49
 1237 0094 13       		.uleb128 0x13
 1238 0095 00       		.byte	0
 1239 0096 00       		.byte	0
 1240 0097 0B       		.uleb128 0xb
 1241 0098 0B       		.uleb128 0xb
 1242 0099 01       		.byte	0x1
 1243 009a 11       		.uleb128 0x11
 1244 009b 01       		.uleb128 0x1
 1245 009c 12       		.uleb128 0x12
 1246 009d 06       		.uleb128 0x6
 1247 009e 00       		.byte	0
 1248 009f 00       		.byte	0
 1249 00a0 0C       		.uleb128 0xc
 1250 00a1 2E       		.uleb128 0x2e
 1251 00a2 01       		.byte	0x1
 1252 00a3 3F       		.uleb128 0x3f
 1253 00a4 19       		.uleb128 0x19
 1254 00a5 03       		.uleb128 0x3
 1255 00a6 0E       		.uleb128 0xe
 1256 00a7 3A       		.uleb128 0x3a
 1257 00a8 0B       		.uleb128 0xb
 1258 00a9 3B       		.uleb128 0x3b
 1259 00aa 0B       		.uleb128 0xb
 1260 00ab 27       		.uleb128 0x27
 1261 00ac 19       		.uleb128 0x19
 1262 00ad 49       		.uleb128 0x49
 1263 00ae 13       		.uleb128 0x13
 1264 00af 11       		.uleb128 0x11
 1265 00b0 01       		.uleb128 0x1
 1266 00b1 12       		.uleb128 0x12
 1267 00b2 06       		.uleb128 0x6
 1268 00b3 40       		.uleb128 0x40
ARM GAS  C:\Users\Sam\AppData\Local\Temp\ccFu1iam.s 			page 25


 1269 00b4 18       		.uleb128 0x18
 1270 00b5 9642     		.uleb128 0x2116
 1271 00b7 19       		.uleb128 0x19
 1272 00b8 00       		.byte	0
 1273 00b9 00       		.byte	0
 1274 00ba 00       		.byte	0
 1275              		.section	.debug_aranges,"",%progbits
 1276 0000 4C000000 		.4byte	0x4c
 1277 0004 0200     		.2byte	0x2
 1278 0006 00000000 		.4byte	.Ldebug_info0
 1279 000a 04       		.byte	0x4
 1280 000b 00       		.byte	0
 1281 000c 0000     		.2byte	0
 1282 000e 0000     		.2byte	0
 1283 0010 00000000 		.4byte	.LFB33
 1284 0014 84000000 		.4byte	.LFE33-.LFB33
 1285 0018 00000000 		.4byte	.LFB34
 1286 001c B4000000 		.4byte	.LFE34-.LFB34
 1287 0020 00000000 		.4byte	.LFB35
 1288 0024 36000000 		.4byte	.LFE35-.LFB35
 1289 0028 00000000 		.4byte	.LFB36
 1290 002c A2000000 		.4byte	.LFE36-.LFB36
 1291 0030 00000000 		.4byte	.LFB37
 1292 0034 EC000000 		.4byte	.LFE37-.LFB37
 1293 0038 00000000 		.4byte	.LFB38
 1294 003c 30000000 		.4byte	.LFE38-.LFB38
 1295 0040 00000000 		.4byte	.LFB39
 1296 0044 78000000 		.4byte	.LFE39-.LFB39
 1297 0048 00000000 		.4byte	0
 1298 004c 00000000 		.4byte	0
 1299              		.section	.debug_ranges,"",%progbits
 1300              	.Ldebug_ranges0:
 1301 0000 00000000 		.4byte	.LFB33
 1302 0004 84000000 		.4byte	.LFE33
 1303 0008 00000000 		.4byte	.LFB34
 1304 000c B4000000 		.4byte	.LFE34
 1305 0010 00000000 		.4byte	.LFB35
 1306 0014 36000000 		.4byte	.LFE35
 1307 0018 00000000 		.4byte	.LFB36
 1308 001c A2000000 		.4byte	.LFE36
 1309 0020 00000000 		.4byte	.LFB37
 1310 0024 EC000000 		.4byte	.LFE37
 1311 0028 00000000 		.4byte	.LFB38
 1312 002c 30000000 		.4byte	.LFE38
 1313 0030 00000000 		.4byte	.LFB39
 1314 0034 78000000 		.4byte	.LFE39
 1315 0038 00000000 		.4byte	0
 1316 003c 00000000 		.4byte	0
 1317              		.section	.debug_line,"",%progbits
 1318              	.Ldebug_line0:
 1319 0000 08020000 		.section	.debug_str,"MS",%progbits,1
 1319      02001C01 
 1319      00000201 
 1319      FB0E0D00 
 1319      01010101 
 1320              	.LASF9:
 1321 0000 5F5F7569 		.ascii	"__uint8_t\000"
ARM GAS  C:\Users\Sam\AppData\Local\Temp\ccFu1iam.s 			page 26


 1321      6E74385F 
 1321      7400
 1322              	.LASF21:
 1323 000a 636F756E 		.ascii	"count\000"
 1323      7400
 1324              	.LASF27:
 1325 0010 6D61736B 		.ascii	"mask\000"
 1325      00
 1326              	.LASF3:
 1327 0015 73686F72 		.ascii	"short unsigned int\000"
 1327      7420756E 
 1327      7369676E 
 1327      65642069 
 1327      6E7400
 1328              	.LASF31:
 1329 0028 433A5C55 		.ascii	"C:\\Users\\Sam\\OneDrive\\Github\\PSoC-4-Compass-Se"
 1329      73657273 
 1329      5C53616D 
 1329      5C4F6E65 
 1329      44726976 
 1330 0056 6E736F72 		.ascii	"nsor\\PSoC 4 Compass Modbus Slave.cydsn\000"
 1330      5C50536F 
 1330      43203420 
 1330      436F6D70 
 1330      61737320 
 1331              	.LASF18:
 1332 007d 49494372 		.ascii	"IICreadBytes\000"
 1332      65616442 
 1332      79746573 
 1332      00
 1333              	.LASF25:
 1334 008a 49494377 		.ascii	"IICwriteBits\000"
 1334      72697465 
 1334      42697473 
 1334      00
 1335              	.LASF23:
 1336 0097 49494377 		.ascii	"IICwriteBit\000"
 1336      72697465 
 1336      42697400 
 1337              	.LASF13:
 1338 00a3 666C6F61 		.ascii	"float\000"
 1338      7400
 1339              	.LASF20:
 1340 00a9 64617461 		.ascii	"data\000"
 1340      00
 1341              	.LASF1:
 1342 00ae 756E7369 		.ascii	"unsigned char\000"
 1342      676E6564 
 1342      20636861 
 1342      7200
 1343              	.LASF5:
 1344 00bc 6C6F6E67 		.ascii	"long unsigned int\000"
 1344      20756E73 
 1344      69676E65 
 1344      6420696E 
 1344      7400
 1345              	.LASF16:
ARM GAS  C:\Users\Sam\AppData\Local\Temp\ccFu1iam.s 			page 27


 1346 00ce 61646472 		.ascii	"addr\000"
 1346      00
 1347              	.LASF14:
 1348 00d3 646F7562 		.ascii	"double\000"
 1348      6C6500
 1349              	.LASF26:
 1350 00da 62697453 		.ascii	"bitStart\000"
 1350      74617274 
 1350      00
 1351              	.LASF8:
 1352 00e3 756E7369 		.ascii	"unsigned int\000"
 1352      676E6564 
 1352      20696E74 
 1352      00
 1353              	.LASF7:
 1354 00f0 6C6F6E67 		.ascii	"long long unsigned int\000"
 1354      206C6F6E 
 1354      6720756E 
 1354      7369676E 
 1354      65642069 
 1355              	.LASF10:
 1356 0107 75696E74 		.ascii	"uint8_t\000"
 1356      385F7400 
 1357              	.LASF29:
 1358 010f 474E5520 		.ascii	"GNU C 4.8.4 20140526 (release) [ARM/embedded-4_8-br"
 1358      4320342E 
 1358      382E3420 
 1358      32303134 
 1358      30353236 
 1359 0142 616E6368 		.ascii	"anch revision 211358] -mcpu=cortex-m0 -mthumb -g -O"
 1359      20726576 
 1359      6973696F 
 1359      6E203231 
 1359      31333538 
 1360 0175 30202D66 		.ascii	"0 -ffunction-sections\000"
 1360      66756E63 
 1360      74696F6E 
 1360      2D736563 
 1360      74696F6E 
 1361              	.LASF28:
 1362 018b 49494377 		.ascii	"IICwriteByte\000"
 1362      72697465 
 1362      42797465 
 1362      00
 1363              	.LASF11:
 1364 0198 73697A65 		.ascii	"sizetype\000"
 1364      74797065 
 1364      00
 1365              	.LASF24:
 1366 01a1 6269744E 		.ascii	"bitNum\000"
 1366      756D00
 1367              	.LASF6:
 1368 01a8 6C6F6E67 		.ascii	"long long int\000"
 1368      206C6F6E 
 1368      6720696E 
 1368      7400
 1369              	.LASF17:
ARM GAS  C:\Users\Sam\AppData\Local\Temp\ccFu1iam.s 			page 28


 1370 01b6 4932435F 		.ascii	"I2C_ReadOneByte\000"
 1370      52656164 
 1370      4F6E6542 
 1370      79746500 
 1371              	.LASF12:
 1372 01c6 63686172 		.ascii	"char\000"
 1372      00
 1373              	.LASF15:
 1374 01cb 4932435F 		.ascii	"I2C_Addr\000"
 1374      41646472 
 1374      00
 1375              	.LASF32:
 1376 01d4 49494377 		.ascii	"IICwriteBytes\000"
 1376      72697465 
 1376      42797465 
 1376      7300
 1377              	.LASF2:
 1378 01e2 73686F72 		.ascii	"short int\000"
 1378      7420696E 
 1378      7400
 1379              	.LASF4:
 1380 01ec 6C6F6E67 		.ascii	"long int\000"
 1380      20696E74 
 1380      00
 1381              	.LASF19:
 1382 01f5 6C656E67 		.ascii	"length\000"
 1382      746800
 1383              	.LASF0:
 1384 01fc 7369676E 		.ascii	"signed char\000"
 1384      65642063 
 1384      68617200 
 1385              	.LASF22:
 1386 0208 49494372 		.ascii	"IICreadByte\000"
 1386      65616442 
 1386      79746500 
 1387              	.LASF30:
 1388 0214 2E5C6932 		.ascii	".\\i2c.c\000"
 1388      632E6300 
 1389              		.ident	"GCC: (GNU Tools for ARM Embedded Processors) 4.8.4 20140526 (release) [ARM/embedded-4_8-br
