ARM GAS  C:\Users\Sam\AppData\Local\Temp\ccV6MXSK.s 			page 1


   1              		.cpu cortex-m0
   2              		.fpu softvfp
   3              		.eabi_attribute 20, 1
   4              		.eabi_attribute 21, 1
   5              		.eabi_attribute 23, 3
   6              		.eabi_attribute 24, 1
   7              		.eabi_attribute 25, 1
   8              		.eabi_attribute 26, 1
   9              		.eabi_attribute 30, 6
  10              		.eabi_attribute 34, 0
  11              		.eabi_attribute 18, 4
  12              		.code	16
  13              		.file	"interrupts.c"
  14              		.text
  15              	.Ltext0:
  16              		.cfi_sections	.debug_frame
  17              		.comm	messageTimerFlag,1,1
  18              		.comm	messageReceivedFlag,1,1
  19              		.comm	encoderInterruptFlag,1,1
  20              		.comm	speedInterruptFlag,1,1
  21              		.section	.text.messageReceived_isr,"ax",%progbits
  22              		.align	2
  23              		.global	messageReceived_isr
  24              		.code	16
  25              		.thumb_func
  26              		.type	messageReceived_isr, %function
  27              	messageReceived_isr:
  28              	.LFB33:
  29              		.file 1 ".\\interrupts.c"
   1:.\interrupts.c **** /* ========================================
   2:.\interrupts.c ****  *
   3:.\interrupts.c ****  * Copyright Sam Walsh, 2014
   4:.\interrupts.c ****  * All Rights Reserved.
   5:.\interrupts.c ****  *
   6:.\interrupts.c ****  * Interrupts.c Contains all the interrupts, put your own in here..
   7:.\interrupts.c ****  *
   8:.\interrupts.c ****  * ========================================
   9:.\interrupts.c **** */
  10:.\interrupts.c **** #include <project.h>
  11:.\interrupts.c **** #include <cydevice_trm.h>
  12:.\interrupts.c **** #include <CyLib.h>
  13:.\interrupts.c **** #include <interrupts.h>
  14:.\interrupts.c **** #include <ModbusUART.h>
  15:.\interrupts.c **** #include <MessageTimer.h>
  16:.\interrupts.c **** #include <Modbus.h>
  17:.\interrupts.c **** 
  18:.\interrupts.c **** volatile uint8 messageTimerFlag;
  19:.\interrupts.c **** volatile uint8 messageReceivedFlag;
  20:.\interrupts.c **** volatile uint8 encoderInterruptFlag;
  21:.\interrupts.c **** volatile uint8 speedInterruptFlag;
  22:.\interrupts.c **** 
  23:.\interrupts.c **** extern unsigned char response[125]; //Enough to return all holding-r's
  24:.\interrupts.c **** extern unsigned char received[125]; //Enough to write all holding-r's 
  25:.\interrupts.c **** 
  26:.\interrupts.c **** 
  27:.\interrupts.c **** CY_ISR(messageReceived_isr) 
  28:.\interrupts.c **** {
ARM GAS  C:\Users\Sam\AppData\Local\Temp\ccV6MXSK.s 			page 2


  30              		.loc 1 28 0
  31              		.cfi_startproc
  32 0000 80B5     		push	{r7, lr}
  33              		.cfi_def_cfa_offset 8
  34              		.cfi_offset 7, -8
  35              		.cfi_offset 14, -4
  36 0002 82B0     		sub	sp, sp, #8
  37              		.cfi_def_cfa_offset 16
  38 0004 00AF     		add	r7, sp, #0
  39              		.cfi_def_cfa_register 7
  29:.\interrupts.c ****     decodeMessage();  
  40              		.loc 1 29 0
  41 0006 FFF7FEFF 		bl	decodeMessage
  30:.\interrupts.c ****     //Clear the interrupt//
  31:.\interrupts.c ****     uint32 source;
  32:.\interrupts.c ****     messageReceivedFlag = 1;
  42              		.loc 1 32 0
  43 000a 064B     		ldr	r3, .L2
  44 000c 0122     		mov	r2, #1
  45 000e 1A70     		strb	r2, [r3]
  33:.\interrupts.c ****     source = ModbusUART_GetRxInterruptSourceMasked();
  46              		.loc 1 33 0
  47 0010 054B     		ldr	r3, .L2+4
  48 0012 1B68     		ldr	r3, [r3]
  49 0014 7B60     		str	r3, [r7, #4]
  34:.\interrupts.c ****     ModbusUART_ClearRxInterruptSource(source);
  50              		.loc 1 34 0
  51 0016 054B     		ldr	r3, .L2+8
  52 0018 7A68     		ldr	r2, [r7, #4]
  53 001a 1A60     		str	r2, [r3]
  35:.\interrupts.c **** }
  54              		.loc 1 35 0
  55 001c BD46     		mov	sp, r7
  56 001e 02B0     		add	sp, sp, #8
  57              		@ sp needed
  58 0020 80BD     		pop	{r7, pc}
  59              	.L3:
  60 0022 C046     		.align	2
  61              	.L2:
  62 0024 00000000 		.word	messageReceivedFlag
  63 0028 CC0F0740 		.word	1074204620
  64 002c C00F0740 		.word	1074204608
  65              		.cfi_endproc
  66              	.LFE33:
  67              		.size	messageReceived_isr, .-messageReceived_isr
  68              		.section	.text.endOfMessage_isr,"ax",%progbits
  69              		.align	2
  70              		.global	endOfMessage_isr
  71              		.code	16
  72              		.thumb_func
  73              		.type	endOfMessage_isr, %function
  74              	endOfMessage_isr:
  75              	.LFB34:
  36:.\interrupts.c **** 
  37:.\interrupts.c **** CY_ISR(endOfMessage_isr) 
  38:.\interrupts.c **** {
  76              		.loc 1 38 0
ARM GAS  C:\Users\Sam\AppData\Local\Temp\ccV6MXSK.s 			page 3


  77              		.cfi_startproc
  78 0000 80B5     		push	{r7, lr}
  79              		.cfi_def_cfa_offset 8
  80              		.cfi_offset 7, -8
  81              		.cfi_offset 14, -4
  82 0002 82B0     		sub	sp, sp, #8
  83              		.cfi_def_cfa_offset 16
  84 0004 00AF     		add	r7, sp, #0
  85              		.cfi_def_cfa_register 7
  39:.\interrupts.c ****     checkIfEndOfMessage();
  86              		.loc 1 39 0
  87 0006 FFF7FEFF 		bl	checkIfEndOfMessage
  40:.\interrupts.c ****     //Clear the interrupt//
  41:.\interrupts.c ****     uint32 source = 0;
  88              		.loc 1 41 0
  89 000a 0023     		mov	r3, #0
  90 000c 7B60     		str	r3, [r7, #4]
  42:.\interrupts.c ****     messageTimerFlag = 1;
  91              		.loc 1 42 0
  92 000e 074B     		ldr	r3, .L5
  93 0010 0122     		mov	r2, #1
  94 0012 1A70     		strb	r2, [r3]
  43:.\interrupts.c ****     source = MessageTimer_GetInterruptSource();
  95              		.loc 1 43 0
  96 0014 FFF7FEFF 		bl	MessageTimer_GetInterruptSource
  97 0018 031C     		mov	r3, r0
  98 001a 7B60     		str	r3, [r7, #4]
  44:.\interrupts.c ****     MessageTimer_ClearInterrupt(source);
  99              		.loc 1 44 0
 100 001c 7B68     		ldr	r3, [r7, #4]
 101 001e 181C     		mov	r0, r3
 102 0020 FFF7FEFF 		bl	MessageTimer_ClearInterrupt
  45:.\interrupts.c **** }
 103              		.loc 1 45 0
 104 0024 BD46     		mov	sp, r7
 105 0026 02B0     		add	sp, sp, #8
 106              		@ sp needed
 107 0028 80BD     		pop	{r7, pc}
 108              	.L6:
 109 002a C046     		.align	2
 110              	.L5:
 111 002c 00000000 		.word	messageTimerFlag
 112              		.cfi_endproc
 113              	.LFE34:
 114              		.size	endOfMessage_isr, .-endOfMessage_isr
 115              		.section	.text.speed_isr,"ax",%progbits
 116              		.align	2
 117              		.global	speed_isr
 118              		.code	16
 119              		.thumb_func
 120              		.type	speed_isr, %function
 121              	speed_isr:
 122              	.LFB35:
  46:.\interrupts.c **** 
  47:.\interrupts.c **** 
  48:.\interrupts.c **** CY_ISR(speed_isr) 
  49:.\interrupts.c **** {
ARM GAS  C:\Users\Sam\AppData\Local\Temp\ccV6MXSK.s 			page 4


 123              		.loc 1 49 0
 124              		.cfi_startproc
 125 0000 80B5     		push	{r7, lr}
 126              		.cfi_def_cfa_offset 8
 127              		.cfi_offset 7, -8
 128              		.cfi_offset 14, -4
 129 0002 00AF     		add	r7, sp, #0
 130              		.cfi_def_cfa_register 7
  50:.\interrupts.c ****    speedInterruptFlag = 1;
 131              		.loc 1 50 0
 132 0004 034B     		ldr	r3, .L8
 133 0006 0122     		mov	r2, #1
 134 0008 1A70     		strb	r2, [r3]
  51:.\interrupts.c ****    SpeedTimer_ReadStatusRegister(); //should get us out of the interrupt
 135              		.loc 1 51 0
 136 000a FFF7FEFF 		bl	SpeedTimer_ReadStatusRegister
  52:.\interrupts.c **** }
 137              		.loc 1 52 0
 138 000e BD46     		mov	sp, r7
 139              		@ sp needed
 140 0010 80BD     		pop	{r7, pc}
 141              	.L9:
 142 0012 C046     		.align	2
 143              	.L8:
 144 0014 00000000 		.word	speedInterruptFlag
 145              		.cfi_endproc
 146              	.LFE35:
 147              		.size	speed_isr, .-speed_isr
 148              		.text
 149              	.Letext0:
 150              		.file 2 ".\\Generated_Source\\PSoC4/cytypes.h"
 151              		.section	.debug_info,"",%progbits
 152              	.Ldebug_info0:
 153 0000 4D010000 		.4byte	0x14d
 154 0004 0400     		.2byte	0x4
 155 0006 00000000 		.4byte	.Ldebug_abbrev0
 156 000a 04       		.byte	0x4
 157 000b 01       		.uleb128 0x1
 158 000c 3D010000 		.4byte	.LASF23
 159 0010 01       		.byte	0x1
 160 0011 06010000 		.4byte	.LASF24
 161 0015 15000000 		.4byte	.LASF25
 162 0019 00000000 		.4byte	.Ldebug_ranges0+0
 163 001d 00000000 		.4byte	0
 164 0021 00000000 		.4byte	.Ldebug_line0
 165 0025 02       		.uleb128 0x2
 166 0026 01       		.byte	0x1
 167 0027 06       		.byte	0x6
 168 0028 D2010000 		.4byte	.LASF0
 169 002c 02       		.uleb128 0x2
 170 002d 01       		.byte	0x1
 171 002e 08       		.byte	0x8
 172 002f F3000000 		.4byte	.LASF1
 173 0033 02       		.uleb128 0x2
 174 0034 02       		.byte	0x2
 175 0035 05       		.byte	0x5
 176 0036 EE010000 		.4byte	.LASF2
ARM GAS  C:\Users\Sam\AppData\Local\Temp\ccV6MXSK.s 			page 5


 177 003a 02       		.uleb128 0x2
 178 003b 02       		.byte	0x2
 179 003c 07       		.byte	0x7
 180 003d BF010000 		.4byte	.LASF3
 181 0041 02       		.uleb128 0x2
 182 0042 04       		.byte	0x4
 183 0043 05       		.byte	0x5
 184 0044 15010000 		.4byte	.LASF4
 185 0048 02       		.uleb128 0x2
 186 0049 04       		.byte	0x4
 187 004a 07       		.byte	0x7
 188 004b B9000000 		.4byte	.LASF5
 189 004f 02       		.uleb128 0x2
 190 0050 08       		.byte	0x8
 191 0051 05       		.byte	0x5
 192 0052 00000000 		.4byte	.LASF6
 193 0056 02       		.uleb128 0x2
 194 0057 08       		.byte	0x8
 195 0058 07       		.byte	0x7
 196 0059 CB000000 		.4byte	.LASF7
 197 005d 03       		.uleb128 0x3
 198 005e 04       		.byte	0x4
 199 005f 05       		.byte	0x5
 200 0060 696E7400 		.ascii	"int\000"
 201 0064 02       		.uleb128 0x2
 202 0065 04       		.byte	0x4
 203 0066 07       		.byte	0x7
 204 0067 6A000000 		.4byte	.LASF8
 205 006b 04       		.uleb128 0x4
 206 006c B3000000 		.4byte	.LASF9
 207 0070 02       		.byte	0x2
 208 0071 A1       		.byte	0xa1
 209 0072 2C000000 		.4byte	0x2c
 210 0076 04       		.uleb128 0x4
 211 0077 0E000000 		.4byte	.LASF10
 212 007b 02       		.byte	0x2
 213 007c A3       		.byte	0xa3
 214 007d 48000000 		.4byte	0x48
 215 0081 02       		.uleb128 0x2
 216 0082 04       		.byte	0x4
 217 0083 04       		.byte	0x4
 218 0084 DE010000 		.4byte	.LASF11
 219 0088 02       		.uleb128 0x2
 220 0089 08       		.byte	0x8
 221 008a 04       		.byte	0x4
 222 008b 2F010000 		.4byte	.LASF12
 223 008f 02       		.uleb128 0x2
 224 0090 01       		.byte	0x1
 225 0091 08       		.byte	0x8
 226 0092 01010000 		.4byte	.LASF13
 227 0096 05       		.uleb128 0x5
 228 0097 6B000000 		.4byte	0x6b
 229 009b 06       		.uleb128 0x6
 230 009c B9010000 		.4byte	.LASF14
 231 00a0 02       		.byte	0x2
 232 00a1 4D01     		.2byte	0x14d
 233 00a3 A7000000 		.4byte	0xa7
ARM GAS  C:\Users\Sam\AppData\Local\Temp\ccV6MXSK.s 			page 6


 234 00a7 05       		.uleb128 0x5
 235 00a8 76000000 		.4byte	0x76
 236 00ac 02       		.uleb128 0x2
 237 00ad 04       		.byte	0x4
 238 00ae 07       		.byte	0x7
 239 00af 0C020000 		.4byte	.LASF15
 240 00b3 07       		.uleb128 0x7
 241 00b4 F8010000 		.4byte	.LASF16
 242 00b8 01       		.byte	0x1
 243 00b9 1B       		.byte	0x1b
 244 00ba 00000000 		.4byte	.LFB33
 245 00be 30000000 		.4byte	.LFE33-.LFB33
 246 00c2 01       		.uleb128 0x1
 247 00c3 9C       		.byte	0x9c
 248 00c4 D7000000 		.4byte	0xd7
 249 00c8 08       		.uleb128 0x8
 250 00c9 36010000 		.4byte	.LASF18
 251 00cd 01       		.byte	0x1
 252 00ce 1F       		.byte	0x1f
 253 00cf 76000000 		.4byte	0x76
 254 00d3 02       		.uleb128 0x2
 255 00d4 91       		.byte	0x91
 256 00d5 74       		.sleb128 -12
 257 00d6 00       		.byte	0
 258 00d7 07       		.uleb128 0x7
 259 00d8 1E010000 		.4byte	.LASF17
 260 00dc 01       		.byte	0x1
 261 00dd 25       		.byte	0x25
 262 00de 00000000 		.4byte	.LFB34
 263 00e2 30000000 		.4byte	.LFE34-.LFB34
 264 00e6 01       		.uleb128 0x1
 265 00e7 9C       		.byte	0x9c
 266 00e8 FB000000 		.4byte	0xfb
 267 00ec 08       		.uleb128 0x8
 268 00ed 36010000 		.4byte	.LASF18
 269 00f1 01       		.byte	0x1
 270 00f2 29       		.byte	0x29
 271 00f3 76000000 		.4byte	0x76
 272 00f7 02       		.uleb128 0x2
 273 00f8 91       		.byte	0x91
 274 00f9 74       		.sleb128 -12
 275 00fa 00       		.byte	0
 276 00fb 09       		.uleb128 0x9
 277 00fc E4010000 		.4byte	.LASF26
 278 0100 01       		.byte	0x1
 279 0101 30       		.byte	0x30
 280 0102 00000000 		.4byte	.LFB35
 281 0106 18000000 		.4byte	.LFE35-.LFB35
 282 010a 01       		.uleb128 0x1
 283 010b 9C       		.byte	0x9c
 284 010c 0A       		.uleb128 0xa
 285 010d E2000000 		.4byte	.LASF19
 286 0111 01       		.byte	0x1
 287 0112 12       		.byte	0x12
 288 0113 96000000 		.4byte	0x96
 289 0117 05       		.uleb128 0x5
 290 0118 03       		.byte	0x3
ARM GAS  C:\Users\Sam\AppData\Local\Temp\ccV6MXSK.s 			page 7


 291 0119 00000000 		.4byte	messageTimerFlag
 292 011d 0A       		.uleb128 0xa
 293 011e 8A000000 		.4byte	.LASF20
 294 0122 01       		.byte	0x1
 295 0123 13       		.byte	0x13
 296 0124 96000000 		.4byte	0x96
 297 0128 05       		.uleb128 0x5
 298 0129 03       		.byte	0x3
 299 012a 00000000 		.4byte	messageReceivedFlag
 300 012e 0A       		.uleb128 0xa
 301 012f 9E000000 		.4byte	.LASF21
 302 0133 01       		.byte	0x1
 303 0134 14       		.byte	0x14
 304 0135 96000000 		.4byte	0x96
 305 0139 05       		.uleb128 0x5
 306 013a 03       		.byte	0x3
 307 013b 00000000 		.4byte	encoderInterruptFlag
 308 013f 0A       		.uleb128 0xa
 309 0140 77000000 		.4byte	.LASF22
 310 0144 01       		.byte	0x1
 311 0145 15       		.byte	0x15
 312 0146 96000000 		.4byte	0x96
 313 014a 05       		.uleb128 0x5
 314 014b 03       		.byte	0x3
 315 014c 00000000 		.4byte	speedInterruptFlag
 316 0150 00       		.byte	0
 317              		.section	.debug_abbrev,"",%progbits
 318              	.Ldebug_abbrev0:
 319 0000 01       		.uleb128 0x1
 320 0001 11       		.uleb128 0x11
 321 0002 01       		.byte	0x1
 322 0003 25       		.uleb128 0x25
 323 0004 0E       		.uleb128 0xe
 324 0005 13       		.uleb128 0x13
 325 0006 0B       		.uleb128 0xb
 326 0007 03       		.uleb128 0x3
 327 0008 0E       		.uleb128 0xe
 328 0009 1B       		.uleb128 0x1b
 329 000a 0E       		.uleb128 0xe
 330 000b 55       		.uleb128 0x55
 331 000c 17       		.uleb128 0x17
 332 000d 11       		.uleb128 0x11
 333 000e 01       		.uleb128 0x1
 334 000f 10       		.uleb128 0x10
 335 0010 17       		.uleb128 0x17
 336 0011 00       		.byte	0
 337 0012 00       		.byte	0
 338 0013 02       		.uleb128 0x2
 339 0014 24       		.uleb128 0x24
 340 0015 00       		.byte	0
 341 0016 0B       		.uleb128 0xb
 342 0017 0B       		.uleb128 0xb
 343 0018 3E       		.uleb128 0x3e
 344 0019 0B       		.uleb128 0xb
 345 001a 03       		.uleb128 0x3
 346 001b 0E       		.uleb128 0xe
 347 001c 00       		.byte	0
ARM GAS  C:\Users\Sam\AppData\Local\Temp\ccV6MXSK.s 			page 8


 348 001d 00       		.byte	0
 349 001e 03       		.uleb128 0x3
 350 001f 24       		.uleb128 0x24
 351 0020 00       		.byte	0
 352 0021 0B       		.uleb128 0xb
 353 0022 0B       		.uleb128 0xb
 354 0023 3E       		.uleb128 0x3e
 355 0024 0B       		.uleb128 0xb
 356 0025 03       		.uleb128 0x3
 357 0026 08       		.uleb128 0x8
 358 0027 00       		.byte	0
 359 0028 00       		.byte	0
 360 0029 04       		.uleb128 0x4
 361 002a 16       		.uleb128 0x16
 362 002b 00       		.byte	0
 363 002c 03       		.uleb128 0x3
 364 002d 0E       		.uleb128 0xe
 365 002e 3A       		.uleb128 0x3a
 366 002f 0B       		.uleb128 0xb
 367 0030 3B       		.uleb128 0x3b
 368 0031 0B       		.uleb128 0xb
 369 0032 49       		.uleb128 0x49
 370 0033 13       		.uleb128 0x13
 371 0034 00       		.byte	0
 372 0035 00       		.byte	0
 373 0036 05       		.uleb128 0x5
 374 0037 35       		.uleb128 0x35
 375 0038 00       		.byte	0
 376 0039 49       		.uleb128 0x49
 377 003a 13       		.uleb128 0x13
 378 003b 00       		.byte	0
 379 003c 00       		.byte	0
 380 003d 06       		.uleb128 0x6
 381 003e 16       		.uleb128 0x16
 382 003f 00       		.byte	0
 383 0040 03       		.uleb128 0x3
 384 0041 0E       		.uleb128 0xe
 385 0042 3A       		.uleb128 0x3a
 386 0043 0B       		.uleb128 0xb
 387 0044 3B       		.uleb128 0x3b
 388 0045 05       		.uleb128 0x5
 389 0046 49       		.uleb128 0x49
 390 0047 13       		.uleb128 0x13
 391 0048 00       		.byte	0
 392 0049 00       		.byte	0
 393 004a 07       		.uleb128 0x7
 394 004b 2E       		.uleb128 0x2e
 395 004c 01       		.byte	0x1
 396 004d 3F       		.uleb128 0x3f
 397 004e 19       		.uleb128 0x19
 398 004f 03       		.uleb128 0x3
 399 0050 0E       		.uleb128 0xe
 400 0051 3A       		.uleb128 0x3a
 401 0052 0B       		.uleb128 0xb
 402 0053 3B       		.uleb128 0x3b
 403 0054 0B       		.uleb128 0xb
 404 0055 27       		.uleb128 0x27
ARM GAS  C:\Users\Sam\AppData\Local\Temp\ccV6MXSK.s 			page 9


 405 0056 19       		.uleb128 0x19
 406 0057 11       		.uleb128 0x11
 407 0058 01       		.uleb128 0x1
 408 0059 12       		.uleb128 0x12
 409 005a 06       		.uleb128 0x6
 410 005b 40       		.uleb128 0x40
 411 005c 18       		.uleb128 0x18
 412 005d 9642     		.uleb128 0x2116
 413 005f 19       		.uleb128 0x19
 414 0060 01       		.uleb128 0x1
 415 0061 13       		.uleb128 0x13
 416 0062 00       		.byte	0
 417 0063 00       		.byte	0
 418 0064 08       		.uleb128 0x8
 419 0065 34       		.uleb128 0x34
 420 0066 00       		.byte	0
 421 0067 03       		.uleb128 0x3
 422 0068 0E       		.uleb128 0xe
 423 0069 3A       		.uleb128 0x3a
 424 006a 0B       		.uleb128 0xb
 425 006b 3B       		.uleb128 0x3b
 426 006c 0B       		.uleb128 0xb
 427 006d 49       		.uleb128 0x49
 428 006e 13       		.uleb128 0x13
 429 006f 02       		.uleb128 0x2
 430 0070 18       		.uleb128 0x18
 431 0071 00       		.byte	0
 432 0072 00       		.byte	0
 433 0073 09       		.uleb128 0x9
 434 0074 2E       		.uleb128 0x2e
 435 0075 00       		.byte	0
 436 0076 3F       		.uleb128 0x3f
 437 0077 19       		.uleb128 0x19
 438 0078 03       		.uleb128 0x3
 439 0079 0E       		.uleb128 0xe
 440 007a 3A       		.uleb128 0x3a
 441 007b 0B       		.uleb128 0xb
 442 007c 3B       		.uleb128 0x3b
 443 007d 0B       		.uleb128 0xb
 444 007e 27       		.uleb128 0x27
 445 007f 19       		.uleb128 0x19
 446 0080 11       		.uleb128 0x11
 447 0081 01       		.uleb128 0x1
 448 0082 12       		.uleb128 0x12
 449 0083 06       		.uleb128 0x6
 450 0084 40       		.uleb128 0x40
 451 0085 18       		.uleb128 0x18
 452 0086 9642     		.uleb128 0x2116
 453 0088 19       		.uleb128 0x19
 454 0089 00       		.byte	0
 455 008a 00       		.byte	0
 456 008b 0A       		.uleb128 0xa
 457 008c 34       		.uleb128 0x34
 458 008d 00       		.byte	0
 459 008e 03       		.uleb128 0x3
 460 008f 0E       		.uleb128 0xe
 461 0090 3A       		.uleb128 0x3a
ARM GAS  C:\Users\Sam\AppData\Local\Temp\ccV6MXSK.s 			page 10


 462 0091 0B       		.uleb128 0xb
 463 0092 3B       		.uleb128 0x3b
 464 0093 0B       		.uleb128 0xb
 465 0094 49       		.uleb128 0x49
 466 0095 13       		.uleb128 0x13
 467 0096 3F       		.uleb128 0x3f
 468 0097 19       		.uleb128 0x19
 469 0098 02       		.uleb128 0x2
 470 0099 18       		.uleb128 0x18
 471 009a 00       		.byte	0
 472 009b 00       		.byte	0
 473 009c 00       		.byte	0
 474              		.section	.debug_aranges,"",%progbits
 475 0000 2C000000 		.4byte	0x2c
 476 0004 0200     		.2byte	0x2
 477 0006 00000000 		.4byte	.Ldebug_info0
 478 000a 04       		.byte	0x4
 479 000b 00       		.byte	0
 480 000c 0000     		.2byte	0
 481 000e 0000     		.2byte	0
 482 0010 00000000 		.4byte	.LFB33
 483 0014 30000000 		.4byte	.LFE33-.LFB33
 484 0018 00000000 		.4byte	.LFB34
 485 001c 30000000 		.4byte	.LFE34-.LFB34
 486 0020 00000000 		.4byte	.LFB35
 487 0024 18000000 		.4byte	.LFE35-.LFB35
 488 0028 00000000 		.4byte	0
 489 002c 00000000 		.4byte	0
 490              		.section	.debug_ranges,"",%progbits
 491              	.Ldebug_ranges0:
 492 0000 00000000 		.4byte	.LFB33
 493 0004 30000000 		.4byte	.LFE33
 494 0008 00000000 		.4byte	.LFB34
 495 000c 30000000 		.4byte	.LFE34
 496 0010 00000000 		.4byte	.LFB35
 497 0014 18000000 		.4byte	.LFE35
 498 0018 00000000 		.4byte	0
 499 001c 00000000 		.4byte	0
 500              		.section	.debug_line,"",%progbits
 501              	.Ldebug_line0:
 502 0000 8C000000 		.section	.debug_str,"MS",%progbits,1
 502      02004B00 
 502      00000201 
 502      FB0E0D00 
 502      01010101 
 503              	.LASF6:
 504 0000 6C6F6E67 		.ascii	"long long int\000"
 504      206C6F6E 
 504      6720696E 
 504      7400
 505              	.LASF10:
 506 000e 75696E74 		.ascii	"uint32\000"
 506      333200
 507              	.LASF25:
 508 0015 433A5C55 		.ascii	"C:\\Users\\Sam\\OneDrive\\Github\\PSoC-4-Compass-Se"
 508      73657273 
 508      5C53616D 
ARM GAS  C:\Users\Sam\AppData\Local\Temp\ccV6MXSK.s 			page 11


 508      5C4F6E65 
 508      44726976 
 509 0043 6E736F72 		.ascii	"nsor\\PSoC 4 Compass Modbus Slave.cydsn\000"
 509      5C50536F 
 509      43203420 
 509      436F6D70 
 509      61737320 
 510              	.LASF8:
 511 006a 756E7369 		.ascii	"unsigned int\000"
 511      676E6564 
 511      20696E74 
 511      00
 512              	.LASF22:
 513 0077 73706565 		.ascii	"speedInterruptFlag\000"
 513      64496E74 
 513      65727275 
 513      7074466C 
 513      616700
 514              	.LASF20:
 515 008a 6D657373 		.ascii	"messageReceivedFlag\000"
 515      61676552 
 515      65636569 
 515      76656446 
 515      6C616700 
 516              	.LASF21:
 517 009e 656E636F 		.ascii	"encoderInterruptFlag\000"
 517      64657249 
 517      6E746572 
 517      72757074 
 517      466C6167 
 518              	.LASF9:
 519 00b3 75696E74 		.ascii	"uint8\000"
 519      3800
 520              	.LASF5:
 521 00b9 6C6F6E67 		.ascii	"long unsigned int\000"
 521      20756E73 
 521      69676E65 
 521      6420696E 
 521      7400
 522              	.LASF7:
 523 00cb 6C6F6E67 		.ascii	"long long unsigned int\000"
 523      206C6F6E 
 523      6720756E 
 523      7369676E 
 523      65642069 
 524              	.LASF19:
 525 00e2 6D657373 		.ascii	"messageTimerFlag\000"
 525      61676554 
 525      696D6572 
 525      466C6167 
 525      00
 526              	.LASF1:
 527 00f3 756E7369 		.ascii	"unsigned char\000"
 527      676E6564 
 527      20636861 
 527      7200
 528              	.LASF13:
ARM GAS  C:\Users\Sam\AppData\Local\Temp\ccV6MXSK.s 			page 12


 529 0101 63686172 		.ascii	"char\000"
 529      00
 530              	.LASF24:
 531 0106 2E5C696E 		.ascii	".\\interrupts.c\000"
 531      74657272 
 531      75707473 
 531      2E6300
 532              	.LASF4:
 533 0115 6C6F6E67 		.ascii	"long int\000"
 533      20696E74 
 533      00
 534              	.LASF17:
 535 011e 656E644F 		.ascii	"endOfMessage_isr\000"
 535      664D6573 
 535      73616765 
 535      5F697372 
 535      00
 536              	.LASF12:
 537 012f 646F7562 		.ascii	"double\000"
 537      6C6500
 538              	.LASF18:
 539 0136 736F7572 		.ascii	"source\000"
 539      636500
 540              	.LASF23:
 541 013d 474E5520 		.ascii	"GNU C 4.8.4 20140526 (release) [ARM/embedded-4_8-br"
 541      4320342E 
 541      382E3420 
 541      32303134 
 541      30353236 
 542 0170 616E6368 		.ascii	"anch revision 211358] -mcpu=cortex-m0 -mthumb -g -O"
 542      20726576 
 542      6973696F 
 542      6E203231 
 542      31333538 
 543 01a3 30202D66 		.ascii	"0 -ffunction-sections\000"
 543      66756E63 
 543      74696F6E 
 543      2D736563 
 543      74696F6E 
 544              	.LASF14:
 545 01b9 72656733 		.ascii	"reg32\000"
 545      3200
 546              	.LASF3:
 547 01bf 73686F72 		.ascii	"short unsigned int\000"
 547      7420756E 
 547      7369676E 
 547      65642069 
 547      6E7400
 548              	.LASF0:
 549 01d2 7369676E 		.ascii	"signed char\000"
 549      65642063 
 549      68617200 
 550              	.LASF11:
 551 01de 666C6F61 		.ascii	"float\000"
 551      7400
 552              	.LASF26:
 553 01e4 73706565 		.ascii	"speed_isr\000"
ARM GAS  C:\Users\Sam\AppData\Local\Temp\ccV6MXSK.s 			page 13


 553      645F6973 
 553      7200
 554              	.LASF2:
 555 01ee 73686F72 		.ascii	"short int\000"
 555      7420696E 
 555      7400
 556              	.LASF16:
 557 01f8 6D657373 		.ascii	"messageReceived_isr\000"
 557      61676552 
 557      65636569 
 557      7665645F 
 557      69737200 
 558              	.LASF15:
 559 020c 73697A65 		.ascii	"sizetype\000"
 559      74797065 
 559      00
 560              		.ident	"GCC: (GNU Tools for ARM Embedded Processors) 4.8.4 20140526 (release) [ARM/embedded-4_8-br
