ARM GAS  C:\Users\Sam\AppData\Local\Temp\ccKWGsAP.s 			page 1


   1              		.cpu cortex-m0
   2              		.fpu softvfp
   3              		.eabi_attribute 20, 1
   4              		.eabi_attribute 21, 1
   5              		.eabi_attribute 23, 3
   6              		.eabi_attribute 24, 1
   7              		.eabi_attribute 25, 1
   8              		.eabi_attribute 26, 1
   9              		.eabi_attribute 30, 6
  10              		.eabi_attribute 34, 0
  11              		.eabi_attribute 18, 4
  12              		.code	16
  13              		.file	"main.c"
  14              		.text
  15              	.Ltext0:
  16              		.cfi_sections	.debug_frame
  17              		.comm	devAddr,1,1
  18              		.comm	buffer,6,4
  19              		.comm	mode,1,1
  20              		.comm	mb,40,4
  21              		.global	interruptCount
  22              		.bss
  23              		.align	2
  24              		.type	interruptCount, %object
  25              		.size	interruptCount, 4
  26              	interruptCount:
  27 0000 00000000 		.space	4
  28              		.comm	pidspeed,1,1
  29              		.comm	cx,2,2
  30              		.comm	cy,2,2
  31              		.comm	cz,2,2
  32              		.comm	sx,8,8
  33              		.comm	sy,8,8
  34              		.comm	sz,8,8
  35              		.comm	offsetsx,8,8
  36              		.comm	offsetsy,8,8
  37              		.global	scale
  38              		.data
  39              		.align	2
  40              		.type	scale, %object
  41              		.size	scale, 4
  42              	scale:
  43 0000 1F856B3F 		.word	1064011039
  44              		.global	bearing
  45              		.bss
  46 0004 00000000 		.align	3
  47              		.type	bearing, %object
  48              		.size	bearing, 8
  49              	bearing:
  50 0008 00000000 		.space	8
  50      00000000 
  51              		.global	compassOnline
  52              		.type	compassOnline, %object
  53              		.size	compassOnline, 1
  54              	compassOnline:
  55 0010 00       		.space	1
  56              		.comm	xoffset,2,2
ARM GAS  C:\Users\Sam\AppData\Local\Temp\ccKWGsAP.s 			page 2


  57              		.comm	yoffset,2,2
  58              		.global	__aeabi_i2d
  59              		.global	__aeabi_f2d
  60              		.global	__aeabi_dmul
  61              		.global	__aeabi_d2uiz
  62              		.section	.text.main,"ax",%progbits
  63              		.align	2
  64              		.global	main
  65              		.code	16
  66              		.thumb_func
  67              		.type	main, %function
  68              	main:
  69              	.LFB33:
  70              		.file 1 ".\\main.c"
   1:.\main.c      **** /* ========================================
   2:.\main.c      ****  *
   3:.\main.c      ****  * Copyright Sam Walsh, 2015
   4:.\main.c      ****  * All Rights Reserved.
   5:.\main.c      ****  *
   6:.\main.c      ****  * main.c
   7:.\main.c      ****  *
   8:.\main.c      ****  * ========================================
   9:.\main.c      **** */
  10:.\main.c      **** #include <project.h>
  11:.\main.c      **** #include <interrupts.h>
  12:.\main.c      **** #include <modbus.h>
  13:.\main.c      **** #include <stdio.h>
  14:.\main.c      **** #include <stdbool.h>
  15:.\main.c      **** #include <stdlib.h>
  16:.\main.c      **** #include "math.h"
  17:.\main.c      **** #include "hmc5883l.h"
  18:.\main.c      **** 
  19:.\main.c      **** #define  forever    1
  20:.\main.c      **** #define  forwards   1
  21:.\main.c      **** #define  backwards  0
  22:.\main.c      **** 
  23:.\main.c      **** /* Function Prototypes */
  24:.\main.c      **** void updateEncoder(void);
  25:.\main.c      **** void updateModbusPackets(void);
  26:.\main.c      **** float calculateSpeed(void);
  27:.\main.c      **** int calculatePID(float, float);
  28:.\main.c      **** void scaleModbusPIDConstants(void);
  29:.\main.c      **** 
  30:.\main.c      **** /* Modbus Variables */
  31:.\main.c      **** extern unsigned int  holdingReg[50];
  32:.\main.c      **** extern unsigned char coils[50];
  33:.\main.c      **** extern unsigned char received[125];
  34:.\main.c      **** extern unsigned char response[125]; //Enough to return all holding-r's
  35:.\main.c      **** extern uint8 modbusMessage;
  36:.\main.c      **** 
  37:.\main.c      **** /* Typedef modbus packet */
  38:.\main.c      **** struct ModbusData {
  39:.\main.c      ****    int encoderCount;
  40:.\main.c      ****    int16 encoderHigh, encoderLow;
  41:.\main.c      ****    int16 speedRPSScaler;
  42:.\main.c      ****    int16 speedRPS;
  43:.\main.c      ****    int16 speedRPM;
ARM GAS  C:\Users\Sam\AppData\Local\Temp\ccKWGsAP.s 			page 3


  44:.\main.c      ****    uint16 motorCurrentScaler;
  45:.\main.c      ****    int16 motorCurrent;
  46:.\main.c      ****    float PIDScaler;
  47:.\main.c      ****    float Kp,Ki,Kd; 
  48:.\main.c      ****    int16 setpointSpeedRPM;
  49:.\main.c      **** };
  50:.\main.c      **** struct ModbusData mb;
  51:.\main.c      **** 
  52:.\main.c      **** /* Compass Variables */
  53:.\main.c      **** extern volatile uint8 speedInterruptFlag;
  54:.\main.c      **** int   interruptCount = 0;
  55:.\main.c      **** uint8 pidspeed;
  56:.\main.c      **** 
  57:.\main.c      **** int16 cx,cy,cz;
  58:.\main.c      **** double sx,sy,sz;
  59:.\main.c      **** double offsetsx,offsetsy;
  60:.\main.c      **** float scale = 0.92;
  61:.\main.c      **** double bearing = 0;
  62:.\main.c      **** bool compassOnline = 0;
  63:.\main.c      **** uint16 xoffset,yoffset;
  64:.\main.c      **** 
  65:.\main.c      **** 
  66:.\main.c      **** 
  67:.\main.c      **** /* Main loop */
  68:.\main.c      **** int main()
  69:.\main.c      **** {   
  71              		.loc 1 69 0
  72              		.cfi_startproc
  73 0000 F0B5     		push	{r4, r5, r6, r7, lr}
  74              		.cfi_def_cfa_offset 20
  75              		.cfi_offset 4, -20
  76              		.cfi_offset 5, -16
  77              		.cfi_offset 6, -12
  78              		.cfi_offset 7, -8
  79              		.cfi_offset 14, -4
  80 0002 83B0     		sub	sp, sp, #12
  81              		.cfi_def_cfa_offset 32
  82 0004 00AF     		add	r7, sp, #0
  83              		.cfi_def_cfa_register 7
  70:.\main.c      ****     /*Clear received array */
  71:.\main.c      ****     memset(&received[0], 0, sizeof(received));
  84              		.loc 1 71 0
  85 0006 664B     		ldr	r3, .L5+8
  86 0008 181C     		mov	r0, r3
  87 000a 0021     		mov	r1, #0
  88 000c 7D22     		mov	r2, #125
  89 000e FFF7FEFF 		bl	memset
  72:.\main.c      ****        
  73:.\main.c      ****     /* Start the SCB UART, Timer and its interrupt */
  74:.\main.c      ****     ModbusUART_Start();
  90              		.loc 1 74 0
  91 0012 FFF7FEFF 		bl	ModbusUART_Start
  75:.\main.c      ****     MessageReceived_StartEx(messageReceived_isr);  
  92              		.loc 1 75 0
  93 0016 634B     		ldr	r3, .L5+12
  94 0018 181C     		mov	r0, r3
  95 001a FFF7FEFF 		bl	MessageReceived_StartEx
ARM GAS  C:\Users\Sam\AppData\Local\Temp\ccKWGsAP.s 			page 4


  76:.\main.c      ****     writeEnable_Write(0); // receive mode
  96              		.loc 1 76 0
  97 001e 0020     		mov	r0, #0
  98 0020 FFF7FEFF 		bl	writeEnable_Write
  77:.\main.c      ****     
  78:.\main.c      ****     I2C_MASTER_Start(); //Start communicating to HMC5883L
  99              		.loc 1 78 0
 100 0024 FFF7FEFF 		bl	I2C_MASTER_Start
  79:.\main.c      ****     
  80:.\main.c      ****     /* Start the encoder interrupt */
  81:.\main.c      ****     SpeedInterrupt_StartEx(speed_isr);
 101              		.loc 1 81 0
 102 0028 5F4B     		ldr	r3, .L5+16
 103 002a 181C     		mov	r0, r3
 104 002c FFF7FEFF 		bl	SpeedInterrupt_StartEx
  82:.\main.c      ****     SpeedTimer_Start();
 105              		.loc 1 82 0
 106 0030 FFF7FEFF 		bl	SpeedTimer_Start
  83:.\main.c      **** 
  84:.\main.c      ****     int i = 0;
 107              		.loc 1 84 0
 108 0034 0023     		mov	r3, #0
 109 0036 7B60     		str	r3, [r7, #4]
  85:.\main.c      ****     
  86:.\main.c      ****     CyGlobalIntEnable; /* comment this line to disable global interrupts. */
 110              		.loc 1 86 0
 111              	@ 86 ".\main.c" 1
 112 0038 62B6     		CPSIE   i
 113              	@ 0 "" 2
  87:.\main.c      ****     
  88:.\main.c      ****     /* Setup Scaling factors for Modbus */ 
  89:.\main.c      ****     mb.speedRPSScaler = 1000;
 114              		.loc 1 89 0
 115              		.code	16
 116 003a 5C4B     		ldr	r3, .L5+20
 117 003c FA22     		mov	r2, #250
 118 003e 9200     		lsl	r2, r2, #2
 119 0040 1A81     		strh	r2, [r3, #8]
  90:.\main.c      ****     mb.motorCurrentScaler = 100;
 120              		.loc 1 90 0
 121 0042 5A4B     		ldr	r3, .L5+20
 122 0044 6422     		mov	r2, #100
 123 0046 DA81     		strh	r2, [r3, #14]
  91:.\main.c      ****     //mb.PIDScaler = 1000;
  92:.\main.c      ****     scaleModbusPIDConstants();
 124              		.loc 1 92 0
 125 0048 FFF7FEFF 		bl	scaleModbusPIDConstants
  93:.\main.c      ****     
  94:.\main.c      ****     uint8 ida = 0;
 126              		.loc 1 94 0
 127 004c FB1C     		add	r3, r7, #3
 128 004e 0022     		mov	r2, #0
 129 0050 1A70     		strb	r2, [r3]
  95:.\main.c      ****     HMC5883L_Init();
 130              		.loc 1 95 0
 131 0052 FFF7FEFF 		bl	HMC5883L_Init
  96:.\main.c      ****     compassOnline = HMC5883L_testConnection();
ARM GAS  C:\Users\Sam\AppData\Local\Temp\ccKWGsAP.s 			page 5


 132              		.loc 1 96 0
 133 0056 FFF7FEFF 		bl	HMC5883L_testConnection
 134 005a 031C     		mov	r3, r0
 135 005c 1A1C     		mov	r2, r3
 136 005e 544B     		ldr	r3, .L5+24
 137 0060 1A70     		strb	r2, [r3]
  97:.\main.c      ****     if(compassOnline){
 138              		.loc 1 97 0
 139 0062 534B     		ldr	r3, .L5+24
 140 0064 1B78     		ldrb	r3, [r3]
 141 0066 002B     		cmp	r3, #0
 142 0068 01D0     		beq	.L2
  98:.\main.c      ****         HMC5883L_initialize();
 143              		.loc 1 98 0
 144 006a FFF7FEFF 		bl	HMC5883L_initialize
 145              	.L2:
  99:.\main.c      ****     }
 100:.\main.c      **** 
 101:.\main.c      ****     
 102:.\main.c      ****     
 103:.\main.c      ****     //HMC5883L_SetUp();
 104:.\main.c      ****     //HMC58X3L_Calibration();
 105:.\main.c      ****     
 106:.\main.c      ****     
 107:.\main.c      ****     while(forever)
 108:.\main.c      ****     {       
 109:.\main.c      ****         if(modbusMessage)
 146              		.loc 1 109 0
 147 006e 514B     		ldr	r3, .L5+28
 148 0070 1B78     		ldrb	r3, [r3]
 149 0072 002B     		cmp	r3, #0
 150 0074 01D0     		beq	.L3
 110:.\main.c      ****         {
 111:.\main.c      ****           processMessage();
 151              		.loc 1 111 0
 152 0076 FFF7FEFF 		bl	processMessage
 153              	.L3:
 112:.\main.c      ****         }
 113:.\main.c      **** 
 114:.\main.c      ****         if(compassOnline)
 154              		.loc 1 114 0
 155 007a 4D4B     		ldr	r3, .L5+24
 156 007c 1B78     		ldrb	r3, [r3]
 157 007e 002B     		cmp	r3, #0
 158 0080 00D1     		bne	.LCB68
 159 0082 88E0     		b	.L4	@long jump
 160              	.LCB68:
 115:.\main.c      ****         {            
 116:.\main.c      ****             HMC5883L_getHeading(&cx,&cy,&cz);
 161              		.loc 1 116 0
 162 0084 4C49     		ldr	r1, .L5+32
 163 0086 4D4A     		ldr	r2, .L5+36
 164 0088 4D4B     		ldr	r3, .L5+40
 165 008a 081C     		mov	r0, r1
 166 008c 111C     		mov	r1, r2
 167 008e 1A1C     		mov	r2, r3
 168 0090 FFF7FEFF 		bl	HMC5883L_getHeading
ARM GAS  C:\Users\Sam\AppData\Local\Temp\ccKWGsAP.s 			page 6


 117:.\main.c      ****             sx = (double)(cx);
 169              		.loc 1 117 0
 170 0094 484B     		ldr	r3, .L5+32
 171 0096 1B88     		ldrh	r3, [r3]
 172 0098 1BB2     		sxth	r3, r3
 173 009a 181C     		mov	r0, r3
 174 009c FFF7FEFF 		bl	__aeabi_i2d
 175 00a0 031C     		mov	r3, r0
 176 00a2 0C1C     		mov	r4, r1
 177 00a4 474A     		ldr	r2, .L5+44
 178 00a6 1360     		str	r3, [r2]
 179 00a8 5460     		str	r4, [r2, #4]
 118:.\main.c      ****             sy = (double)cy;
 180              		.loc 1 118 0
 181 00aa 444B     		ldr	r3, .L5+36
 182 00ac 1B88     		ldrh	r3, [r3]
 183 00ae 1BB2     		sxth	r3, r3
 184 00b0 181C     		mov	r0, r3
 185 00b2 FFF7FEFF 		bl	__aeabi_i2d
 186 00b6 031C     		mov	r3, r0
 187 00b8 0C1C     		mov	r4, r1
 188 00ba 434A     		ldr	r2, .L5+48
 189 00bc 1360     		str	r3, [r2]
 190 00be 5460     		str	r4, [r2, #4]
 119:.\main.c      ****             sz = (double)cz * scale;        
 191              		.loc 1 119 0
 192 00c0 3F4B     		ldr	r3, .L5+40
 193 00c2 1B88     		ldrh	r3, [r3]
 194 00c4 1BB2     		sxth	r3, r3
 195 00c6 181C     		mov	r0, r3
 196 00c8 FFF7FEFF 		bl	__aeabi_i2d
 197 00cc 051C     		mov	r5, r0
 198 00ce 0E1C     		mov	r6, r1
 199 00d0 3E4B     		ldr	r3, .L5+52
 200 00d2 1B68     		ldr	r3, [r3]
 201 00d4 181C     		add	r0, r3, #0
 202 00d6 FFF7FEFF 		bl	__aeabi_f2d
 203 00da 031C     		mov	r3, r0
 204 00dc 0C1C     		mov	r4, r1
 205 00de 281C     		mov	r0, r5
 206 00e0 311C     		mov	r1, r6
 207 00e2 1A1C     		mov	r2, r3
 208 00e4 231C     		mov	r3, r4
 209 00e6 FFF7FEFF 		bl	__aeabi_dmul
 210 00ea 031C     		mov	r3, r0
 211 00ec 0C1C     		mov	r4, r1
 212 00ee 384A     		ldr	r2, .L5+56
 213 00f0 1360     		str	r3, [r2]
 214 00f2 5460     		str	r4, [r2, #4]
 120:.\main.c      ****             
 121:.\main.c      **** //            if(holdingReg[4] == 0){
 122:.\main.c      **** //                //no x offset applied, use default
 123:.\main.c      **** //                xoffset = -75;
 124:.\main.c      **** //            }
 125:.\main.c      **** //            else{xoffset = holdingReg[4];}
 126:.\main.c      **** //            
 127:.\main.c      **** //            if(holdingReg[5] == 0){
ARM GAS  C:\Users\Sam\AppData\Local\Temp\ccKWGsAP.s 			page 7


 128:.\main.c      **** //                //no y offset applied use default
 129:.\main.c      **** //                yoffset = -7;
 130:.\main.c      **** //            }
 131:.\main.c      **** //            else{xoffset = holdingReg[5];}
 132:.\main.c      ****             
 133:.\main.c      ****            // xoffset = -75;
 134:.\main.c      ****            // yoffset = -7;
 135:.\main.c      ****             
 136:.\main.c      **** //            if((holdingReg[4] !=0) && (holdingReg[5] !=0))
 137:.\main.c      **** //            {
 138:.\main.c      **** //                //master has set offsets so it wants us to calculate the bearing here
 139:.\main.c      **** //                offsetsx = ((double)((int16)holdingReg[4])) /100.0;
 140:.\main.c      **** //                offsetsy = ((double)((int16)holdingReg[5])) /100.0;  
 141:.\main.c      **** //                
 142:.\main.c      **** //                bearing  = atan2((sy - offsetsy), (sx - offsetsx)); 
 143:.\main.c      **** //                if (bearing < 0)
 144:.\main.c      **** //                    bearing += 2 * M_PI;
 145:.\main.c      **** //                 bearing = bearing*(180.0 / M_PI);//convert to degrees          
 146:.\main.c      **** //            }
 147:.\main.c      **** 
 148:.\main.c      ****             holdingReg[0] = (uint16)(sx*100.0);
 215              		.loc 1 148 0
 216 00f4 334B     		ldr	r3, .L5+44
 217 00f6 5C68     		ldr	r4, [r3, #4]
 218 00f8 1B68     		ldr	r3, [r3]
 219 00fa 181C     		mov	r0, r3
 220 00fc 211C     		mov	r1, r4
 221 00fe 274B     		ldr	r3, .L5+4
 222 0100 254A     		ldr	r2, .L5
 223 0102 FFF7FEFF 		bl	__aeabi_dmul
 224 0106 031C     		mov	r3, r0
 225 0108 0C1C     		mov	r4, r1
 226 010a 181C     		mov	r0, r3
 227 010c 211C     		mov	r1, r4
 228 010e FFF7FEFF 		bl	__aeabi_d2uiz
 229 0112 031C     		mov	r3, r0
 230 0114 9BB2     		uxth	r3, r3
 231 0116 1A1C     		mov	r2, r3
 232 0118 2E4B     		ldr	r3, .L5+60
 233 011a 1A60     		str	r2, [r3]
 149:.\main.c      ****             holdingReg[1] = (uint16)(sy*100.0);            
 234              		.loc 1 149 0
 235 011c 2A4B     		ldr	r3, .L5+48
 236 011e 5C68     		ldr	r4, [r3, #4]
 237 0120 1B68     		ldr	r3, [r3]
 238 0122 181C     		mov	r0, r3
 239 0124 211C     		mov	r1, r4
 240 0126 1D4B     		ldr	r3, .L5+4
 241 0128 1B4A     		ldr	r2, .L5
 242 012a FFF7FEFF 		bl	__aeabi_dmul
 243 012e 031C     		mov	r3, r0
 244 0130 0C1C     		mov	r4, r1
 245 0132 181C     		mov	r0, r3
 246 0134 211C     		mov	r1, r4
 247 0136 FFF7FEFF 		bl	__aeabi_d2uiz
 248 013a 031C     		mov	r3, r0
 249 013c 9BB2     		uxth	r3, r3
ARM GAS  C:\Users\Sam\AppData\Local\Temp\ccKWGsAP.s 			page 8


 250 013e 1A1C     		mov	r2, r3
 251 0140 244B     		ldr	r3, .L5+60
 252 0142 5A60     		str	r2, [r3, #4]
 150:.\main.c      ****             holdingReg[2] = (uint16)(sz*100.0);
 253              		.loc 1 150 0
 254 0144 224B     		ldr	r3, .L5+56
 255 0146 5C68     		ldr	r4, [r3, #4]
 256 0148 1B68     		ldr	r3, [r3]
 257 014a 181C     		mov	r0, r3
 258 014c 211C     		mov	r1, r4
 259 014e 134B     		ldr	r3, .L5+4
 260 0150 114A     		ldr	r2, .L5
 261 0152 FFF7FEFF 		bl	__aeabi_dmul
 262 0156 031C     		mov	r3, r0
 263 0158 0C1C     		mov	r4, r1
 264 015a 181C     		mov	r0, r3
 265 015c 211C     		mov	r1, r4
 266 015e FFF7FEFF 		bl	__aeabi_d2uiz
 267 0162 031C     		mov	r3, r0
 268 0164 9BB2     		uxth	r3, r3
 269 0166 1A1C     		mov	r2, r3
 270 0168 1A4B     		ldr	r3, .L5+60
 271 016a 9A60     		str	r2, [r3, #8]
 151:.\main.c      ****             holdingReg[3] = (uint16) (bearing*100.0);
 272              		.loc 1 151 0
 273 016c 1A4B     		ldr	r3, .L5+64
 274 016e 5C68     		ldr	r4, [r3, #4]
 275 0170 1B68     		ldr	r3, [r3]
 276 0172 181C     		mov	r0, r3
 277 0174 211C     		mov	r1, r4
 278 0176 094B     		ldr	r3, .L5+4
 279 0178 074A     		ldr	r2, .L5
 280 017a FFF7FEFF 		bl	__aeabi_dmul
 281 017e 031C     		mov	r3, r0
 282 0180 0C1C     		mov	r4, r1
 283 0182 181C     		mov	r0, r3
 284 0184 211C     		mov	r1, r4
 285 0186 FFF7FEFF 		bl	__aeabi_d2uiz
 286 018a 031C     		mov	r3, r0
 287 018c 9BB2     		uxth	r3, r3
 288 018e 1A1C     		mov	r2, r3
 289 0190 104B     		ldr	r3, .L5+60
 290 0192 DA60     		str	r2, [r3, #12]
 152:.\main.c      ****     
 153:.\main.c      ****         }
 154:.\main.c      ****     }
 291              		.loc 1 154 0
 292 0194 6BE7     		b	.L2
 293              	.L4:
 294 0196 6AE7     		b	.L2
 295              	.L6:
 296              		.align	3
 297              	.L5:
 298 0198 00000000 		.word	0
 299 019c 00005940 		.word	1079574528
 300 01a0 00000000 		.word	received
 301 01a4 00000000 		.word	messageReceived_isr
ARM GAS  C:\Users\Sam\AppData\Local\Temp\ccKWGsAP.s 			page 9


 302 01a8 00000000 		.word	speed_isr
 303 01ac 00000000 		.word	mb
 304 01b0 00000000 		.word	compassOnline
 305 01b4 00000000 		.word	modbusMessage
 306 01b8 00000000 		.word	cx
 307 01bc 00000000 		.word	cy
 308 01c0 00000000 		.word	cz
 309 01c4 00000000 		.word	sx
 310 01c8 00000000 		.word	sy
 311 01cc 00000000 		.word	scale
 312 01d0 00000000 		.word	sz
 313 01d4 00000000 		.word	holdingReg
 314 01d8 00000000 		.word	bearing
 315              		.cfi_endproc
 316              	.LFE33:
 317              		.size	main, .-main
 318              		.global	__aeabi_ui2f
 319              		.global	__aeabi_fdiv
 320 01dc C046C046 		.section	.text.scaleModbusPIDConstants,"ax",%progbits
 321              		.align	2
 322              		.global	scaleModbusPIDConstants
 323              		.code	16
 324              		.thumb_func
 325              		.type	scaleModbusPIDConstants, %function
 326              	scaleModbusPIDConstants:
 327              	.LFB34:
 155:.\main.c      **** }
 156:.\main.c      **** 
 157:.\main.c      **** void scaleModbusPIDConstants(void)
 158:.\main.c      **** {
 328              		.loc 1 158 0
 329              		.cfi_startproc
 330 0000 80B5     		push	{r7, lr}
 331              		.cfi_def_cfa_offset 8
 332              		.cfi_offset 7, -8
 333              		.cfi_offset 14, -4
 334 0002 00AF     		add	r7, sp, #0
 335              		.cfi_def_cfa_register 7
 159:.\main.c      ****     //Need to actually read the holding registers and do the divide but for now lets
 160:.\main.c      ****     //leave this as just setting the values.
 161:.\main.c      ****     if(holdingReg[8] == 0)
 336              		.loc 1 161 0
 337 0004 254B     		ldr	r3, .L10
 338 0006 1B6A     		ldr	r3, [r3, #32]
 339 0008 002B     		cmp	r3, #0
 340 000a 0CD1     		bne	.L8
 162:.\main.c      ****     {
 163:.\main.c      ****         //scaler hasnt been set go with defaults
 164:.\main.c      ****         mb.PIDScaler = 1000;
 341              		.loc 1 164 0
 342 000c 244B     		ldr	r3, .L10+4
 343 000e 254A     		ldr	r2, .L10+8
 344 0010 5A61     		str	r2, [r3, #20]
 165:.\main.c      ****         mb.Kp = 0.9;
 345              		.loc 1 165 0
 346 0012 234B     		ldr	r3, .L10+4
 347 0014 244A     		ldr	r2, .L10+12
ARM GAS  C:\Users\Sam\AppData\Local\Temp\ccKWGsAP.s 			page 10


 348 0016 9A61     		str	r2, [r3, #24]
 166:.\main.c      ****         mb.Ki = 0.2;
 349              		.loc 1 166 0
 350 0018 214B     		ldr	r3, .L10+4
 351 001a 244A     		ldr	r2, .L10+16
 352 001c DA61     		str	r2, [r3, #28]
 167:.\main.c      ****         mb.Kd = 0;
 353              		.loc 1 167 0
 354 001e 204B     		ldr	r3, .L10+4
 355 0020 0022     		mov	r2, #0
 356 0022 1A62     		str	r2, [r3, #32]
 357 0024 37E0     		b	.L7
 358              	.L8:
 168:.\main.c      ****     }
 169:.\main.c      ****     else
 170:.\main.c      ****     {
 171:.\main.c      ****         //scaler hasnt been set go with defaults
 172:.\main.c      ****         mb.PIDScaler = holdingReg[8];
 359              		.loc 1 172 0
 360 0026 1D4B     		ldr	r3, .L10
 361 0028 1B6A     		ldr	r3, [r3, #32]
 362 002a 181C     		mov	r0, r3
 363 002c FFF7FEFF 		bl	__aeabi_ui2f
 364 0030 021C     		add	r2, r0, #0
 365 0032 1B4B     		ldr	r3, .L10+4
 366 0034 5A61     		str	r2, [r3, #20]
 173:.\main.c      ****         mb.Kp = holdingReg[9]/mb.PIDScaler;
 367              		.loc 1 173 0
 368 0036 194B     		ldr	r3, .L10
 369 0038 5B6A     		ldr	r3, [r3, #36]
 370 003a 181C     		mov	r0, r3
 371 003c FFF7FEFF 		bl	__aeabi_ui2f
 372 0040 021C     		add	r2, r0, #0
 373 0042 174B     		ldr	r3, .L10+4
 374 0044 5B69     		ldr	r3, [r3, #20]
 375 0046 101C     		add	r0, r2, #0
 376 0048 191C     		add	r1, r3, #0
 377 004a FFF7FEFF 		bl	__aeabi_fdiv
 378 004e 031C     		add	r3, r0, #0
 379 0050 1A1C     		add	r2, r3, #0
 380 0052 134B     		ldr	r3, .L10+4
 381 0054 9A61     		str	r2, [r3, #24]
 174:.\main.c      ****         mb.Ki = holdingReg[10]/mb.PIDScaler;
 382              		.loc 1 174 0
 383 0056 114B     		ldr	r3, .L10
 384 0058 9B6A     		ldr	r3, [r3, #40]
 385 005a 181C     		mov	r0, r3
 386 005c FFF7FEFF 		bl	__aeabi_ui2f
 387 0060 021C     		add	r2, r0, #0
 388 0062 0F4B     		ldr	r3, .L10+4
 389 0064 5B69     		ldr	r3, [r3, #20]
 390 0066 101C     		add	r0, r2, #0
 391 0068 191C     		add	r1, r3, #0
 392 006a FFF7FEFF 		bl	__aeabi_fdiv
 393 006e 031C     		add	r3, r0, #0
 394 0070 1A1C     		add	r2, r3, #0
 395 0072 0B4B     		ldr	r3, .L10+4
ARM GAS  C:\Users\Sam\AppData\Local\Temp\ccKWGsAP.s 			page 11


 396 0074 DA61     		str	r2, [r3, #28]
 175:.\main.c      ****         mb.Kd = holdingReg[11]/mb.PIDScaler;
 397              		.loc 1 175 0
 398 0076 094B     		ldr	r3, .L10
 399 0078 DB6A     		ldr	r3, [r3, #44]
 400 007a 181C     		mov	r0, r3
 401 007c FFF7FEFF 		bl	__aeabi_ui2f
 402 0080 021C     		add	r2, r0, #0
 403 0082 074B     		ldr	r3, .L10+4
 404 0084 5B69     		ldr	r3, [r3, #20]
 405 0086 101C     		add	r0, r2, #0
 406 0088 191C     		add	r1, r3, #0
 407 008a FFF7FEFF 		bl	__aeabi_fdiv
 408 008e 031C     		add	r3, r0, #0
 409 0090 1A1C     		add	r2, r3, #0
 410 0092 034B     		ldr	r3, .L10+4
 411 0094 1A62     		str	r2, [r3, #32]
 412              	.L7:
 176:.\main.c      ****     }
 177:.\main.c      **** 
 178:.\main.c      **** }
 413              		.loc 1 178 0
 414 0096 BD46     		mov	sp, r7
 415              		@ sp needed
 416 0098 80BD     		pop	{r7, pc}
 417              	.L11:
 418 009a C046     		.align	2
 419              	.L10:
 420 009c 00000000 		.word	holdingReg
 421 00a0 00000000 		.word	mb
 422 00a4 00007A44 		.word	1148846080
 423 00a8 6666663F 		.word	1063675494
 424 00ac CDCC4C3E 		.word	1045220557
 425              		.cfi_endproc
 426              	.LFE34:
 427              		.size	scaleModbusPIDConstants, .-scaleModbusPIDConstants
 428              		.global	__aeabi_fsub
 429              		.global	__aeabi_fadd
 430              		.global	__aeabi_d2f
 431              		.global	__aeabi_fmul
 432              		.global	__aeabi_f2iz
 433              		.section	.text.calculatePID,"ax",%progbits
 434              		.align	2
 435              		.global	calculatePID
 436              		.code	16
 437              		.thumb_func
 438              		.type	calculatePID, %function
 439              	calculatePID:
 440              	.LFB35:
 179:.\main.c      **** 
 180:.\main.c      **** 
 181:.\main.c      **** int calculatePID(float currentValue, float setpoint)
 182:.\main.c      **** {
 441              		.loc 1 182 0
 442              		.cfi_startproc
 443 0000 90B5     		push	{r4, r7, lr}
 444              		.cfi_def_cfa_offset 12
ARM GAS  C:\Users\Sam\AppData\Local\Temp\ccKWGsAP.s 			page 12


 445              		.cfi_offset 4, -12
 446              		.cfi_offset 7, -8
 447              		.cfi_offset 14, -4
 448 0002 87B0     		sub	sp, sp, #28
 449              		.cfi_def_cfa_offset 40
 450 0004 00AF     		add	r7, sp, #0
 451              		.cfi_def_cfa_register 7
 452 0006 7860     		str	r0, [r7, #4]
 453 0008 3960     		str	r1, [r7]
 183:.\main.c      ****     static float integral   = 0;
 184:.\main.c      ****     static float derivative = 0;
 185:.\main.c      ****     static float lastError = 0;
 186:.\main.c      **** 
 187:.\main.c      ****     float error, fcontrol = 0.0;
 454              		.loc 1 187 0
 455 000a 0023     		mov	r3, #0
 456 000c 3B61     		str	r3, [r7, #16]
 188:.\main.c      ****     int   control = 0;
 457              		.loc 1 188 0
 458 000e 0023     		mov	r3, #0
 459 0010 7B61     		str	r3, [r7, #20]
 189:.\main.c      ****     
 190:.\main.c      ****     error = setpoint - currentValue;
 460              		.loc 1 190 0
 461 0012 3868     		ldr	r0, [r7]
 462 0014 7968     		ldr	r1, [r7, #4]
 463 0016 FFF7FEFF 		bl	__aeabi_fsub
 464 001a 031C     		add	r3, r0, #0
 465 001c FB60     		str	r3, [r7, #12]
 191:.\main.c      ****     integral = (integral + error);
 466              		.loc 1 191 0
 467 001e 344B     		ldr	r3, .L16+8
 468 0020 1B68     		ldr	r3, [r3]
 469 0022 181C     		add	r0, r3, #0
 470 0024 F968     		ldr	r1, [r7, #12]
 471 0026 FFF7FEFF 		bl	__aeabi_fadd
 472 002a 031C     		add	r3, r0, #0
 473 002c 1A1C     		add	r2, r3, #0
 474 002e 304B     		ldr	r3, .L16+8
 475 0030 1A60     		str	r2, [r3]
 192:.\main.c      ****     integral = 0.6 * integral; //damping integral 
 476              		.loc 1 192 0
 477 0032 2F4B     		ldr	r3, .L16+8
 478 0034 1B68     		ldr	r3, [r3]
 479 0036 181C     		add	r0, r3, #0
 480 0038 FFF7FEFF 		bl	__aeabi_f2d
 481 003c 031C     		mov	r3, r0
 482 003e 0C1C     		mov	r4, r1
 483 0040 181C     		mov	r0, r3
 484 0042 211C     		mov	r1, r4
 485 0044 294B     		ldr	r3, .L16+4
 486 0046 284A     		ldr	r2, .L16
 487 0048 FFF7FEFF 		bl	__aeabi_dmul
 488 004c 031C     		mov	r3, r0
 489 004e 0C1C     		mov	r4, r1
 490 0050 181C     		mov	r0, r3
 491 0052 211C     		mov	r1, r4
ARM GAS  C:\Users\Sam\AppData\Local\Temp\ccKWGsAP.s 			page 13


 492 0054 FFF7FEFF 		bl	__aeabi_d2f
 493 0058 021C     		add	r2, r0, #0
 494 005a 254B     		ldr	r3, .L16+8
 495 005c 1A60     		str	r2, [r3]
 193:.\main.c      **** 	derivative = (error - lastError);
 496              		.loc 1 193 0
 497 005e 254B     		ldr	r3, .L16+12
 498 0060 1B68     		ldr	r3, [r3]
 499 0062 F868     		ldr	r0, [r7, #12]
 500 0064 191C     		add	r1, r3, #0
 501 0066 FFF7FEFF 		bl	__aeabi_fsub
 502 006a 031C     		add	r3, r0, #0
 503 006c 1A1C     		add	r2, r3, #0
 504 006e 224B     		ldr	r3, .L16+16
 505 0070 1A60     		str	r2, [r3]
 194:.\main.c      **** 	fcontrol =  (mb.Kp * error); 
 506              		.loc 1 194 0
 507 0072 224B     		ldr	r3, .L16+20
 508 0074 9B69     		ldr	r3, [r3, #24]
 509 0076 181C     		add	r0, r3, #0
 510 0078 F968     		ldr	r1, [r7, #12]
 511 007a FFF7FEFF 		bl	__aeabi_fmul
 512 007e 031C     		add	r3, r0, #0
 513 0080 3B61     		str	r3, [r7, #16]
 195:.\main.c      **** 	fcontrol += (mb.Kd * derivative);
 514              		.loc 1 195 0
 515 0082 1E4B     		ldr	r3, .L16+20
 516 0084 1A6A     		ldr	r2, [r3, #32]
 517 0086 1C4B     		ldr	r3, .L16+16
 518 0088 1B68     		ldr	r3, [r3]
 519 008a 101C     		add	r0, r2, #0
 520 008c 191C     		add	r1, r3, #0
 521 008e FFF7FEFF 		bl	__aeabi_fmul
 522 0092 031C     		add	r3, r0, #0
 523 0094 3869     		ldr	r0, [r7, #16]
 524 0096 191C     		add	r1, r3, #0
 525 0098 FFF7FEFF 		bl	__aeabi_fadd
 526 009c 031C     		add	r3, r0, #0
 527 009e 3B61     		str	r3, [r7, #16]
 196:.\main.c      **** 	fcontrol += (mb.Ki * integral);
 528              		.loc 1 196 0
 529 00a0 164B     		ldr	r3, .L16+20
 530 00a2 DA69     		ldr	r2, [r3, #28]
 531 00a4 124B     		ldr	r3, .L16+8
 532 00a6 1B68     		ldr	r3, [r3]
 533 00a8 101C     		add	r0, r2, #0
 534 00aa 191C     		add	r1, r3, #0
 535 00ac FFF7FEFF 		bl	__aeabi_fmul
 536 00b0 031C     		add	r3, r0, #0
 537 00b2 3869     		ldr	r0, [r7, #16]
 538 00b4 191C     		add	r1, r3, #0
 539 00b6 FFF7FEFF 		bl	__aeabi_fadd
 540 00ba 031C     		add	r3, r0, #0
 541 00bc 3B61     		str	r3, [r7, #16]
 197:.\main.c      ****     control = (int)fcontrol;
 542              		.loc 1 197 0
 543 00be 3869     		ldr	r0, [r7, #16]
ARM GAS  C:\Users\Sam\AppData\Local\Temp\ccKWGsAP.s 			page 14


 544 00c0 FFF7FEFF 		bl	__aeabi_f2iz
 545 00c4 031C     		mov	r3, r0
 546 00c6 7B61     		str	r3, [r7, #20]
 198:.\main.c      ****     if(control > 255)
 547              		.loc 1 198 0
 548 00c8 7B69     		ldr	r3, [r7, #20]
 549 00ca FF2B     		cmp	r3, #255
 550 00cc 02DD     		ble	.L13
 199:.\main.c      ****     {
 200:.\main.c      ****         control = 255;
 551              		.loc 1 200 0
 552 00ce FF23     		mov	r3, #255
 553 00d0 7B61     		str	r3, [r7, #20]
 554 00d2 04E0     		b	.L14
 555              	.L13:
 201:.\main.c      ****     }
 202:.\main.c      ****     else if (control < 0)
 556              		.loc 1 202 0
 557 00d4 7B69     		ldr	r3, [r7, #20]
 558 00d6 002B     		cmp	r3, #0
 559 00d8 01DA     		bge	.L14
 203:.\main.c      ****     {
 204:.\main.c      ****         control = 0;
 560              		.loc 1 204 0
 561 00da 0023     		mov	r3, #0
 562 00dc 7B61     		str	r3, [r7, #20]
 563              	.L14:
 205:.\main.c      ****     }
 206:.\main.c      ****     return control;   
 564              		.loc 1 206 0
 565 00de 7B69     		ldr	r3, [r7, #20]
 207:.\main.c      **** }
 566              		.loc 1 207 0
 567 00e0 181C     		mov	r0, r3
 568 00e2 BD46     		mov	sp, r7
 569 00e4 07B0     		add	sp, sp, #28
 570              		@ sp needed
 571 00e6 90BD     		pop	{r4, r7, pc}
 572              	.L17:
 573              		.align	3
 574              	.L16:
 575 00e8 33333333 		.word	858993459
 576 00ec 3333E33F 		.word	1071854387
 577 00f0 14000000 		.word	integral.7223
 578 00f4 18000000 		.word	lastError.7225
 579 00f8 1C000000 		.word	derivative.7224
 580 00fc 00000000 		.word	mb
 581              		.cfi_endproc
 582              	.LFE35:
 583              		.size	calculatePID, .-calculatePID
 584              		.section	.text.updateModbusPackets,"ax",%progbits
 585              		.align	2
 586              		.global	updateModbusPackets
 587              		.code	16
 588              		.thumb_func
 589              		.type	updateModbusPackets, %function
 590              	updateModbusPackets:
ARM GAS  C:\Users\Sam\AppData\Local\Temp\ccKWGsAP.s 			page 15


 591              	.LFB36:
 208:.\main.c      **** 
 209:.\main.c      **** 
 210:.\main.c      **** void updateModbusPackets(void)
 211:.\main.c      **** {
 592              		.loc 1 211 0
 593              		.cfi_startproc
 594 0000 80B5     		push	{r7, lr}
 595              		.cfi_def_cfa_offset 8
 596              		.cfi_offset 7, -8
 597              		.cfi_offset 14, -4
 598 0002 00AF     		add	r7, sp, #0
 599              		.cfi_def_cfa_register 7
 212:.\main.c      ****    // holdingReg[0] = mb.encoderLow;
 213:.\main.c      ****   //  holdingReg[1] = mb.encoderHigh;
 214:.\main.c      ****    // holdingReg[2] = mb.speedRPSScaler;
 215:.\main.c      ****    // holdingReg[3] = mb.speedRPS;
 216:.\main.c      ****    // holdingReg[4] = mb.speedRPM;
 217:.\main.c      ****     //holdingReg[5] = duty cycle
 218:.\main.c      ****     //holdingReg[6] = direction
 219:.\main.c      ****    // holdingReg[7] = mb.motorCurrent;
 220:.\main.c      ****     //holdingReg[8]  = PIDScaler
 221:.\main.c      ****     //holdingReg[9]  = Kp
 222:.\main.c      ****     //holdingReg[10] = Ki
 223:.\main.c      ****     //holdingReg[11] = Kd
 224:.\main.c      ****     //holdingReg[12] = setpointRPM
 225:.\main.c      ****     holdingReg[13] = pidspeed;
 600              		.loc 1 225 0
 601 0004 034B     		ldr	r3, .L19
 602 0006 1B78     		ldrb	r3, [r3]
 603 0008 1A1C     		mov	r2, r3
 604 000a 034B     		ldr	r3, .L19+4
 605 000c 5A63     		str	r2, [r3, #52]
 226:.\main.c      ****     //holdingReg[14] = disable
 227:.\main.c      **** 
 228:.\main.c      **** }
 606              		.loc 1 228 0
 607 000e BD46     		mov	sp, r7
 608              		@ sp needed
 609 0010 80BD     		pop	{r7, pc}
 610              	.L20:
 611 0012 C046     		.align	2
 612              	.L19:
 613 0014 00000000 		.word	pidspeed
 614 0018 00000000 		.word	holdingReg
 615              		.cfi_endproc
 616              	.LFE36:
 617              		.size	updateModbusPackets, .-updateModbusPackets
 618              		.bss
 619 0011 000000   		.align	2
 620              	integral.7223:
 621 0014 00000000 		.space	4
 622              		.align	2
 623              	lastError.7225:
 624 0018 00000000 		.space	4
 625              		.align	2
 626              	derivative.7224:
ARM GAS  C:\Users\Sam\AppData\Local\Temp\ccKWGsAP.s 			page 16


 627 001c 00000000 		.space	4
 628              		.text
 629              	.Letext0:
 630              		.file 2 "c:\\program files (x86)\\cypress\\psoc creator\\3.1\\psoc creator\\import\\gnu_cs\\arm\\4
 631              		.file 3 "c:\\program files (x86)\\cypress\\psoc creator\\3.1\\psoc creator\\import\\gnu_cs\\arm\\4
 632              		.file 4 ".\\Generated_Source\\PSoC4/cytypes.h"
 633              		.file 5 ".\\hmc5883l.h"
 634              		.section	.debug_info,"",%progbits
 635              	.Ldebug_info0:
 636 0000 E5030000 		.4byte	0x3e5
 637 0004 0400     		.2byte	0x4
 638 0006 00000000 		.4byte	.Ldebug_abbrev0
 639 000a 04       		.byte	0x4
 640 000b 01       		.uleb128 0x1
 641 000c D4020000 		.4byte	.LASF55
 642 0010 01       		.byte	0x1
 643 0011 50020000 		.4byte	.LASF56
 644 0015 00000000 		.4byte	.LASF57
 645 0019 00000000 		.4byte	.Ldebug_ranges0+0
 646 001d 00000000 		.4byte	0
 647 0021 00000000 		.4byte	.Ldebug_line0
 648 0025 02       		.uleb128 0x2
 649 0026 01       		.byte	0x1
 650 0027 06       		.byte	0x6
 651 0028 84010000 		.4byte	.LASF0
 652 002c 03       		.uleb128 0x3
 653 002d 4E010000 		.4byte	.LASF9
 654 0031 02       		.byte	0x2
 655 0032 1C       		.byte	0x1c
 656 0033 37000000 		.4byte	0x37
 657 0037 02       		.uleb128 0x2
 658 0038 01       		.byte	0x1
 659 0039 08       		.byte	0x8
 660 003a 76010000 		.4byte	.LASF1
 661 003e 02       		.uleb128 0x2
 662 003f 02       		.byte	0x2
 663 0040 05       		.byte	0x5
 664 0041 6A000000 		.4byte	.LASF2
 665 0045 02       		.uleb128 0x2
 666 0046 02       		.byte	0x2
 667 0047 07       		.byte	0x7
 668 0048 C2010000 		.4byte	.LASF3
 669 004c 02       		.uleb128 0x2
 670 004d 04       		.byte	0x4
 671 004e 05       		.byte	0x5
 672 004f 3C010000 		.4byte	.LASF4
 673 0053 02       		.uleb128 0x2
 674 0054 04       		.byte	0x4
 675 0055 07       		.byte	0x7
 676 0056 03020000 		.4byte	.LASF5
 677 005a 02       		.uleb128 0x2
 678 005b 08       		.byte	0x8
 679 005c 05       		.byte	0x5
 680 005d 2E010000 		.4byte	.LASF6
 681 0061 02       		.uleb128 0x2
 682 0062 08       		.byte	0x8
 683 0063 07       		.byte	0x7
ARM GAS  C:\Users\Sam\AppData\Local\Temp\ccKWGsAP.s 			page 17


 684 0064 90010000 		.4byte	.LASF7
 685 0068 04       		.uleb128 0x4
 686 0069 04       		.byte	0x4
 687 006a 05       		.byte	0x5
 688 006b 696E7400 		.ascii	"int\000"
 689 006f 02       		.uleb128 0x2
 690 0070 04       		.byte	0x4
 691 0071 07       		.byte	0x7
 692 0072 AD010000 		.4byte	.LASF8
 693 0076 03       		.uleb128 0x3
 694 0077 C8000000 		.4byte	.LASF10
 695 007b 03       		.byte	0x3
 696 007c 2A       		.byte	0x2a
 697 007d 2C000000 		.4byte	0x2c
 698 0081 03       		.uleb128 0x3
 699 0082 E2000000 		.4byte	.LASF11
 700 0086 04       		.byte	0x4
 701 0087 A1       		.byte	0xa1
 702 0088 37000000 		.4byte	0x37
 703 008c 03       		.uleb128 0x3
 704 008d E8010000 		.4byte	.LASF12
 705 0091 04       		.byte	0x4
 706 0092 A2       		.byte	0xa2
 707 0093 45000000 		.4byte	0x45
 708 0097 03       		.uleb128 0x3
 709 0098 DC000000 		.4byte	.LASF13
 710 009c 04       		.byte	0x4
 711 009d A5       		.byte	0xa5
 712 009e 3E000000 		.4byte	0x3e
 713 00a2 02       		.uleb128 0x2
 714 00a3 04       		.byte	0x4
 715 00a4 04       		.byte	0x4
 716 00a5 14010000 		.4byte	.LASF14
 717 00a9 02       		.uleb128 0x2
 718 00aa 08       		.byte	0x8
 719 00ab 04       		.byte	0x4
 720 00ac 22020000 		.4byte	.LASF15
 721 00b0 02       		.uleb128 0x2
 722 00b1 01       		.byte	0x1
 723 00b2 08       		.byte	0x8
 724 00b3 D5010000 		.4byte	.LASF16
 725 00b7 02       		.uleb128 0x2
 726 00b8 04       		.byte	0x4
 727 00b9 07       		.byte	0x7
 728 00ba 87000000 		.4byte	.LASF17
 729 00be 02       		.uleb128 0x2
 730 00bf 08       		.byte	0x8
 731 00c0 04       		.byte	0x4
 732 00c1 62010000 		.4byte	.LASF18
 733 00c5 05       		.uleb128 0x5
 734 00c6 A4020000 		.4byte	.LASF58
 735 00ca 28       		.byte	0x28
 736 00cb 01       		.byte	0x1
 737 00cc 26       		.byte	0x26
 738 00cd 6B010000 		.4byte	0x16b
 739 00d1 06       		.uleb128 0x6
 740 00d2 3A020000 		.4byte	.LASF19
ARM GAS  C:\Users\Sam\AppData\Local\Temp\ccKWGsAP.s 			page 18


 741 00d6 01       		.byte	0x1
 742 00d7 27       		.byte	0x27
 743 00d8 68000000 		.4byte	0x68
 744 00dc 00       		.byte	0
 745 00dd 06       		.uleb128 0x6
 746 00de D0000000 		.4byte	.LASF20
 747 00e2 01       		.byte	0x1
 748 00e3 28       		.byte	0x28
 749 00e4 97000000 		.4byte	0x97
 750 00e8 04       		.byte	0x4
 751 00e9 06       		.uleb128 0x6
 752 00ea 5F000000 		.4byte	.LASF21
 753 00ee 01       		.byte	0x1
 754 00ef 28       		.byte	0x28
 755 00f0 97000000 		.4byte	0x97
 756 00f4 06       		.byte	0x6
 757 00f5 06       		.uleb128 0x6
 758 00f6 E8000000 		.4byte	.LASF22
 759 00fa 01       		.byte	0x1
 760 00fb 29       		.byte	0x29
 761 00fc 97000000 		.4byte	0x97
 762 0100 08       		.byte	0x8
 763 0101 06       		.uleb128 0x6
 764 0102 0B010000 		.4byte	.LASF23
 765 0106 01       		.byte	0x1
 766 0107 2A       		.byte	0x2a
 767 0108 97000000 		.4byte	0x97
 768 010c 0A       		.byte	0xa
 769 010d 06       		.uleb128 0x6
 770 010e F7000000 		.4byte	.LASF24
 771 0112 01       		.byte	0x1
 772 0113 2B       		.byte	0x2b
 773 0114 97000000 		.4byte	0x97
 774 0118 0C       		.byte	0xc
 775 0119 06       		.uleb128 0x6
 776 011a 74000000 		.4byte	.LASF25
 777 011e 01       		.byte	0x1
 778 011f 2C       		.byte	0x2c
 779 0120 8C000000 		.4byte	0x8c
 780 0124 0E       		.byte	0xe
 781 0125 06       		.uleb128 0x6
 782 0126 15020000 		.4byte	.LASF26
 783 012a 01       		.byte	0x1
 784 012b 2D       		.byte	0x2d
 785 012c 97000000 		.4byte	0x97
 786 0130 10       		.byte	0x10
 787 0131 06       		.uleb128 0x6
 788 0132 58010000 		.4byte	.LASF27
 789 0136 01       		.byte	0x1
 790 0137 2E       		.byte	0x2e
 791 0138 A2000000 		.4byte	0xa2
 792 013c 14       		.byte	0x14
 793 013d 07       		.uleb128 0x7
 794 013e 4B7000   		.ascii	"Kp\000"
 795 0141 01       		.byte	0x1
 796 0142 2F       		.byte	0x2f
 797 0143 A2000000 		.4byte	0xa2
ARM GAS  C:\Users\Sam\AppData\Local\Temp\ccKWGsAP.s 			page 19


 798 0147 18       		.byte	0x18
 799 0148 07       		.uleb128 0x7
 800 0149 4B6900   		.ascii	"Ki\000"
 801 014c 01       		.byte	0x1
 802 014d 2F       		.byte	0x2f
 803 014e A2000000 		.4byte	0xa2
 804 0152 1C       		.byte	0x1c
 805 0153 07       		.uleb128 0x7
 806 0154 4B6400   		.ascii	"Kd\000"
 807 0157 01       		.byte	0x1
 808 0158 2F       		.byte	0x2f
 809 0159 A2000000 		.4byte	0xa2
 810 015d 20       		.byte	0x20
 811 015e 06       		.uleb128 0x6
 812 015f 29020000 		.4byte	.LASF28
 813 0163 01       		.byte	0x1
 814 0164 30       		.byte	0x30
 815 0165 97000000 		.4byte	0x97
 816 0169 24       		.byte	0x24
 817 016a 00       		.byte	0
 818 016b 08       		.uleb128 0x8
 819 016c 90000000 		.4byte	.LASF59
 820 0170 01       		.byte	0x1
 821 0171 44       		.byte	0x44
 822 0172 68000000 		.4byte	0x68
 823 0176 00000000 		.4byte	.LFB33
 824 017a DC010000 		.4byte	.LFE33-.LFB33
 825 017e 01       		.uleb128 0x1
 826 017f 9C       		.byte	0x9c
 827 0180 9F010000 		.4byte	0x19f
 828 0184 09       		.uleb128 0x9
 829 0185 6900     		.ascii	"i\000"
 830 0187 01       		.byte	0x1
 831 0188 54       		.byte	0x54
 832 0189 68000000 		.4byte	0x68
 833 018d 02       		.uleb128 0x2
 834 018e 91       		.byte	0x91
 835 018f 64       		.sleb128 -28
 836 0190 09       		.uleb128 0x9
 837 0191 69646100 		.ascii	"ida\000"
 838 0195 01       		.byte	0x1
 839 0196 5E       		.byte	0x5e
 840 0197 81000000 		.4byte	0x81
 841 019b 02       		.uleb128 0x2
 842 019c 91       		.byte	0x91
 843 019d 63       		.sleb128 -29
 844 019e 00       		.byte	0
 845 019f 0A       		.uleb128 0xa
 846 01a0 83020000 		.4byte	.LASF37
 847 01a4 01       		.byte	0x1
 848 01a5 9D       		.byte	0x9d
 849 01a6 00000000 		.4byte	.LFB34
 850 01aa B0000000 		.4byte	.LFE34-.LFB34
 851 01ae 01       		.uleb128 0x1
 852 01af 9C       		.byte	0x9c
 853 01b0 0B       		.uleb128 0xb
 854 01b1 F6010000 		.4byte	.LASF60
ARM GAS  C:\Users\Sam\AppData\Local\Temp\ccKWGsAP.s 			page 20


 855 01b5 01       		.byte	0x1
 856 01b6 B5       		.byte	0xb5
 857 01b7 68000000 		.4byte	0x68
 858 01bb 00000000 		.4byte	.LFB35
 859 01bf 00010000 		.4byte	.LFE35-.LFB35
 860 01c3 01       		.uleb128 0x1
 861 01c4 9C       		.byte	0x9c
 862 01c5 43020000 		.4byte	0x243
 863 01c9 0C       		.uleb128 0xc
 864 01ca C7020000 		.4byte	.LASF29
 865 01ce 01       		.byte	0x1
 866 01cf B5       		.byte	0xb5
 867 01d0 A2000000 		.4byte	0xa2
 868 01d4 02       		.uleb128 0x2
 869 01d5 91       		.byte	0x91
 870 01d6 5C       		.sleb128 -36
 871 01d7 0C       		.uleb128 0xc
 872 01d8 9B020000 		.4byte	.LASF30
 873 01dc 01       		.byte	0x1
 874 01dd B5       		.byte	0xb5
 875 01de A2000000 		.4byte	0xa2
 876 01e2 02       		.uleb128 0x2
 877 01e3 91       		.byte	0x91
 878 01e4 58       		.sleb128 -40
 879 01e5 0D       		.uleb128 0xd
 880 01e6 45010000 		.4byte	.LASF31
 881 01ea 01       		.byte	0x1
 882 01eb B7       		.byte	0xb7
 883 01ec A2000000 		.4byte	0xa2
 884 01f0 05       		.uleb128 0x5
 885 01f1 03       		.byte	0x3
 886 01f2 14000000 		.4byte	integral.7223
 887 01f6 0D       		.uleb128 0xd
 888 01f7 AB000000 		.4byte	.LASF32
 889 01fb 01       		.byte	0x1
 890 01fc B8       		.byte	0xb8
 891 01fd A2000000 		.4byte	0xa2
 892 0201 05       		.uleb128 0x5
 893 0202 03       		.byte	0x3
 894 0203 1C000000 		.4byte	derivative.7224
 895 0207 0D       		.uleb128 0xd
 896 0208 55000000 		.4byte	.LASF33
 897 020c 01       		.byte	0x1
 898 020d B9       		.byte	0xb9
 899 020e A2000000 		.4byte	0xa2
 900 0212 05       		.uleb128 0x5
 901 0213 03       		.byte	0x3
 902 0214 18000000 		.4byte	lastError.7225
 903 0218 0D       		.uleb128 0xd
 904 0219 7D020000 		.4byte	.LASF34
 905 021d 01       		.byte	0x1
 906 021e BB       		.byte	0xbb
 907 021f A2000000 		.4byte	0xa2
 908 0223 02       		.uleb128 0x2
 909 0224 91       		.byte	0x91
 910 0225 64       		.sleb128 -28
 911 0226 0D       		.uleb128 0xd
ARM GAS  C:\Users\Sam\AppData\Local\Temp\ccKWGsAP.s 			page 21


 912 0227 A2000000 		.4byte	.LASF35
 913 022b 01       		.byte	0x1
 914 022c BB       		.byte	0xbb
 915 022d A2000000 		.4byte	0xa2
 916 0231 02       		.uleb128 0x2
 917 0232 91       		.byte	0x91
 918 0233 68       		.sleb128 -24
 919 0234 0D       		.uleb128 0xd
 920 0235 6E010000 		.4byte	.LASF36
 921 0239 01       		.byte	0x1
 922 023a BC       		.byte	0xbc
 923 023b 68000000 		.4byte	0x68
 924 023f 02       		.uleb128 0x2
 925 0240 91       		.byte	0x91
 926 0241 6C       		.sleb128 -20
 927 0242 00       		.byte	0
 928 0243 0E       		.uleb128 0xe
 929 0244 1A010000 		.4byte	.LASF38
 930 0248 01       		.byte	0x1
 931 0249 D2       		.byte	0xd2
 932 024a 00000000 		.4byte	.LFB36
 933 024e 1C000000 		.4byte	.LFE36-.LFB36
 934 0252 01       		.uleb128 0x1
 935 0253 9C       		.byte	0x9c
 936 0254 0F       		.uleb128 0xf
 937 0255 75020000 		.4byte	.LASF39
 938 0259 05       		.byte	0x5
 939 025a 90       		.byte	0x90
 940 025b 76000000 		.4byte	0x76
 941 025f 05       		.uleb128 0x5
 942 0260 03       		.byte	0x3
 943 0261 00000000 		.4byte	devAddr
 944 0265 10       		.uleb128 0x10
 945 0266 76000000 		.4byte	0x76
 946 026a 75020000 		.4byte	0x275
 947 026e 11       		.uleb128 0x11
 948 026f B7000000 		.4byte	0xb7
 949 0273 05       		.byte	0x5
 950 0274 00       		.byte	0
 951 0275 0F       		.uleb128 0xf
 952 0276 EF010000 		.4byte	.LASF40
 953 027a 05       		.byte	0x5
 954 027b 91       		.byte	0x91
 955 027c 65020000 		.4byte	0x265
 956 0280 05       		.uleb128 0x5
 957 0281 03       		.byte	0x3
 958 0282 00000000 		.4byte	buffer
 959 0286 0F       		.uleb128 0xf
 960 0287 95000000 		.4byte	.LASF41
 961 028b 05       		.byte	0x5
 962 028c 92       		.byte	0x92
 963 028d 76000000 		.4byte	0x76
 964 0291 05       		.uleb128 0x5
 965 0292 03       		.byte	0x3
 966 0293 00000000 		.4byte	mode
 967 0297 10       		.uleb128 0x10
 968 0298 6F000000 		.4byte	0x6f
ARM GAS  C:\Users\Sam\AppData\Local\Temp\ccKWGsAP.s 			page 22


 969 029c A7020000 		.4byte	0x2a7
 970 02a0 11       		.uleb128 0x11
 971 02a1 B7000000 		.4byte	0xb7
 972 02a5 31       		.byte	0x31
 973 02a6 00       		.byte	0
 974 02a7 12       		.uleb128 0x12
 975 02a8 00010000 		.4byte	.LASF42
 976 02ac 01       		.byte	0x1
 977 02ad 1F       		.byte	0x1f
 978 02ae 97020000 		.4byte	0x297
 979 02b2 10       		.uleb128 0x10
 980 02b3 37000000 		.4byte	0x37
 981 02b7 C2020000 		.4byte	0x2c2
 982 02bb 11       		.uleb128 0x11
 983 02bc B7000000 		.4byte	0xb7
 984 02c0 7C       		.byte	0x7c
 985 02c1 00       		.byte	0
 986 02c2 12       		.uleb128 0x12
 987 02c3 47020000 		.4byte	.LASF43
 988 02c7 01       		.byte	0x1
 989 02c8 21       		.byte	0x21
 990 02c9 B2020000 		.4byte	0x2b2
 991 02cd 12       		.uleb128 0x12
 992 02ce 59020000 		.4byte	.LASF44
 993 02d2 01       		.byte	0x1
 994 02d3 23       		.byte	0x23
 995 02d4 81000000 		.4byte	0x81
 996 02d8 13       		.uleb128 0x13
 997 02d9 6D6200   		.ascii	"mb\000"
 998 02dc 01       		.byte	0x1
 999 02dd 32       		.byte	0x32
 1000 02de C5000000 		.4byte	0xc5
 1001 02e2 05       		.uleb128 0x5
 1002 02e3 03       		.byte	0x3
 1003 02e4 00000000 		.4byte	mb
 1004 02e8 0F       		.uleb128 0xf
 1005 02e9 AF020000 		.4byte	.LASF45
 1006 02ed 01       		.byte	0x1
 1007 02ee 36       		.byte	0x36
 1008 02ef 68000000 		.4byte	0x68
 1009 02f3 05       		.uleb128 0x5
 1010 02f4 03       		.byte	0x3
 1011 02f5 00000000 		.4byte	interruptCount
 1012 02f9 0F       		.uleb128 0xf
 1013 02fa BE020000 		.4byte	.LASF46
 1014 02fe 01       		.byte	0x1
 1015 02ff 37       		.byte	0x37
 1016 0300 81000000 		.4byte	0x81
 1017 0304 05       		.uleb128 0x5
 1018 0305 03       		.byte	0x3
 1019 0306 00000000 		.4byte	pidspeed
 1020 030a 13       		.uleb128 0x13
 1021 030b 637800   		.ascii	"cx\000"
 1022 030e 01       		.byte	0x1
 1023 030f 39       		.byte	0x39
 1024 0310 97000000 		.4byte	0x97
 1025 0314 05       		.uleb128 0x5
ARM GAS  C:\Users\Sam\AppData\Local\Temp\ccKWGsAP.s 			page 23


 1026 0315 03       		.byte	0x3
 1027 0316 00000000 		.4byte	cx
 1028 031a 13       		.uleb128 0x13
 1029 031b 637900   		.ascii	"cy\000"
 1030 031e 01       		.byte	0x1
 1031 031f 39       		.byte	0x39
 1032 0320 97000000 		.4byte	0x97
 1033 0324 05       		.uleb128 0x5
 1034 0325 03       		.byte	0x3
 1035 0326 00000000 		.4byte	cy
 1036 032a 13       		.uleb128 0x13
 1037 032b 637A00   		.ascii	"cz\000"
 1038 032e 01       		.byte	0x1
 1039 032f 39       		.byte	0x39
 1040 0330 97000000 		.4byte	0x97
 1041 0334 05       		.uleb128 0x5
 1042 0335 03       		.byte	0x3
 1043 0336 00000000 		.4byte	cz
 1044 033a 13       		.uleb128 0x13
 1045 033b 737800   		.ascii	"sx\000"
 1046 033e 01       		.byte	0x1
 1047 033f 3A       		.byte	0x3a
 1048 0340 A9000000 		.4byte	0xa9
 1049 0344 05       		.uleb128 0x5
 1050 0345 03       		.byte	0x3
 1051 0346 00000000 		.4byte	sx
 1052 034a 13       		.uleb128 0x13
 1053 034b 737900   		.ascii	"sy\000"
 1054 034e 01       		.byte	0x1
 1055 034f 3A       		.byte	0x3a
 1056 0350 A9000000 		.4byte	0xa9
 1057 0354 05       		.uleb128 0x5
 1058 0355 03       		.byte	0x3
 1059 0356 00000000 		.4byte	sy
 1060 035a 13       		.uleb128 0x13
 1061 035b 737A00   		.ascii	"sz\000"
 1062 035e 01       		.byte	0x1
 1063 035f 3A       		.byte	0x3a
 1064 0360 A9000000 		.4byte	0xa9
 1065 0364 05       		.uleb128 0x5
 1066 0365 03       		.byte	0x3
 1067 0366 00000000 		.4byte	sz
 1068 036a 0F       		.uleb128 0xf
 1069 036b B6000000 		.4byte	.LASF47
 1070 036f 01       		.byte	0x1
 1071 0370 3B       		.byte	0x3b
 1072 0371 A9000000 		.4byte	0xa9
 1073 0375 05       		.uleb128 0x5
 1074 0376 03       		.byte	0x3
 1075 0377 00000000 		.4byte	offsetsx
 1076 037b 0F       		.uleb128 0xf
 1077 037c BF000000 		.4byte	.LASF48
 1078 0380 01       		.byte	0x1
 1079 0381 3B       		.byte	0x3b
 1080 0382 A9000000 		.4byte	0xa9
 1081 0386 05       		.uleb128 0x5
 1082 0387 03       		.byte	0x3
ARM GAS  C:\Users\Sam\AppData\Local\Temp\ccKWGsAP.s 			page 24


 1083 0388 00000000 		.4byte	offsetsy
 1084 038c 0F       		.uleb128 0xf
 1085 038d A7010000 		.4byte	.LASF49
 1086 0391 01       		.byte	0x1
 1087 0392 3C       		.byte	0x3c
 1088 0393 A2000000 		.4byte	0xa2
 1089 0397 05       		.uleb128 0x5
 1090 0398 03       		.byte	0x3
 1091 0399 00000000 		.4byte	scale
 1092 039d 0F       		.uleb128 0xf
 1093 039e 9A000000 		.4byte	.LASF50
 1094 03a2 01       		.byte	0x1
 1095 03a3 3D       		.byte	0x3d
 1096 03a4 A9000000 		.4byte	0xa9
 1097 03a8 05       		.uleb128 0x5
 1098 03a9 03       		.byte	0x3
 1099 03aa 00000000 		.4byte	bearing
 1100 03ae 0F       		.uleb128 0xf
 1101 03af 67020000 		.4byte	.LASF51
 1102 03b3 01       		.byte	0x1
 1103 03b4 3E       		.byte	0x3e
 1104 03b5 BF030000 		.4byte	0x3bf
 1105 03b9 05       		.uleb128 0x5
 1106 03ba 03       		.byte	0x3
 1107 03bb 00000000 		.4byte	compassOnline
 1108 03bf 02       		.uleb128 0x2
 1109 03c0 01       		.byte	0x1
 1110 03c1 02       		.byte	0x2
 1111 03c2 DA010000 		.4byte	.LASF52
 1112 03c6 0F       		.uleb128 0xf
 1113 03c7 BA010000 		.4byte	.LASF53
 1114 03cb 01       		.byte	0x1
 1115 03cc 3F       		.byte	0x3f
 1116 03cd 8C000000 		.4byte	0x8c
 1117 03d1 05       		.uleb128 0x5
 1118 03d2 03       		.byte	0x3
 1119 03d3 00000000 		.4byte	xoffset
 1120 03d7 0F       		.uleb128 0xf
 1121 03d8 E0010000 		.4byte	.LASF54
 1122 03dc 01       		.byte	0x1
 1123 03dd 3F       		.byte	0x3f
 1124 03de 8C000000 		.4byte	0x8c
 1125 03e2 05       		.uleb128 0x5
 1126 03e3 03       		.byte	0x3
 1127 03e4 00000000 		.4byte	yoffset
 1128 03e8 00       		.byte	0
 1129              		.section	.debug_abbrev,"",%progbits
 1130              	.Ldebug_abbrev0:
 1131 0000 01       		.uleb128 0x1
 1132 0001 11       		.uleb128 0x11
 1133 0002 01       		.byte	0x1
 1134 0003 25       		.uleb128 0x25
 1135 0004 0E       		.uleb128 0xe
 1136 0005 13       		.uleb128 0x13
 1137 0006 0B       		.uleb128 0xb
 1138 0007 03       		.uleb128 0x3
 1139 0008 0E       		.uleb128 0xe
ARM GAS  C:\Users\Sam\AppData\Local\Temp\ccKWGsAP.s 			page 25


 1140 0009 1B       		.uleb128 0x1b
 1141 000a 0E       		.uleb128 0xe
 1142 000b 55       		.uleb128 0x55
 1143 000c 17       		.uleb128 0x17
 1144 000d 11       		.uleb128 0x11
 1145 000e 01       		.uleb128 0x1
 1146 000f 10       		.uleb128 0x10
 1147 0010 17       		.uleb128 0x17
 1148 0011 00       		.byte	0
 1149 0012 00       		.byte	0
 1150 0013 02       		.uleb128 0x2
 1151 0014 24       		.uleb128 0x24
 1152 0015 00       		.byte	0
 1153 0016 0B       		.uleb128 0xb
 1154 0017 0B       		.uleb128 0xb
 1155 0018 3E       		.uleb128 0x3e
 1156 0019 0B       		.uleb128 0xb
 1157 001a 03       		.uleb128 0x3
 1158 001b 0E       		.uleb128 0xe
 1159 001c 00       		.byte	0
 1160 001d 00       		.byte	0
 1161 001e 03       		.uleb128 0x3
 1162 001f 16       		.uleb128 0x16
 1163 0020 00       		.byte	0
 1164 0021 03       		.uleb128 0x3
 1165 0022 0E       		.uleb128 0xe
 1166 0023 3A       		.uleb128 0x3a
 1167 0024 0B       		.uleb128 0xb
 1168 0025 3B       		.uleb128 0x3b
 1169 0026 0B       		.uleb128 0xb
 1170 0027 49       		.uleb128 0x49
 1171 0028 13       		.uleb128 0x13
 1172 0029 00       		.byte	0
 1173 002a 00       		.byte	0
 1174 002b 04       		.uleb128 0x4
 1175 002c 24       		.uleb128 0x24
 1176 002d 00       		.byte	0
 1177 002e 0B       		.uleb128 0xb
 1178 002f 0B       		.uleb128 0xb
 1179 0030 3E       		.uleb128 0x3e
 1180 0031 0B       		.uleb128 0xb
 1181 0032 03       		.uleb128 0x3
 1182 0033 08       		.uleb128 0x8
 1183 0034 00       		.byte	0
 1184 0035 00       		.byte	0
 1185 0036 05       		.uleb128 0x5
 1186 0037 13       		.uleb128 0x13
 1187 0038 01       		.byte	0x1
 1188 0039 03       		.uleb128 0x3
 1189 003a 0E       		.uleb128 0xe
 1190 003b 0B       		.uleb128 0xb
 1191 003c 0B       		.uleb128 0xb
 1192 003d 3A       		.uleb128 0x3a
 1193 003e 0B       		.uleb128 0xb
 1194 003f 3B       		.uleb128 0x3b
 1195 0040 0B       		.uleb128 0xb
 1196 0041 01       		.uleb128 0x1
ARM GAS  C:\Users\Sam\AppData\Local\Temp\ccKWGsAP.s 			page 26


 1197 0042 13       		.uleb128 0x13
 1198 0043 00       		.byte	0
 1199 0044 00       		.byte	0
 1200 0045 06       		.uleb128 0x6
 1201 0046 0D       		.uleb128 0xd
 1202 0047 00       		.byte	0
 1203 0048 03       		.uleb128 0x3
 1204 0049 0E       		.uleb128 0xe
 1205 004a 3A       		.uleb128 0x3a
 1206 004b 0B       		.uleb128 0xb
 1207 004c 3B       		.uleb128 0x3b
 1208 004d 0B       		.uleb128 0xb
 1209 004e 49       		.uleb128 0x49
 1210 004f 13       		.uleb128 0x13
 1211 0050 38       		.uleb128 0x38
 1212 0051 0B       		.uleb128 0xb
 1213 0052 00       		.byte	0
 1214 0053 00       		.byte	0
 1215 0054 07       		.uleb128 0x7
 1216 0055 0D       		.uleb128 0xd
 1217 0056 00       		.byte	0
 1218 0057 03       		.uleb128 0x3
 1219 0058 08       		.uleb128 0x8
 1220 0059 3A       		.uleb128 0x3a
 1221 005a 0B       		.uleb128 0xb
 1222 005b 3B       		.uleb128 0x3b
 1223 005c 0B       		.uleb128 0xb
 1224 005d 49       		.uleb128 0x49
 1225 005e 13       		.uleb128 0x13
 1226 005f 38       		.uleb128 0x38
 1227 0060 0B       		.uleb128 0xb
 1228 0061 00       		.byte	0
 1229 0062 00       		.byte	0
 1230 0063 08       		.uleb128 0x8
 1231 0064 2E       		.uleb128 0x2e
 1232 0065 01       		.byte	0x1
 1233 0066 3F       		.uleb128 0x3f
 1234 0067 19       		.uleb128 0x19
 1235 0068 03       		.uleb128 0x3
 1236 0069 0E       		.uleb128 0xe
 1237 006a 3A       		.uleb128 0x3a
 1238 006b 0B       		.uleb128 0xb
 1239 006c 3B       		.uleb128 0x3b
 1240 006d 0B       		.uleb128 0xb
 1241 006e 49       		.uleb128 0x49
 1242 006f 13       		.uleb128 0x13
 1243 0070 11       		.uleb128 0x11
 1244 0071 01       		.uleb128 0x1
 1245 0072 12       		.uleb128 0x12
 1246 0073 06       		.uleb128 0x6
 1247 0074 40       		.uleb128 0x40
 1248 0075 18       		.uleb128 0x18
 1249 0076 9642     		.uleb128 0x2116
 1250 0078 19       		.uleb128 0x19
 1251 0079 01       		.uleb128 0x1
 1252 007a 13       		.uleb128 0x13
 1253 007b 00       		.byte	0
ARM GAS  C:\Users\Sam\AppData\Local\Temp\ccKWGsAP.s 			page 27


 1254 007c 00       		.byte	0
 1255 007d 09       		.uleb128 0x9
 1256 007e 34       		.uleb128 0x34
 1257 007f 00       		.byte	0
 1258 0080 03       		.uleb128 0x3
 1259 0081 08       		.uleb128 0x8
 1260 0082 3A       		.uleb128 0x3a
 1261 0083 0B       		.uleb128 0xb
 1262 0084 3B       		.uleb128 0x3b
 1263 0085 0B       		.uleb128 0xb
 1264 0086 49       		.uleb128 0x49
 1265 0087 13       		.uleb128 0x13
 1266 0088 02       		.uleb128 0x2
 1267 0089 18       		.uleb128 0x18
 1268 008a 00       		.byte	0
 1269 008b 00       		.byte	0
 1270 008c 0A       		.uleb128 0xa
 1271 008d 2E       		.uleb128 0x2e
 1272 008e 00       		.byte	0
 1273 008f 3F       		.uleb128 0x3f
 1274 0090 19       		.uleb128 0x19
 1275 0091 03       		.uleb128 0x3
 1276 0092 0E       		.uleb128 0xe
 1277 0093 3A       		.uleb128 0x3a
 1278 0094 0B       		.uleb128 0xb
 1279 0095 3B       		.uleb128 0x3b
 1280 0096 0B       		.uleb128 0xb
 1281 0097 27       		.uleb128 0x27
 1282 0098 19       		.uleb128 0x19
 1283 0099 11       		.uleb128 0x11
 1284 009a 01       		.uleb128 0x1
 1285 009b 12       		.uleb128 0x12
 1286 009c 06       		.uleb128 0x6
 1287 009d 40       		.uleb128 0x40
 1288 009e 18       		.uleb128 0x18
 1289 009f 9642     		.uleb128 0x2116
 1290 00a1 19       		.uleb128 0x19
 1291 00a2 00       		.byte	0
 1292 00a3 00       		.byte	0
 1293 00a4 0B       		.uleb128 0xb
 1294 00a5 2E       		.uleb128 0x2e
 1295 00a6 01       		.byte	0x1
 1296 00a7 3F       		.uleb128 0x3f
 1297 00a8 19       		.uleb128 0x19
 1298 00a9 03       		.uleb128 0x3
 1299 00aa 0E       		.uleb128 0xe
 1300 00ab 3A       		.uleb128 0x3a
 1301 00ac 0B       		.uleb128 0xb
 1302 00ad 3B       		.uleb128 0x3b
 1303 00ae 0B       		.uleb128 0xb
 1304 00af 27       		.uleb128 0x27
 1305 00b0 19       		.uleb128 0x19
 1306 00b1 49       		.uleb128 0x49
 1307 00b2 13       		.uleb128 0x13
 1308 00b3 11       		.uleb128 0x11
 1309 00b4 01       		.uleb128 0x1
 1310 00b5 12       		.uleb128 0x12
ARM GAS  C:\Users\Sam\AppData\Local\Temp\ccKWGsAP.s 			page 28


 1311 00b6 06       		.uleb128 0x6
 1312 00b7 40       		.uleb128 0x40
 1313 00b8 18       		.uleb128 0x18
 1314 00b9 9642     		.uleb128 0x2116
 1315 00bb 19       		.uleb128 0x19
 1316 00bc 01       		.uleb128 0x1
 1317 00bd 13       		.uleb128 0x13
 1318 00be 00       		.byte	0
 1319 00bf 00       		.byte	0
 1320 00c0 0C       		.uleb128 0xc
 1321 00c1 05       		.uleb128 0x5
 1322 00c2 00       		.byte	0
 1323 00c3 03       		.uleb128 0x3
 1324 00c4 0E       		.uleb128 0xe
 1325 00c5 3A       		.uleb128 0x3a
 1326 00c6 0B       		.uleb128 0xb
 1327 00c7 3B       		.uleb128 0x3b
 1328 00c8 0B       		.uleb128 0xb
 1329 00c9 49       		.uleb128 0x49
 1330 00ca 13       		.uleb128 0x13
 1331 00cb 02       		.uleb128 0x2
 1332 00cc 18       		.uleb128 0x18
 1333 00cd 00       		.byte	0
 1334 00ce 00       		.byte	0
 1335 00cf 0D       		.uleb128 0xd
 1336 00d0 34       		.uleb128 0x34
 1337 00d1 00       		.byte	0
 1338 00d2 03       		.uleb128 0x3
 1339 00d3 0E       		.uleb128 0xe
 1340 00d4 3A       		.uleb128 0x3a
 1341 00d5 0B       		.uleb128 0xb
 1342 00d6 3B       		.uleb128 0x3b
 1343 00d7 0B       		.uleb128 0xb
 1344 00d8 49       		.uleb128 0x49
 1345 00d9 13       		.uleb128 0x13
 1346 00da 02       		.uleb128 0x2
 1347 00db 18       		.uleb128 0x18
 1348 00dc 00       		.byte	0
 1349 00dd 00       		.byte	0
 1350 00de 0E       		.uleb128 0xe
 1351 00df 2E       		.uleb128 0x2e
 1352 00e0 00       		.byte	0
 1353 00e1 3F       		.uleb128 0x3f
 1354 00e2 19       		.uleb128 0x19
 1355 00e3 03       		.uleb128 0x3
 1356 00e4 0E       		.uleb128 0xe
 1357 00e5 3A       		.uleb128 0x3a
 1358 00e6 0B       		.uleb128 0xb
 1359 00e7 3B       		.uleb128 0x3b
 1360 00e8 0B       		.uleb128 0xb
 1361 00e9 27       		.uleb128 0x27
 1362 00ea 19       		.uleb128 0x19
 1363 00eb 11       		.uleb128 0x11
 1364 00ec 01       		.uleb128 0x1
 1365 00ed 12       		.uleb128 0x12
 1366 00ee 06       		.uleb128 0x6
 1367 00ef 40       		.uleb128 0x40
ARM GAS  C:\Users\Sam\AppData\Local\Temp\ccKWGsAP.s 			page 29


 1368 00f0 18       		.uleb128 0x18
 1369 00f1 9742     		.uleb128 0x2117
 1370 00f3 19       		.uleb128 0x19
 1371 00f4 00       		.byte	0
 1372 00f5 00       		.byte	0
 1373 00f6 0F       		.uleb128 0xf
 1374 00f7 34       		.uleb128 0x34
 1375 00f8 00       		.byte	0
 1376 00f9 03       		.uleb128 0x3
 1377 00fa 0E       		.uleb128 0xe
 1378 00fb 3A       		.uleb128 0x3a
 1379 00fc 0B       		.uleb128 0xb
 1380 00fd 3B       		.uleb128 0x3b
 1381 00fe 0B       		.uleb128 0xb
 1382 00ff 49       		.uleb128 0x49
 1383 0100 13       		.uleb128 0x13
 1384 0101 3F       		.uleb128 0x3f
 1385 0102 19       		.uleb128 0x19
 1386 0103 02       		.uleb128 0x2
 1387 0104 18       		.uleb128 0x18
 1388 0105 00       		.byte	0
 1389 0106 00       		.byte	0
 1390 0107 10       		.uleb128 0x10
 1391 0108 01       		.uleb128 0x1
 1392 0109 01       		.byte	0x1
 1393 010a 49       		.uleb128 0x49
 1394 010b 13       		.uleb128 0x13
 1395 010c 01       		.uleb128 0x1
 1396 010d 13       		.uleb128 0x13
 1397 010e 00       		.byte	0
 1398 010f 00       		.byte	0
 1399 0110 11       		.uleb128 0x11
 1400 0111 21       		.uleb128 0x21
 1401 0112 00       		.byte	0
 1402 0113 49       		.uleb128 0x49
 1403 0114 13       		.uleb128 0x13
 1404 0115 2F       		.uleb128 0x2f
 1405 0116 0B       		.uleb128 0xb
 1406 0117 00       		.byte	0
 1407 0118 00       		.byte	0
 1408 0119 12       		.uleb128 0x12
 1409 011a 34       		.uleb128 0x34
 1410 011b 00       		.byte	0
 1411 011c 03       		.uleb128 0x3
 1412 011d 0E       		.uleb128 0xe
 1413 011e 3A       		.uleb128 0x3a
 1414 011f 0B       		.uleb128 0xb
 1415 0120 3B       		.uleb128 0x3b
 1416 0121 0B       		.uleb128 0xb
 1417 0122 49       		.uleb128 0x49
 1418 0123 13       		.uleb128 0x13
 1419 0124 3F       		.uleb128 0x3f
 1420 0125 19       		.uleb128 0x19
 1421 0126 3C       		.uleb128 0x3c
 1422 0127 19       		.uleb128 0x19
 1423 0128 00       		.byte	0
 1424 0129 00       		.byte	0
ARM GAS  C:\Users\Sam\AppData\Local\Temp\ccKWGsAP.s 			page 30


 1425 012a 13       		.uleb128 0x13
 1426 012b 34       		.uleb128 0x34
 1427 012c 00       		.byte	0
 1428 012d 03       		.uleb128 0x3
 1429 012e 08       		.uleb128 0x8
 1430 012f 3A       		.uleb128 0x3a
 1431 0130 0B       		.uleb128 0xb
 1432 0131 3B       		.uleb128 0x3b
 1433 0132 0B       		.uleb128 0xb
 1434 0133 49       		.uleb128 0x49
 1435 0134 13       		.uleb128 0x13
 1436 0135 3F       		.uleb128 0x3f
 1437 0136 19       		.uleb128 0x19
 1438 0137 02       		.uleb128 0x2
 1439 0138 18       		.uleb128 0x18
 1440 0139 00       		.byte	0
 1441 013a 00       		.byte	0
 1442 013b 00       		.byte	0
 1443              		.section	.debug_aranges,"",%progbits
 1444 0000 34000000 		.4byte	0x34
 1445 0004 0200     		.2byte	0x2
 1446 0006 00000000 		.4byte	.Ldebug_info0
 1447 000a 04       		.byte	0x4
 1448 000b 00       		.byte	0
 1449 000c 0000     		.2byte	0
 1450 000e 0000     		.2byte	0
 1451 0010 00000000 		.4byte	.LFB33
 1452 0014 DC010000 		.4byte	.LFE33-.LFB33
 1453 0018 00000000 		.4byte	.LFB34
 1454 001c B0000000 		.4byte	.LFE34-.LFB34
 1455 0020 00000000 		.4byte	.LFB35
 1456 0024 00010000 		.4byte	.LFE35-.LFB35
 1457 0028 00000000 		.4byte	.LFB36
 1458 002c 1C000000 		.4byte	.LFE36-.LFB36
 1459 0030 00000000 		.4byte	0
 1460 0034 00000000 		.4byte	0
 1461              		.section	.debug_ranges,"",%progbits
 1462              	.Ldebug_ranges0:
 1463 0000 00000000 		.4byte	.LFB33
 1464 0004 DC010000 		.4byte	.LFE33
 1465 0008 00000000 		.4byte	.LFB34
 1466 000c B0000000 		.4byte	.LFE34
 1467 0010 00000000 		.4byte	.LFB35
 1468 0014 00010000 		.4byte	.LFE35
 1469 0018 00000000 		.4byte	.LFB36
 1470 001c 1C000000 		.4byte	.LFE36
 1471 0020 00000000 		.4byte	0
 1472 0024 00000000 		.4byte	0
 1473              		.section	.debug_line,"",%progbits
 1474              	.Ldebug_line0:
 1475 0000 DE010000 		.section	.debug_str,"MS",%progbits,1
 1475      02005301 
 1475      00000201 
 1475      FB0E0D00 
 1475      01010101 
 1476              	.LASF57:
 1477 0000 433A5C55 		.ascii	"C:\\Users\\Sam\\OneDrive\\Github\\PSoC-4-Compass-Se"
ARM GAS  C:\Users\Sam\AppData\Local\Temp\ccKWGsAP.s 			page 31


 1477      73657273 
 1477      5C53616D 
 1477      5C4F6E65 
 1477      44726976 
 1478 002e 6E736F72 		.ascii	"nsor\\PSoC 4 Compass Modbus Slave.cydsn\000"
 1478      5C50536F 
 1478      43203420 
 1478      436F6D70 
 1478      61737320 
 1479              	.LASF33:
 1480 0055 6C617374 		.ascii	"lastError\000"
 1480      4572726F 
 1480      7200
 1481              	.LASF21:
 1482 005f 656E636F 		.ascii	"encoderLow\000"
 1482      6465724C 
 1482      6F7700
 1483              	.LASF2:
 1484 006a 73686F72 		.ascii	"short int\000"
 1484      7420696E 
 1484      7400
 1485              	.LASF25:
 1486 0074 6D6F746F 		.ascii	"motorCurrentScaler\000"
 1486      72437572 
 1486      72656E74 
 1486      5363616C 
 1486      657200
 1487              	.LASF17:
 1488 0087 73697A65 		.ascii	"sizetype\000"
 1488      74797065 
 1488      00
 1489              	.LASF59:
 1490 0090 6D61696E 		.ascii	"main\000"
 1490      00
 1491              	.LASF41:
 1492 0095 6D6F6465 		.ascii	"mode\000"
 1492      00
 1493              	.LASF50:
 1494 009a 62656172 		.ascii	"bearing\000"
 1494      696E6700 
 1495              	.LASF35:
 1496 00a2 66636F6E 		.ascii	"fcontrol\000"
 1496      74726F6C 
 1496      00
 1497              	.LASF32:
 1498 00ab 64657269 		.ascii	"derivative\000"
 1498      76617469 
 1498      766500
 1499              	.LASF47:
 1500 00b6 6F666673 		.ascii	"offsetsx\000"
 1500      65747378 
 1500      00
 1501              	.LASF48:
 1502 00bf 6F666673 		.ascii	"offsetsy\000"
 1502      65747379 
 1502      00
 1503              	.LASF10:
ARM GAS  C:\Users\Sam\AppData\Local\Temp\ccKWGsAP.s 			page 32


 1504 00c8 75696E74 		.ascii	"uint8_t\000"
 1504      385F7400 
 1505              	.LASF20:
 1506 00d0 656E636F 		.ascii	"encoderHigh\000"
 1506      64657248 
 1506      69676800 
 1507              	.LASF13:
 1508 00dc 696E7431 		.ascii	"int16\000"
 1508      3600
 1509              	.LASF11:
 1510 00e2 75696E74 		.ascii	"uint8\000"
 1510      3800
 1511              	.LASF22:
 1512 00e8 73706565 		.ascii	"speedRPSScaler\000"
 1512      64525053 
 1512      5363616C 
 1512      657200
 1513              	.LASF24:
 1514 00f7 73706565 		.ascii	"speedRPM\000"
 1514      6452504D 
 1514      00
 1515              	.LASF42:
 1516 0100 686F6C64 		.ascii	"holdingReg\000"
 1516      696E6752 
 1516      656700
 1517              	.LASF23:
 1518 010b 73706565 		.ascii	"speedRPS\000"
 1518      64525053 
 1518      00
 1519              	.LASF14:
 1520 0114 666C6F61 		.ascii	"float\000"
 1520      7400
 1521              	.LASF38:
 1522 011a 75706461 		.ascii	"updateModbusPackets\000"
 1522      74654D6F 
 1522      64627573 
 1522      5061636B 
 1522      65747300 
 1523              	.LASF6:
 1524 012e 6C6F6E67 		.ascii	"long long int\000"
 1524      206C6F6E 
 1524      6720696E 
 1524      7400
 1525              	.LASF4:
 1526 013c 6C6F6E67 		.ascii	"long int\000"
 1526      20696E74 
 1526      00
 1527              	.LASF31:
 1528 0145 696E7465 		.ascii	"integral\000"
 1528      6772616C 
 1528      00
 1529              	.LASF9:
 1530 014e 5F5F7569 		.ascii	"__uint8_t\000"
 1530      6E74385F 
 1530      7400
 1531              	.LASF27:
 1532 0158 50494453 		.ascii	"PIDScaler\000"
ARM GAS  C:\Users\Sam\AppData\Local\Temp\ccKWGsAP.s 			page 33


 1532      63616C65 
 1532      7200
 1533              	.LASF18:
 1534 0162 6C6F6E67 		.ascii	"long double\000"
 1534      20646F75 
 1534      626C6500 
 1535              	.LASF36:
 1536 016e 636F6E74 		.ascii	"control\000"
 1536      726F6C00 
 1537              	.LASF1:
 1538 0176 756E7369 		.ascii	"unsigned char\000"
 1538      676E6564 
 1538      20636861 
 1538      7200
 1539              	.LASF0:
 1540 0184 7369676E 		.ascii	"signed char\000"
 1540      65642063 
 1540      68617200 
 1541              	.LASF7:
 1542 0190 6C6F6E67 		.ascii	"long long unsigned int\000"
 1542      206C6F6E 
 1542      6720756E 
 1542      7369676E 
 1542      65642069 
 1543              	.LASF49:
 1544 01a7 7363616C 		.ascii	"scale\000"
 1544      6500
 1545              	.LASF8:
 1546 01ad 756E7369 		.ascii	"unsigned int\000"
 1546      676E6564 
 1546      20696E74 
 1546      00
 1547              	.LASF53:
 1548 01ba 786F6666 		.ascii	"xoffset\000"
 1548      73657400 
 1549              	.LASF3:
 1550 01c2 73686F72 		.ascii	"short unsigned int\000"
 1550      7420756E 
 1550      7369676E 
 1550      65642069 
 1550      6E7400
 1551              	.LASF16:
 1552 01d5 63686172 		.ascii	"char\000"
 1552      00
 1553              	.LASF52:
 1554 01da 5F426F6F 		.ascii	"_Bool\000"
 1554      6C00
 1555              	.LASF54:
 1556 01e0 796F6666 		.ascii	"yoffset\000"
 1556      73657400 
 1557              	.LASF12:
 1558 01e8 75696E74 		.ascii	"uint16\000"
 1558      313600
 1559              	.LASF40:
 1560 01ef 62756666 		.ascii	"buffer\000"
 1560      657200
 1561              	.LASF60:
ARM GAS  C:\Users\Sam\AppData\Local\Temp\ccKWGsAP.s 			page 34


 1562 01f6 63616C63 		.ascii	"calculatePID\000"
 1562      756C6174 
 1562      65504944 
 1562      00
 1563              	.LASF5:
 1564 0203 6C6F6E67 		.ascii	"long unsigned int\000"
 1564      20756E73 
 1564      69676E65 
 1564      6420696E 
 1564      7400
 1565              	.LASF26:
 1566 0215 6D6F746F 		.ascii	"motorCurrent\000"
 1566      72437572 
 1566      72656E74 
 1566      00
 1567              	.LASF15:
 1568 0222 646F7562 		.ascii	"double\000"
 1568      6C6500
 1569              	.LASF28:
 1570 0229 73657470 		.ascii	"setpointSpeedRPM\000"
 1570      6F696E74 
 1570      53706565 
 1570      6452504D 
 1570      00
 1571              	.LASF19:
 1572 023a 656E636F 		.ascii	"encoderCount\000"
 1572      64657243 
 1572      6F756E74 
 1572      00
 1573              	.LASF43:
 1574 0247 72656365 		.ascii	"received\000"
 1574      69766564 
 1574      00
 1575              	.LASF56:
 1576 0250 2E5C6D61 		.ascii	".\\main.c\000"
 1576      696E2E63 
 1576      00
 1577              	.LASF44:
 1578 0259 6D6F6462 		.ascii	"modbusMessage\000"
 1578      75734D65 
 1578      73736167 
 1578      6500
 1579              	.LASF51:
 1580 0267 636F6D70 		.ascii	"compassOnline\000"
 1580      6173734F 
 1580      6E6C696E 
 1580      6500
 1581              	.LASF39:
 1582 0275 64657641 		.ascii	"devAddr\000"
 1582      64647200 
 1583              	.LASF34:
 1584 027d 6572726F 		.ascii	"error\000"
 1584      7200
 1585              	.LASF37:
 1586 0283 7363616C 		.ascii	"scaleModbusPIDConstants\000"
 1586      654D6F64 
 1586      62757350 
ARM GAS  C:\Users\Sam\AppData\Local\Temp\ccKWGsAP.s 			page 35


 1586      4944436F 
 1586      6E737461 
 1587              	.LASF30:
 1588 029b 73657470 		.ascii	"setpoint\000"
 1588      6F696E74 
 1588      00
 1589              	.LASF58:
 1590 02a4 4D6F6462 		.ascii	"ModbusData\000"
 1590      75734461 
 1590      746100
 1591              	.LASF45:
 1592 02af 696E7465 		.ascii	"interruptCount\000"
 1592      72727570 
 1592      74436F75 
 1592      6E7400
 1593              	.LASF46:
 1594 02be 70696473 		.ascii	"pidspeed\000"
 1594      70656564 
 1594      00
 1595              	.LASF29:
 1596 02c7 63757272 		.ascii	"currentValue\000"
 1596      656E7456 
 1596      616C7565 
 1596      00
 1597              	.LASF55:
 1598 02d4 474E5520 		.ascii	"GNU C 4.8.4 20140526 (release) [ARM/embedded-4_8-br"
 1598      4320342E 
 1598      382E3420 
 1598      32303134 
 1598      30353236 
 1599 0307 616E6368 		.ascii	"anch revision 211358] -mcpu=cortex-m0 -mthumb -g -O"
 1599      20726576 
 1599      6973696F 
 1599      6E203231 
 1599      31333538 
 1600 033a 30202D66 		.ascii	"0 -ffunction-sections\000"
 1600      66756E63 
 1600      74696F6E 
 1600      2D736563 
 1600      74696F6E 
 1601              		.ident	"GCC: (GNU Tools for ARM Embedded Processors) 4.8.4 20140526 (release) [ARM/embedded-4_8-br
