--------------- Clean Started: 03/02/2015 15:16:00 Project: PSoC 4 Compass Modbus Slave, Configuration: ARM GCC 4.8.4 Debug ---------------
Deleting file ".\CortexM0\ARM_GCC_484\Debug\main.o"
Deleting file ".\CortexM0\ARM_GCC_484\Debug\interrupts.o"
Deleting file ".\CortexM0\ARM_GCC_484\Debug\Modbus.o"
Deleting file ".\CortexM0\ARM_GCC_484\Debug\i2cfunctions.o"
Deleting file ".\CortexM0\ARM_GCC_484\Debug\hmc5883l.o"
Deleting file ".\CortexM0\ARM_GCC_484\Debug\cyfitter_cfg.o"
Deleting file ".\CortexM0\ARM_GCC_484\Debug\cymetadata.o"
Deleting file ".\CortexM0\ARM_GCC_484\Debug\Cm0Start.o"
Deleting file ".\CortexM0\ARM_GCC_484\Debug\CyBootAsmGnu.o"
Deleting file ".\CortexM0\ARM_GCC_484\Debug\CyFlash.o"
Deleting file ".\CortexM0\ARM_GCC_484\Debug\CyLib.o"
Deleting file ".\CortexM0\ARM_GCC_484\Debug\cyPm.o"
Deleting file ".\CortexM0\ARM_GCC_484\Debug\cyutils.o"
Deleting file ".\CortexM0\ARM_GCC_484\Debug\TX_LED.o"
Deleting file ".\CortexM0\ARM_GCC_484\Debug\RX_LED.o"
Deleting file ".\CortexM0\ARM_GCC_484\Debug\MessageTimer.o"
Deleting file ".\CortexM0\ARM_GCC_484\Debug\MessageTimer_PM.o"
Deleting file ".\CortexM0\ARM_GCC_484\Debug\ModbusUART.o"
Deleting file ".\CortexM0\ARM_GCC_484\Debug\ModbusUART_SPI_UART.o"
Deleting file ".\CortexM0\ARM_GCC_484\Debug\ModbusUART_SPI_UART_INT.o"
Deleting file ".\CortexM0\ARM_GCC_484\Debug\ModbusUART_PM.o"
Deleting file ".\CortexM0\ARM_GCC_484\Debug\ModbusUART_UART.o"
Deleting file ".\CortexM0\ARM_GCC_484\Debug\ModbusUART_BOOT.o"
Deleting file ".\CortexM0\ARM_GCC_484\Debug\ModbusUART_UART_BOOT.o"
Deleting file ".\CortexM0\ARM_GCC_484\Debug\ModbusUART_rx.o"
Deleting file ".\CortexM0\ARM_GCC_484\Debug\ModbusUART_SCBCLK.o"
Deleting file ".\CortexM0\ARM_GCC_484\Debug\ModbusUART_tx.o"
Deleting file ".\CortexM0\ARM_GCC_484\Debug\MessageTimerClock.o"
Deleting file ".\CortexM0\ARM_GCC_484\Debug\P0_2_LED.o"
Deleting file ".\CortexM0\ARM_GCC_484\Debug\MessageReceived.o"
Deleting file ".\CortexM0\ARM_GCC_484\Debug\EndOfMessage.o"
Deleting file ".\CortexM0\ARM_GCC_484\Debug\TimerPin.o"
Deleting file ".\CortexM0\ARM_GCC_484\Debug\writeEnable.o"
Deleting file ".\CortexM0\ARM_GCC_484\Debug\SpeedTimer.o"
Deleting file ".\CortexM0\ARM_GCC_484\Debug\SpeedTimer_PM.o"
Deleting file ".\CortexM0\ARM_GCC_484\Debug\SpeedInterrupt.o"
Deleting file ".\CortexM0\ARM_GCC_484\Debug\timer_clock.o"
Deleting file ".\CortexM0\ARM_GCC_484\Debug\I2C_MASTER.o"
Deleting file ".\CortexM0\ARM_GCC_484\Debug\I2C_MASTER_I2C_INT.o"
Deleting file ".\CortexM0\ARM_GCC_484\Debug\I2C_MASTER_I2C.o"
Deleting file ".\CortexM0\ARM_GCC_484\Debug\I2C_MASTER_I2C_BOOT.o"
Deleting file ".\CortexM0\ARM_GCC_484\Debug\I2C_MASTER_I2C_MASTER.o"
Deleting file ".\CortexM0\ARM_GCC_484\Debug\I2C_MASTER_PM.o"
Deleting file ".\CortexM0\ARM_GCC_484\Debug\I2C_MASTER_BOOT.o"
Deleting file ".\CortexM0\ARM_GCC_484\Debug\I2C_MASTER_SCBCLK.o"
Deleting file ".\CortexM0\ARM_GCC_484\Debug\I2C_MASTER_sda.o"
Deleting file ".\CortexM0\ARM_GCC_484\Debug\I2C_MASTER_scl.o"
Deleting file ".\CortexM0\ARM_GCC_484\Debug\I2C_MASTER_SCB_IRQ.o"
Deleting file ".\CortexM0\ARM_GCC_484\Debug\PSoC 4 Compass Modbus Slave.hex"
Deleting file ".\CortexM0\ARM_GCC_484\Debug\PSoC 4 Compass Modbus Slave.elf"
Deleting file ".\CortexM0\ARM_GCC_484\Debug\PSoC 4 Compass Modbus Slave.map"
Deleting file ".\PSoC 4 Compass Modbus Slave.cycdx"
Deleting file ".\PSoC 4 Compass Modbus Slave.svd"
Deleting file ".\PSoC 4 Compass Modbus Slave.rpt"
Deleting file ".\PSoC 4 Compass Modbus Slave_timing.html"
Deleting file ".\CortexM0\ARM_GCC_484\Debug\.deps\C_FILE.P"
Deleting file ".\CortexM0\ARM_GCC_484\Debug\.deps\ARM_C_FILE.P"
Deleting file ".\CortexM0\ARM_GCC_484\Debug\.deps\GNU_ARM_ASM_FILE.P"
--------------- Clean Succeeded: 03/02/2015 15:16:02 ---------------
