--------------- Rebuild Started: 03/03/2015 20:02:24 Project: PSoC 4 Compass Modbus Slave, Configuration: ARM GCC 4.8.4 Debug ---------------
Deleting file ".\CortexM0\ARM_GCC_484\Debug\main.o"
Deleting file ".\CortexM0\ARM_GCC_484\Debug\interrupts.o"
Deleting file ".\CortexM0\ARM_GCC_484\Debug\Modbus.o"
Deleting file ".\CortexM0\ARM_GCC_484\Debug\i2cfunctions.o"
Deleting file ".\CortexM0\ARM_GCC_484\Debug\hmc5883l.o"
Deleting file ".\CortexM0\ARM_GCC_484\Debug\HMC5883L-Compass.o"
Deleting file ".\CortexM0\ARM_GCC_484\Debug\i2c.o"
Deleting file ".\CortexM0\ARM_GCC_484\Debug\cyfitter_cfg.o"
Deleting file ".\CortexM0\ARM_GCC_484\Debug\cymetadata.o"
Deleting file ".\CortexM0\ARM_GCC_484\Debug\Cm0Start.o"
Deleting file ".\CortexM0\ARM_GCC_484\Debug\CyBootAsmGnu.o"
Deleting file ".\CortexM0\ARM_GCC_484\Debug\CyFlash.o"
Deleting file ".\CortexM0\ARM_GCC_484\Debug\CyLib.o"
Deleting file ".\CortexM0\ARM_GCC_484\Debug\cyPm.o"
Deleting file ".\CortexM0\ARM_GCC_484\Debug\cyutils.o"
Deleting file ".\CortexM0\ARM_GCC_484\Debug\TX_LED.o"
Deleting file ".\CortexM0\ARM_GCC_484\Debug\RX_LED.o"
Deleting file ".\CortexM0\ARM_GCC_484\Debug\MessageTimer.o"
Deleting file ".\CortexM0\ARM_GCC_484\Debug\MessageTimer_PM.o"
Deleting file ".\CortexM0\ARM_GCC_484\Debug\ModbusUART.o"
Deleting file ".\CortexM0\ARM_GCC_484\Debug\ModbusUART_SPI_UART.o"
Deleting file ".\CortexM0\ARM_GCC_484\Debug\ModbusUART_SPI_UART_INT.o"
Deleting file ".\CortexM0\ARM_GCC_484\Debug\ModbusUART_PM.o"
Deleting file ".\CortexM0\ARM_GCC_484\Debug\ModbusUART_UART.o"
Deleting file ".\CortexM0\ARM_GCC_484\Debug\ModbusUART_BOOT.o"
Deleting file ".\CortexM0\ARM_GCC_484\Debug\ModbusUART_UART_BOOT.o"
Deleting file ".\CortexM0\ARM_GCC_484\Debug\ModbusUART_rx.o"
Deleting file ".\CortexM0\ARM_GCC_484\Debug\ModbusUART_SCBCLK.o"
Deleting file ".\CortexM0\ARM_GCC_484\Debug\ModbusUART_tx.o"
Deleting file ".\CortexM0\ARM_GCC_484\Debug\MessageTimerClock.o"
Deleting file ".\CortexM0\ARM_GCC_484\Debug\P0_2_LED.o"
Deleting file ".\CortexM0\ARM_GCC_484\Debug\MessageReceived.o"
Deleting file ".\CortexM0\ARM_GCC_484\Debug\EndOfMessage.o"
Deleting file ".\CortexM0\ARM_GCC_484\Debug\TimerPin.o"
Deleting file ".\CortexM0\ARM_GCC_484\Debug\writeEnable.o"
Deleting file ".\CortexM0\ARM_GCC_484\Debug\SpeedTimer.o"
Deleting file ".\CortexM0\ARM_GCC_484\Debug\SpeedTimer_PM.o"
Deleting file ".\CortexM0\ARM_GCC_484\Debug\SpeedInterrupt.o"
Deleting file ".\CortexM0\ARM_GCC_484\Debug\timer_clock.o"
Deleting file ".\CortexM0\ARM_GCC_484\Debug\I2C_MASTER.o"
Deleting file ".\CortexM0\ARM_GCC_484\Debug\I2C_MASTER_I2C_INT.o"
Deleting file ".\CortexM0\ARM_GCC_484\Debug\I2C_MASTER_I2C.o"
Deleting file ".\CortexM0\ARM_GCC_484\Debug\I2C_MASTER_I2C_BOOT.o"
Deleting file ".\CortexM0\ARM_GCC_484\Debug\I2C_MASTER_I2C_MASTER.o"
Deleting file ".\CortexM0\ARM_GCC_484\Debug\I2C_MASTER_PM.o"
Deleting file ".\CortexM0\ARM_GCC_484\Debug\I2C_MASTER_BOOT.o"
Deleting file ".\CortexM0\ARM_GCC_484\Debug\I2C_MASTER_SCBCLK.o"
Deleting file ".\CortexM0\ARM_GCC_484\Debug\I2C_MASTER_sda.o"
Deleting file ".\CortexM0\ARM_GCC_484\Debug\I2C_MASTER_scl.o"
Deleting file ".\CortexM0\ARM_GCC_484\Debug\I2C_MASTER_SCB_IRQ.o"
Deleting file ".\CortexM0\ARM_GCC_484\Debug\PSoC 4 Compass Modbus Slave.hex"
Deleting file ".\CortexM0\ARM_GCC_484\Debug\PSoC 4 Compass Modbus Slave.map"
Deleting file ".\PSoC 4 Compass Modbus Slave.cycdx"
Deleting file ".\PSoC 4 Compass Modbus Slave.svd"
Deleting file ".\PSoC 4 Compass Modbus Slave.rpt"
Deleting file ".\PSoC 4 Compass Modbus Slave_timing.html"
Deleting file ".\CortexM0\ARM_GCC_484\Debug\.deps\C_FILE.P"
Deleting file ".\CortexM0\ARM_GCC_484\Debug\.deps\ARM_C_FILE.P"
Deleting file ".\CortexM0\ARM_GCC_484\Debug\.deps\GNU_ARM_ASM_FILE.P"
cydsfit.exe -.appdatapath "C:\Users\Sam\AppData\Local\Cypress Semiconductor\PSoC Creator\3.1" -.fdsnotice -.fdswarpdepfile=warp_dependencies.txt -.fdselabdepfile=elab_dependencies.txt -.fdsbldfile=generated_files.txt -p "C:\Users\Sam\OneDrive\Github\PSoC-4-Compass-Sensor\PSoC 4 Compass Modbus Slave.cydsn\PSoC 4 Compass Modbus Slave.cyprj" -d CY8C4245AXI-483 -s "C:\Users\Sam\OneDrive\Github\PSoC-4-Compass-Sensor\PSoC 4 Compass Modbus Slave.cydsn\Generated_Source\PSoC4" -- -yv2 -q10 -ygs -o2 -v3 -.fftcfgtype=LE
Elaborating Design...
HDL Generation ...
Synthesis ...
Place and Route ...
Tech mapping ...
Analog Placement ...
Analog Routing ...
Analog Code Generation ...
Digital Placement ...
Digital Routing ...
Bitstream Generation ...
Static timing analysis ...
API Generation ...
Dependency Generation ...
Clean Temporary Files ...
arm-none-eabi-gcc.exe -mcpu=cortex-m0 -mthumb -Wno-main -I. -I.\Generated_Source\PSoC4 -Wa,-alh=.\CortexM0\ARM_GCC_484\Debug/main.lst -g -D DEBUG -Wall -ffunction-sections -O0 -c .\main.c -o .\CortexM0\ARM_GCC_484\Debug\main.o
.\main.c: In function 'main':
.\main.c:92:11: warning: unused variable 'ida' [-Wunused-variable]
     uint8 ida = 0;
           ^
.\main.c:82:9: warning: unused variable 'i' [-Wunused-variable]
     int i = 0;
         ^
arm-none-eabi-gcc.exe -mcpu=cortex-m0 -mthumb -Wno-main -I. -I.\Generated_Source\PSoC4 -Wa,-alh=.\CortexM0\ARM_GCC_484\Debug/interrupts.lst -g -D DEBUG -Wall -ffunction-sections -O0 -c .\interrupts.c -o .\CortexM0\ARM_GCC_484\Debug\interrupts.o
arm-none-eabi-gcc.exe -mcpu=cortex-m0 -mthumb -Wno-main -I. -I.\Generated_Source\PSoC4 -Wa,-alh=.\CortexM0\ARM_GCC_484\Debug/Modbus.lst -g -D DEBUG -Wall -ffunction-sections -O0 -c .\Modbus.c -o .\CortexM0\ARM_GCC_484\Debug\Modbus.o
arm-none-eabi-gcc.exe -mcpu=cortex-m0 -mthumb -Wno-main -I. -I.\Generated_Source\PSoC4 -Wa,-alh=.\CortexM0\ARM_GCC_484\Debug/i2cfunctions.lst -g -D DEBUG -Wall -ffunction-sections -O0 -c .\i2cfunctions.c -o .\CortexM0\ARM_GCC_484\Debug\i2cfunctions.o
arm-none-eabi-gcc.exe -mcpu=cortex-m0 -mthumb -Wno-main -I. -I.\Generated_Source\PSoC4 -Wa,-alh=.\CortexM0\ARM_GCC_484\Debug/hmc5883l.lst -g -D DEBUG -Wall -ffunction-sections -O0 -c .\hmc5883l.c -o .\CortexM0\ARM_GCC_484\Debug\hmc5883l.o
.\hmc5883l.c: In function 'HMC5883L_getHeadingX':
.\hmc5883l.c:302:1: warning: control reaches end of non-void function [-Wreturn-type]
 }
 ^
.\hmc5883l.c: In function 'HMC5883L_getHeadingY':
.\hmc5883l.c:313:1: warning: control reaches end of non-void function [-Wreturn-type]
 }
 ^
.\hmc5883l.c: In function 'HMC5883L_getHeadingZ':
.\hmc5883l.c:324:1: warning: control reaches end of non-void function [-Wreturn-type]
 }
 ^
.\hmc5883l.c: In function 'HMC5883L_getLockStatus':
.\hmc5883l.c:342:1: warning: control reaches end of non-void function [-Wreturn-type]
 }
 ^
arm-none-eabi-gcc.exe -mcpu=cortex-m0 -mthumb -Wno-main -I. -I.\Generated_Source\PSoC4 -Wa,-alh=.\CortexM0\ARM_GCC_484\Debug/HMC5883L-Compass.lst -g -D DEBUG -Wall -ffunction-sections -O0 -c .\HMC5883L-Compass.c -o .\CortexM0\ARM_GCC_484\Debug\HMC5883L-Compass.o
.\HMC5883L-Compass.c: In function 'HMC5883_IS_newdata':
.\HMC5883L-Compass.c:116:2: warning: implicit declaration of function 'Pin_GY86_DRDY_Read' [-Wimplicit-function-declaration]
  if(Pin_GY86_DRDY_Read() == ON)
  ^
arm-none-eabi-gcc.exe -mcpu=cortex-m0 -mthumb -Wno-main -I. -I.\Generated_Source\PSoC4 -Wa,-alh=.\CortexM0\ARM_GCC_484\Debug/i2c.lst -g -D DEBUG -Wall -ffunction-sections -O0 -c .\i2c.c -o .\CortexM0\ARM_GCC_484\Debug\i2c.o
arm-none-eabi-gcc.exe -mcpu=cortex-m0 -mthumb -Wno-main -I. -I.\Generated_Source\PSoC4 -Wa,-alh=.\CortexM0\ARM_GCC_484\Debug/cyfitter_cfg.lst -g -D DEBUG -Wall -ffunction-sections -O0 -c .\Generated_Source\PSoC4\cyfitter_cfg.c -o .\CortexM0\ARM_GCC_484\Debug\cyfitter_cfg.o
arm-none-eabi-gcc.exe -mcpu=cortex-m0 -mthumb -Wno-main -I. -I.\Generated_Source\PSoC4 -Wa,-alh=.\CortexM0\ARM_GCC_484\Debug/cymetadata.lst -g -D DEBUG -Wall -ffunction-sections -O0 -c .\Generated_Source\PSoC4\cymetadata.c -o .\CortexM0\ARM_GCC_484\Debug\cymetadata.o
arm-none-eabi-gcc.exe -mcpu=cortex-m0 -mthumb -Wno-main -I. -I.\Generated_Source\PSoC4 -Wa,-alh=.\CortexM0\ARM_GCC_484\Debug/Cm0Start.lst -g -D DEBUG -Wall -ffunction-sections -O0 -c .\Generated_Source\PSoC4\Cm0Start.c -o .\CortexM0\ARM_GCC_484\Debug\Cm0Start.o
arm-none-eabi-as.exe -mcpu=cortex-m0 -mthumb -I. -I.\Generated_Source\PSoC4 -alh=.\CortexM0\ARM_GCC_484\Debug/CyBootAsmGnu.lst -g -o .\CortexM0\ARM_GCC_484\Debug\CyBootAsmGnu.o .\Generated_Source\PSoC4\CyBootAsmGnu.s
arm-none-eabi-gcc.exe -mcpu=cortex-m0 -mthumb -Wno-main -I. -I.\Generated_Source\PSoC4 -Wa,-alh=.\CortexM0\ARM_GCC_484\Debug/CyFlash.lst -g -D DEBUG -Wall -ffunction-sections -O0 -c .\Generated_Source\PSoC4\CyFlash.c -o .\CortexM0\ARM_GCC_484\Debug\CyFlash.o
arm-none-eabi-gcc.exe -mcpu=cortex-m0 -mthumb -Wno-main -I. -I.\Generated_Source\PSoC4 -Wa,-alh=.\CortexM0\ARM_GCC_484\Debug/CyLib.lst -g -D DEBUG -Wall -ffunction-sections -O0 -c .\Generated_Source\PSoC4\CyLib.c -o .\CortexM0\ARM_GCC_484\Debug\CyLib.o
arm-none-eabi-gcc.exe -mcpu=cortex-m0 -mthumb -Wno-main -I. -I.\Generated_Source\PSoC4 -Wa,-alh=.\CortexM0\ARM_GCC_484\Debug/cyPm.lst -g -D DEBUG -Wall -ffunction-sections -O0 -c .\Generated_Source\PSoC4\cyPm.c -o .\CortexM0\ARM_GCC_484\Debug\cyPm.o
arm-none-eabi-gcc.exe -mcpu=cortex-m0 -mthumb -Wno-main -I. -I.\Generated_Source\PSoC4 -Wa,-alh=.\CortexM0\ARM_GCC_484\Debug/cyutils.lst -g -D DEBUG -Wall -ffunction-sections -O0 -c .\Generated_Source\PSoC4\cyutils.c -o .\CortexM0\ARM_GCC_484\Debug\cyutils.o
arm-none-eabi-gcc.exe -mcpu=cortex-m0 -mthumb -Wno-main -I. -I.\Generated_Source\PSoC4 -Wa,-alh=.\CortexM0\ARM_GCC_484\Debug/TX_LED.lst -g -D DEBUG -Wall -ffunction-sections -O0 -c .\Generated_Source\PSoC4\TX_LED.c -o .\CortexM0\ARM_GCC_484\Debug\TX_LED.o
arm-none-eabi-gcc.exe -mcpu=cortex-m0 -mthumb -Wno-main -I. -I.\Generated_Source\PSoC4 -Wa,-alh=.\CortexM0\ARM_GCC_484\Debug/RX_LED.lst -g -D DEBUG -Wall -ffunction-sections -O0 -c .\Generated_Source\PSoC4\RX_LED.c -o .\CortexM0\ARM_GCC_484\Debug\RX_LED.o
arm-none-eabi-gcc.exe -mcpu=cortex-m0 -mthumb -Wno-main -I. -I.\Generated_Source\PSoC4 -Wa,-alh=.\CortexM0\ARM_GCC_484\Debug/MessageTimer.lst -g -D DEBUG -Wall -ffunction-sections -O0 -c .\Generated_Source\PSoC4\MessageTimer.c -o .\CortexM0\ARM_GCC_484\Debug\MessageTimer.o
arm-none-eabi-gcc.exe -mcpu=cortex-m0 -mthumb -Wno-main -I. -I.\Generated_Source\PSoC4 -Wa,-alh=.\CortexM0\ARM_GCC_484\Debug/MessageTimer_PM.lst -g -D DEBUG -Wall -ffunction-sections -O0 -c .\Generated_Source\PSoC4\MessageTimer_PM.c -o .\CortexM0\ARM_GCC_484\Debug\MessageTimer_PM.o
arm-none-eabi-gcc.exe -mcpu=cortex-m0 -mthumb -Wno-main -I. -I.\Generated_Source\PSoC4 -Wa,-alh=.\CortexM0\ARM_GCC_484\Debug/ModbusUART.lst -g -D DEBUG -Wall -ffunction-sections -O0 -c .\Generated_Source\PSoC4\ModbusUART.c -o .\CortexM0\ARM_GCC_484\Debug\ModbusUART.o
arm-none-eabi-gcc.exe -mcpu=cortex-m0 -mthumb -Wno-main -I. -I.\Generated_Source\PSoC4 -Wa,-alh=.\CortexM0\ARM_GCC_484\Debug/ModbusUART_SPI_UART.lst -g -D DEBUG -Wall -ffunction-sections -O0 -c .\Generated_Source\PSoC4\ModbusUART_SPI_UART.c -o .\CortexM0\ARM_GCC_484\Debug\ModbusUART_SPI_UART.o
arm-none-eabi-gcc.exe -mcpu=cortex-m0 -mthumb -Wno-main -I. -I.\Generated_Source\PSoC4 -Wa,-alh=.\CortexM0\ARM_GCC_484\Debug/ModbusUART_SPI_UART_INT.lst -g -D DEBUG -Wall -ffunction-sections -O0 -c .\Generated_Source\PSoC4\ModbusUART_SPI_UART_INT.c -o .\CortexM0\ARM_GCC_484\Debug\ModbusUART_SPI_UART_INT.o
arm-none-eabi-gcc.exe -mcpu=cortex-m0 -mthumb -Wno-main -I. -I.\Generated_Source\PSoC4 -Wa,-alh=.\CortexM0\ARM_GCC_484\Debug/ModbusUART_PM.lst -g -D DEBUG -Wall -ffunction-sections -O0 -c .\Generated_Source\PSoC4\ModbusUART_PM.c -o .\CortexM0\ARM_GCC_484\Debug\ModbusUART_PM.o
arm-none-eabi-gcc.exe -mcpu=cortex-m0 -mthumb -Wno-main -I. -I.\Generated_Source\PSoC4 -Wa,-alh=.\CortexM0\ARM_GCC_484\Debug/ModbusUART_UART.lst -g -D DEBUG -Wall -ffunction-sections -O0 -c .\Generated_Source\PSoC4\ModbusUART_UART.c -o .\CortexM0\ARM_GCC_484\Debug\ModbusUART_UART.o
arm-none-eabi-gcc.exe -mcpu=cortex-m0 -mthumb -Wno-main -I. -I.\Generated_Source\PSoC4 -Wa,-alh=.\CortexM0\ARM_GCC_484\Debug/ModbusUART_BOOT.lst -g -D DEBUG -Wall -ffunction-sections -O0 -c .\Generated_Source\PSoC4\ModbusUART_BOOT.c -o .\CortexM0\ARM_GCC_484\Debug\ModbusUART_BOOT.o
arm-none-eabi-gcc.exe -mcpu=cortex-m0 -mthumb -Wno-main -I. -I.\Generated_Source\PSoC4 -Wa,-alh=.\CortexM0\ARM_GCC_484\Debug/ModbusUART_UART_BOOT.lst -g -D DEBUG -Wall -ffunction-sections -O0 -c .\Generated_Source\PSoC4\ModbusUART_UART_BOOT.c -o .\CortexM0\ARM_GCC_484\Debug\ModbusUART_UART_BOOT.o
arm-none-eabi-gcc.exe -mcpu=cortex-m0 -mthumb -Wno-main -I. -I.\Generated_Source\PSoC4 -Wa,-alh=.\CortexM0\ARM_GCC_484\Debug/ModbusUART_rx.lst -g -D DEBUG -Wall -ffunction-sections -O0 -c .\Generated_Source\PSoC4\ModbusUART_rx.c -o .\CortexM0\ARM_GCC_484\Debug\ModbusUART_rx.o
arm-none-eabi-gcc.exe -mcpu=cortex-m0 -mthumb -Wno-main -I. -I.\Generated_Source\PSoC4 -Wa,-alh=.\CortexM0\ARM_GCC_484\Debug/ModbusUART_SCBCLK.lst -g -D DEBUG -Wall -ffunction-sections -O0 -c .\Generated_Source\PSoC4\ModbusUART_SCBCLK.c -o .\CortexM0\ARM_GCC_484\Debug\ModbusUART_SCBCLK.o
arm-none-eabi-gcc.exe -mcpu=cortex-m0 -mthumb -Wno-main -I. -I.\Generated_Source\PSoC4 -Wa,-alh=.\CortexM0\ARM_GCC_484\Debug/ModbusUART_tx.lst -g -D DEBUG -Wall -ffunction-sections -O0 -c .\Generated_Source\PSoC4\ModbusUART_tx.c -o .\CortexM0\ARM_GCC_484\Debug\ModbusUART_tx.o
arm-none-eabi-gcc.exe -mcpu=cortex-m0 -mthumb -Wno-main -I. -I.\Generated_Source\PSoC4 -Wa,-alh=.\CortexM0\ARM_GCC_484\Debug/MessageTimerClock.lst -g -D DEBUG -Wall -ffunction-sections -O0 -c .\Generated_Source\PSoC4\MessageTimerClock.c -o .\CortexM0\ARM_GCC_484\Debug\MessageTimerClock.o
arm-none-eabi-gcc.exe -mcpu=cortex-m0 -mthumb -Wno-main -I. -I.\Generated_Source\PSoC4 -Wa,-alh=.\CortexM0\ARM_GCC_484\Debug/P0_2_LED.lst -g -D DEBUG -Wall -ffunction-sections -O0 -c .\Generated_Source\PSoC4\P0_2_LED.c -o .\CortexM0\ARM_GCC_484\Debug\P0_2_LED.o
arm-none-eabi-gcc.exe -mcpu=cortex-m0 -mthumb -Wno-main -I. -I.\Generated_Source\PSoC4 -Wa,-alh=.\CortexM0\ARM_GCC_484\Debug/MessageReceived.lst -g -D DEBUG -Wall -ffunction-sections -O0 -c .\Generated_Source\PSoC4\MessageReceived.c -o .\CortexM0\ARM_GCC_484\Debug\MessageReceived.o
arm-none-eabi-gcc.exe -mcpu=cortex-m0 -mthumb -Wno-main -I. -I.\Generated_Source\PSoC4 -Wa,-alh=.\CortexM0\ARM_GCC_484\Debug/EndOfMessage.lst -g -D DEBUG -Wall -ffunction-sections -O0 -c .\Generated_Source\PSoC4\EndOfMessage.c -o .\CortexM0\ARM_GCC_484\Debug\EndOfMessage.o
arm-none-eabi-gcc.exe -mcpu=cortex-m0 -mthumb -Wno-main -I. -I.\Generated_Source\PSoC4 -Wa,-alh=.\CortexM0\ARM_GCC_484\Debug/TimerPin.lst -g -D DEBUG -Wall -ffunction-sections -O0 -c .\Generated_Source\PSoC4\TimerPin.c -o .\CortexM0\ARM_GCC_484\Debug\TimerPin.o
arm-none-eabi-gcc.exe -mcpu=cortex-m0 -mthumb -Wno-main -I. -I.\Generated_Source\PSoC4 -Wa,-alh=.\CortexM0\ARM_GCC_484\Debug/writeEnable.lst -g -D DEBUG -Wall -ffunction-sections -O0 -c .\Generated_Source\PSoC4\writeEnable.c -o .\CortexM0\ARM_GCC_484\Debug\writeEnable.o
arm-none-eabi-gcc.exe -mcpu=cortex-m0 -mthumb -Wno-main -I. -I.\Generated_Source\PSoC4 -Wa,-alh=.\CortexM0\ARM_GCC_484\Debug/SpeedTimer.lst -g -D DEBUG -Wall -ffunction-sections -O0 -c .\Generated_Source\PSoC4\SpeedTimer.c -o .\CortexM0\ARM_GCC_484\Debug\SpeedTimer.o
arm-none-eabi-gcc.exe -mcpu=cortex-m0 -mthumb -Wno-main -I. -I.\Generated_Source\PSoC4 -Wa,-alh=.\CortexM0\ARM_GCC_484\Debug/SpeedTimer_PM.lst -g -D DEBUG -Wall -ffunction-sections -O0 -c .\Generated_Source\PSoC4\SpeedTimer_PM.c -o .\CortexM0\ARM_GCC_484\Debug\SpeedTimer_PM.o
arm-none-eabi-gcc.exe -mcpu=cortex-m0 -mthumb -Wno-main -I. -I.\Generated_Source\PSoC4 -Wa,-alh=.\CortexM0\ARM_GCC_484\Debug/SpeedInterrupt.lst -g -D DEBUG -Wall -ffunction-sections -O0 -c .\Generated_Source\PSoC4\SpeedInterrupt.c -o .\CortexM0\ARM_GCC_484\Debug\SpeedInterrupt.o
arm-none-eabi-gcc.exe -mcpu=cortex-m0 -mthumb -Wno-main -I. -I.\Generated_Source\PSoC4 -Wa,-alh=.\CortexM0\ARM_GCC_484\Debug/timer_clock.lst -g -D DEBUG -Wall -ffunction-sections -O0 -c .\Generated_Source\PSoC4\timer_clock.c -o .\CortexM0\ARM_GCC_484\Debug\timer_clock.o
arm-none-eabi-gcc.exe -mcpu=cortex-m0 -mthumb -Wno-main -I. -I.\Generated_Source\PSoC4 -Wa,-alh=.\CortexM0\ARM_GCC_484\Debug/I2C_MASTER.lst -g -D DEBUG -Wall -ffunction-sections -O0 -c .\Generated_Source\PSoC4\I2C_MASTER.c -o .\CortexM0\ARM_GCC_484\Debug\I2C_MASTER.o
arm-none-eabi-gcc.exe -mcpu=cortex-m0 -mthumb -Wno-main -I. -I.\Generated_Source\PSoC4 -Wa,-alh=.\CortexM0\ARM_GCC_484\Debug/I2C_MASTER_I2C_INT.lst -g -D DEBUG -Wall -ffunction-sections -O0 -c .\Generated_Source\PSoC4\I2C_MASTER_I2C_INT.c -o .\CortexM0\ARM_GCC_484\Debug\I2C_MASTER_I2C_INT.o
arm-none-eabi-gcc.exe -mcpu=cortex-m0 -mthumb -Wno-main -I. -I.\Generated_Source\PSoC4 -Wa,-alh=.\CortexM0\ARM_GCC_484\Debug/I2C_MASTER_I2C.lst -g -D DEBUG -Wall -ffunction-sections -O0 -c .\Generated_Source\PSoC4\I2C_MASTER_I2C.c -o .\CortexM0\ARM_GCC_484\Debug\I2C_MASTER_I2C.o
arm-none-eabi-gcc.exe -mcpu=cortex-m0 -mthumb -Wno-main -I. -I.\Generated_Source\PSoC4 -Wa,-alh=.\CortexM0\ARM_GCC_484\Debug/I2C_MASTER_I2C_BOOT.lst -g -D DEBUG -Wall -ffunction-sections -O0 -c .\Generated_Source\PSoC4\I2C_MASTER_I2C_BOOT.c -o .\CortexM0\ARM_GCC_484\Debug\I2C_MASTER_I2C_BOOT.o
arm-none-eabi-gcc.exe -mcpu=cortex-m0 -mthumb -Wno-main -I. -I.\Generated_Source\PSoC4 -Wa,-alh=.\CortexM0\ARM_GCC_484\Debug/I2C_MASTER_I2C_MASTER.lst -g -D DEBUG -Wall -ffunction-sections -O0 -c .\Generated_Source\PSoC4\I2C_MASTER_I2C_MASTER.c -o .\CortexM0\ARM_GCC_484\Debug\I2C_MASTER_I2C_MASTER.o
arm-none-eabi-gcc.exe -mcpu=cortex-m0 -mthumb -Wno-main -I. -I.\Generated_Source\PSoC4 -Wa,-alh=.\CortexM0\ARM_GCC_484\Debug/I2C_MASTER_PM.lst -g -D DEBUG -Wall -ffunction-sections -O0 -c .\Generated_Source\PSoC4\I2C_MASTER_PM.c -o .\CortexM0\ARM_GCC_484\Debug\I2C_MASTER_PM.o
arm-none-eabi-gcc.exe -mcpu=cortex-m0 -mthumb -Wno-main -I. -I.\Generated_Source\PSoC4 -Wa,-alh=.\CortexM0\ARM_GCC_484\Debug/I2C_MASTER_BOOT.lst -g -D DEBUG -Wall -ffunction-sections -O0 -c .\Generated_Source\PSoC4\I2C_MASTER_BOOT.c -o .\CortexM0\ARM_GCC_484\Debug\I2C_MASTER_BOOT.o
arm-none-eabi-gcc.exe -mcpu=cortex-m0 -mthumb -Wno-main -I. -I.\Generated_Source\PSoC4 -Wa,-alh=.\CortexM0\ARM_GCC_484\Debug/I2C_MASTER_SCBCLK.lst -g -D DEBUG -Wall -ffunction-sections -O0 -c .\Generated_Source\PSoC4\I2C_MASTER_SCBCLK.c -o .\CortexM0\ARM_GCC_484\Debug\I2C_MASTER_SCBCLK.o
arm-none-eabi-gcc.exe -mcpu=cortex-m0 -mthumb -Wno-main -I. -I.\Generated_Source\PSoC4 -Wa,-alh=.\CortexM0\ARM_GCC_484\Debug/I2C_MASTER_sda.lst -g -D DEBUG -Wall -ffunction-sections -O0 -c .\Generated_Source\PSoC4\I2C_MASTER_sda.c -o .\CortexM0\ARM_GCC_484\Debug\I2C_MASTER_sda.o
arm-none-eabi-gcc.exe -mcpu=cortex-m0 -mthumb -Wno-main -I. -I.\Generated_Source\PSoC4 -Wa,-alh=.\CortexM0\ARM_GCC_484\Debug/I2C_MASTER_scl.lst -g -D DEBUG -Wall -ffunction-sections -O0 -c .\Generated_Source\PSoC4\I2C_MASTER_scl.c -o .\CortexM0\ARM_GCC_484\Debug\I2C_MASTER_scl.o
arm-none-eabi-gcc.exe -mcpu=cortex-m0 -mthumb -Wno-main -I. -I.\Generated_Source\PSoC4 -Wa,-alh=.\CortexM0\ARM_GCC_484\Debug/I2C_MASTER_SCB_IRQ.lst -g -D DEBUG -Wall -ffunction-sections -O0 -c .\Generated_Source\PSoC4\I2C_MASTER_SCB_IRQ.c -o .\CortexM0\ARM_GCC_484\Debug\I2C_MASTER_SCB_IRQ.o
arm-none-eabi-ar.exe -rs ".\CortexM0\ARM_GCC_484\Debug\PSoC 4 Compass Modbus Slave.a" .\CortexM0\ARM_GCC_484\Debug\cyfitter_cfg.o .\CortexM0\ARM_GCC_484\Debug\CyBootAsmGnu.o .\CortexM0\ARM_GCC_484\Debug\CyFlash.o .\CortexM0\ARM_GCC_484\Debug\CyLib.o .\CortexM0\ARM_GCC_484\Debug\cyPm.o .\CortexM0\ARM_GCC_484\Debug\cyutils.o .\CortexM0\ARM_GCC_484\Debug\TX_LED.o .\CortexM0\ARM_GCC_484\Debug\RX_LED.o .\CortexM0\ARM_GCC_484\Debug\MessageTimer.o .\CortexM0\ARM_GCC_484\Debug\MessageTimer_PM.o .\CortexM0\ARM_GCC_484\Debug\ModbusUART.o .\CortexM0\ARM_GCC_484\Debug\ModbusUART_SPI_UART.o .\CortexM0\ARM_GCC_484\Debug\ModbusUART_SPI_UART_INT.o .\CortexM0\ARM_GCC_484\Debug\ModbusUART_PM.o .\CortexM0\ARM_GCC_484\Debug\ModbusUART_UART.o .\CortexM0\ARM_GCC_484\Debug\ModbusUART_BOOT.o .\CortexM0\ARM_GCC_484\Debug\ModbusUART_UART_BOOT.o .\CortexM0\ARM_GCC_484\Debug\ModbusUART_rx.o .\CortexM0\ARM_GCC_484\Debug\ModbusUART_SCBCLK.o .\CortexM0\ARM_GCC_484\Debug\ModbusUART_tx.o .\CortexM0\ARM_GCC_484\Debug\MessageTimerClock.o .\CortexM0\ARM_GCC_484\Debug\P0_2_LED.o .\CortexM0\ARM_GCC_484\Debug\MessageReceived.o .\CortexM0\ARM_GCC_484\Debug\EndOfMessage.o .\CortexM0\ARM_GCC_484\Debug\TimerPin.o .\CortexM0\ARM_GCC_484\Debug\writeEnable.o .\CortexM0\ARM_GCC_484\Debug\SpeedTimer.o .\CortexM0\ARM_GCC_484\Debug\SpeedTimer_PM.o .\CortexM0\ARM_GCC_484\Debug\SpeedInterrupt.o .\CortexM0\ARM_GCC_484\Debug\timer_clock.o .\CortexM0\ARM_GCC_484\Debug\I2C_MASTER.o .\CortexM0\ARM_GCC_484\Debug\I2C_MASTER_I2C_INT.o .\CortexM0\ARM_GCC_484\Debug\I2C_MASTER_I2C.o .\CortexM0\ARM_GCC_484\Debug\I2C_MASTER_I2C_BOOT.o .\CortexM0\ARM_GCC_484\Debug\I2C_MASTER_I2C_MASTER.o .\CortexM0\ARM_GCC_484\Debug\I2C_MASTER_PM.o .\CortexM0\ARM_GCC_484\Debug\I2C_MASTER_BOOT.o .\CortexM0\ARM_GCC_484\Debug\I2C_MASTER_SCBCLK.o .\CortexM0\ARM_GCC_484\Debug\I2C_MASTER_sda.o .\CortexM0\ARM_GCC_484\Debug\I2C_MASTER_scl.o .\CortexM0\ARM_GCC_484\Debug\I2C_MASTER_SCB_IRQ.o
arm-none-eabi-ar.exe: creating .\CortexM0\ARM_GCC_484\Debug\PSoC 4 Compass Modbus Slave.a
arm-none-eabi-gcc.exe -Wl,--start-group -o ".\CortexM0\ARM_GCC_484\Debug\PSoC 4 Compass Modbus Slave.elf" .\CortexM0\ARM_GCC_484\Debug\main.o .\CortexM0\ARM_GCC_484\Debug\interrupts.o .\CortexM0\ARM_GCC_484\Debug\Modbus.o .\CortexM0\ARM_GCC_484\Debug\i2cfunctions.o .\CortexM0\ARM_GCC_484\Debug\hmc5883l.o .\CortexM0\ARM_GCC_484\Debug\HMC5883L-Compass.o .\CortexM0\ARM_GCC_484\Debug\i2c.o .\CortexM0\ARM_GCC_484\Debug\cymetadata.o .\CortexM0\ARM_GCC_484\Debug\Cm0Start.o ".\CortexM0\ARM_GCC_484\Debug\PSoC 4 Compass Modbus Slave.a" "C:\Program Files (x86)\Cypress\PSoC Creator\3.1\PSoC Creator\psoc\content\cycomponentlibrary\CyComponentLibrary.cylib\CortexM0\ARM_GCC_484\Debug\CyComponentLibrary.a" -mthumb -march=armv6-m "-Wl,-Map,.\CortexM0\ARM_GCC_484\Debug/PSoC 4 Compass Modbus Slave.map" -T .\Generated_Source\PSoC4\cm0gcc.ld -g -specs=nano.specs "-u _printf_float" "" -Wl,--gc-sections -Wl,--end-group
ERROR: Warning: alignment 1 of symbol `z' in .\CortexM0\ARM_GCC_484\Debug\Modbus.o is smaller than 8 in .\CortexM0\ARM_GCC_484\Debug\main.oERROR: Warning: size of symbol `z' changed from 8 in .\CortexM0\ARM_GCC_484\Debug\main.o to 1 in .\CortexM0\ARM_GCC_484\Debug\Modbus.o.\CortexM0\ARM_GCC_484\Debug\main.o: In function `main':
C:\Users\Sam\OneDrive\Github\PSoC-4-Compass-Sensor\PSoC 4 Compass Modbus Slave.cydsn/.\main.c:121: undefined reference to `atan2'
collect2.exe: error: ld returned 1 exit status
The command 'arm-none-eabi-gcc.exe' failed with exit code '1'.
--------------- Rebuild Failed: 03/03/2015 20:03:06 ---------------
